<?xml version="1.0" encoding="UTF-8"?>
<coverage generated="1786021536226" clover="3.2.0">
  <project timestamp="1786021536226" name="All files">
    <metrics statements="430" coveredstatements="424" conditionals="608" coveredconditionals="516" methods="116" coveredmethods="110" elements="1154" coveredelements="1050" complexity="0" loc="430" ncloc="430" packages="6" files="12" classes="12"/>
    <package name="components.cart">
      <metrics statements="47" coveredstatements="47" conditionals="37" coveredconditionals="34" methods="17" coveredmethods="15"/>
      <file name="cartErrors.ts" path="C:\Users\HUAWEI\Desktop\nubian_platform\apps\mobile\components\cart\cartErrors.ts">
        <metrics statements="13" coveredstatements="13" conditionals="27" coveredconditionals="25" methods="1" coveredmethods="1"/>
        <line num="20" count="15" type="cond" truecount="2" falsecount="0"/>
        <line num="22" count="13" type="stmt"/>
        <line num="23" count="13" type="stmt"/>
        <line num="24" count="13" type="cond" truecount="2" falsecount="1"/>
        <line num="26" count="13" type="cond" truecount="4" falsecount="0"/>
        <line num="27" count="11" type="cond" truecount="2" falsecount="0"/>
        <line num="29" count="10" type="cond" truecount="2" falsecount="0"/>
        <line num="30" count="9" type="cond" truecount="2" falsecount="0"/>
        <line num="31" count="8" type="cond" truecount="2" falsecount="0"/>
        <line num="34" count="7" type="cond" truecount="2" falsecount="0"/>
        <line num="40" count="4" type="stmt"/>
        <line num="43" count="3" type="cond" truecount="1" falsecount="1"/>
        <line num="45" count="3" type="stmt"/>
      </file>
      <file name="cartFeedback.ts" path="C:\Users\HUAWEI\Desktop\nubian_platform\apps\mobile\components\cart\cartFeedback.ts">
        <metrics statements="34" coveredstatements="34" conditionals="10" coveredconditionals="9" methods="16" coveredmethods="14"/>
        <line num="38" count="1" type="stmt"/>
        <line num="39" count="1" type="stmt"/>
        <line num="40" count="1" type="stmt"/>
        <line num="43" count="1" type="stmt"/>
        <line num="45" count="1" type="stmt"/>
        <line num="46" count="6" type="stmt"/>
        <line num="52" count="6" type="stmt"/>
        <line num="56" count="2" type="stmt"/>
        <line num="62" count="8" type="stmt"/>
        <line num="63" count="8" type="stmt"/>
        <line num="72" count="8" type="cond" truecount="2" falsecount="0"/>
        <line num="73" count="7" type="stmt"/>
        <line num="74" count="7" type="cond" truecount="2" falsecount="0"/>
        <line num="75" count="6" type="cond" truecount="2" falsecount="0"/>
        <line num="77" count="5" type="stmt"/>
        <line num="83" count="5" type="stmt"/>
        <line num="84" count="7" type="stmt"/>
        <line num="85" count="7" type="stmt"/>
        <line num="95" count="1" type="stmt"/>
        <line num="96" count="1" type="stmt"/>
        <line num="101" count="2" type="stmt"/>
        <line num="102" count="2" type="stmt"/>
        <line num="103" count="2" type="stmt"/>
        <line num="113" count="1" type="stmt"/>
        <line num="114" count="1" type="stmt"/>
        <line num="120" count="1" type="cond" truecount="1" falsecount="1"/>
        <line num="121" count="1" type="stmt"/>
        <line num="122" count="1" type="stmt"/>
        <line num="123" count="1" type="stmt"/>
        <line num="124" count="1" type="stmt"/>
        <line num="133" count="9" type="stmt"/>
        <line num="134" count="9" type="stmt"/>
        <line num="135" count="9" type="stmt"/>
        <line num="136" count="9" type="stmt"/>
      </file>
    </package>
    <package name="components.ui.kit">
      <metrics statements="6" coveredstatements="6" conditionals="8" coveredconditionals="8" methods="2" coveredmethods="2"/>
      <file name="priceDisplay.ts" path="C:\Users\HUAWEI\Desktop\nubian_platform\apps\mobile\components\ui\kit\priceDisplay.ts">
        <metrics statements="6" coveredstatements="6" conditionals="8" coveredconditionals="8" methods="2" coveredmethods="2"/>
        <line num="45" count="18" type="stmt"/>
        <line num="47" count="18" type="cond" truecount="2" falsecount="0"/>
        <line num="49" count="15" type="cond" truecount="4" falsecount="0"/>
        <line num="50" count="10" type="stmt"/>
        <line num="53" count="5" type="stmt"/>
        <line num="66" count="10" type="cond" truecount="2" falsecount="0"/>
      </file>
    </package>
    <package name="domain.pricing">
      <metrics statements="68" coveredstatements="68" conditionals="144" coveredconditionals="121" methods="15" coveredmethods="15"/>
      <file name="pricing.engine.ts" path="C:\Users\HUAWEI\Desktop\nubian_platform\apps\mobile\domain\pricing\pricing.engine.ts">
        <metrics statements="68" coveredstatements="68" conditionals="144" coveredconditionals="121" methods="15" coveredmethods="15"/>
        <line num="19" count="9" type="cond" truecount="1" falsecount="1"/>
        <line num="20" count="9" type="stmt"/>
        <line num="22" count="9" type="cond" truecount="2" falsecount="0"/>
        <line num="23" count="5" type="cond" truecount="2" falsecount="0"/>
        <line num="24" count="3" type="stmt"/>
        <line num="26" count="2" type="stmt"/>
        <line num="29" count="4" type="stmt"/>
        <line num="43" count="3" type="cond" truecount="1" falsecount="1"/>
        <line num="45" count="3" type="cond" truecount="3" falsecount="0"/>
        <line num="49" count="3" type="cond" truecount="4" falsecount="0"/>
        <line num="50" count="1" type="stmt"/>
        <line num="52" count="1" type="cond" truecount="3" falsecount="0"/>
        <line num="55" count="1" type="stmt"/>
        <line num="73" count="2" type="stmt"/>
        <line num="74" count="4" type="stmt"/>
        <line num="75" count="3" type="stmt"/>
        <line num="76" count="3" type="stmt"/>
        <line num="77" count="1" type="stmt"/>
        <line num="79" count="2" type="stmt"/>
        <line num="80" count="2" type="cond" truecount="2" falsecount="0"/>
        <line num="81" count="1" type="stmt"/>
        <line num="85" count="1" type="stmt"/>
        <line num="99" count="5" type="cond" truecount="1" falsecount="2"/>
        <line num="101" count="5" type="cond" truecount="4" falsecount="0"/>
        <line num="102" count="3" type="stmt"/>
        <line num="103" count="3" type="cond" truecount="3" falsecount="0"/>
        <line num="104" count="3" type="stmt"/>
        <line num="123" count="2" type="stmt"/>
        <line num="137" count="4" type="cond" truecount="1" falsecount="1"/>
        <line num="138" count="4" type="cond" truecount="1" falsecount="1"/>
        <line num="143" count="4" type="cond" truecount="3" falsecount="0"/>
        <line num="147" count="4" type="cond" truecount="4" falsecount="0"/>
        <line num="148" count="2" type="stmt"/>
        <line num="150" count="2" type="cond" truecount="3" falsecount="0"/>
        <line num="153" count="2" type="stmt"/>
        <line num="168" count="2" type="stmt"/>
        <line num="185" count="4" type="cond" truecount="1" falsecount="1"/>
        <line num="186" count="4" type="stmt"/>
        <line num="188" count="4" type="cond" truecount="2" falsecount="0"/>
        <line num="189" count="2" type="cond" truecount="1" falsecount="1"/>
        <line num="192" count="2" type="cond" truecount="4" falsecount="0"/>
        <line num="196" count="2" type="cond" truecount="4" falsecount="0"/>
        <line num="198" count="2" type="cond" truecount="2" falsecount="0"/>
        <line num="199" count="1" type="stmt"/>
        <line num="200" count="3" type="stmt"/>
        <line num="201" count="2" type="cond" truecount="1" falsecount="3"/>
        <line num="202" count="2" type="stmt"/>
        <line num="203" count="1" type="cond" truecount="1" falsecount="1"/>
        <line num="206" count="2" type="stmt"/>
        <line num="209" count="2" type="cond" truecount="1" falsecount="1"/>
        <line num="211" count="2" type="cond" truecount="4" falsecount="0"/>
        <line num="215" count="2" type="cond" truecount="3" falsecount="1"/>
        <line num="216" count="2" type="stmt"/>
        <line num="231" count="6" type="stmt"/>
        <line num="234" count="6" type="cond" truecount="4" falsecount="0"/>
        <line num="239" count="6" type="cond" truecount="4" falsecount="0"/>
        <line num="245" count="6" type="stmt"/>
        <line num="267" count="5" type="stmt"/>
        <line num="269" count="5" type="stmt"/>
        <line num="270" count="5" type="stmt"/>
        <line num="271" count="5" type="cond" truecount="2" falsecount="2"/>
        <line num="273" count="5" type="cond" truecount="5" falsecount="0"/>
        <line num="274" count="1" type="stmt"/>
        <line num="277" count="5" type="stmt"/>
        <line num="278" count="5" type="stmt"/>
        <line num="279" count="5" type="cond" truecount="4" falsecount="0"/>
        <line num="281" count="5" type="stmt"/>
        <line num="293" count="10" type="cond" truecount="2" falsecount="0"/>
      </file>
    </package>
    <package name="domain.product">
      <metrics statements="59" coveredstatements="59" conditionals="227" coveredconditionals="203" methods="15" coveredmethods="15"/>
      <file name="product.normalize.ts" path="C:\Users\HUAWEI\Desktop\nubian_platform\apps\mobile\domain\product\product.normalize.ts">
        <metrics statements="59" coveredstatements="59" conditionals="227" coveredconditionals="203" methods="15" coveredmethods="15"/>
        <line num="112" count="1118" type="cond" truecount="3" falsecount="1"/>
        <line num="116" count="99" type="cond" truecount="2" falsecount="0"/>
        <line num="127" count="1836" type="cond" truecount="5" falsecount="0"/>
        <line num="128" count="407" type="cond" truecount="3" falsecount="1"/>
        <line num="129" count="407" type="stmt"/>
        <line num="130" count="407" type="cond" truecount="1" falsecount="1"/>
        <line num="141" count="27" type="cond" truecount="4" falsecount="0"/>
        <line num="145" count="87" type="cond" truecount="2" falsecount="0"/>
        <line num="149" count="139" type="cond" truecount="2" falsecount="0"/>
        <line num="150" count="112" type="stmt"/>
        <line num="154" count="40" type="cond" truecount="2" falsecount="0"/>
        <line num="156" count="39" type="stmt"/>
        <line num="159" count="39" type="cond" truecount="2" falsecount="0"/>
        <line num="160" count="9" type="stmt"/>
        <line num="161" count="12" type="cond" truecount="4" falsecount="0"/>
        <line num="162" count="7" type="cond" truecount="3" falsecount="0"/>
        <line num="165" count="7" type="cond" truecount="4" falsecount="0"/>
        <line num="167" count="7" type="cond" truecount="4" falsecount="0"/>
        <line num="168" count="5" type="cond" truecount="5" falsecount="0"/>
        <line num="169" count="2" type="stmt"/>
        <line num="170" count="2" type="stmt"/>
        <line num="171" count="2" type="cond" truecount="3" falsecount="1"/>
        <line num="174" count="9" type="stmt"/>
        <line num="177" count="30" type="cond" truecount="2" falsecount="0"/>
        <line num="179" count="29" type="cond" truecount="2" falsecount="0"/>
        <line num="180" count="29" type="stmt"/>
        <line num="181" count="29" type="stmt"/>
        <line num="182" count="29" type="stmt"/>
        <line num="183" count="29" type="cond" truecount="3" falsecount="1"/>
        <line num="185" count="29" type="stmt"/>
        <line num="188" count="1" type="stmt"/>
        <line num="192" count="212" type="cond" truecount="4" falsecount="0"/>
        <line num="193" count="145" type="cond" truecount="3" falsecount="1"/>
        <line num="194" count="145" type="stmt"/>
        <line num="207" count="98" type="cond" truecount="4" falsecount="0"/>
        <line num="208" count="53" type="stmt"/>
        <line num="223" count="40" type="cond" truecount="2" falsecount="0"/>
        <line num="224" count="40" type="stmt"/>
        <line num="253" count="41" type="stmt"/>
        <line num="276" count="58" type="stmt"/>
        <line num="281" count="58" type="cond" truecount="2" falsecount="0"/>
        <line num="282" count="58" type="stmt"/>
        <line num="284" count="58" type="cond" truecount="4" falsecount="0"/>
        <line num="286" count="58" type="cond" truecount="7" falsecount="0"/>
        <line num="293" count="58" type="cond" truecount="2" falsecount="0"/>
        <line num="298" count="58" type="stmt"/>
        <line num="299" count="58" type="cond" truecount="2" falsecount="0"/>
        <line num="302" count="58" type="cond" truecount="2" falsecount="0"/>
        <line num="305" count="58" type="cond" truecount="2" falsecount="0"/>
        <line num="306" count="58" type="cond" truecount="2" falsecount="0"/>
        <line num="312" count="58" type="cond" truecount="4" falsecount="0"/>
        <line num="317" count="58" type="cond" truecount="3" falsecount="0"/>
        <line num="318" count="58" type="cond" truecount="3" falsecount="0"/>
        <line num="320" count="58" type="cond" truecount="3" falsecount="0"/>
        <line num="322" count="58" type="cond" truecount="3" falsecount="0"/>
        <line num="324" count="58" type="stmt"/>
        <line num="403" count="58" type="cond" truecount="4" falsecount="0"/>
        <line num="404" count="21" type="cond" truecount="1" falsecount="1"/>
        <line num="405" count="21" type="stmt"/>
      </file>
    </package>
    <package name="store">
      <metrics statements="104" coveredstatements="102" conditionals="56" coveredconditionals="37" methods="27" coveredmethods="25"/>
      <file name="addressStore.ts" path="C:\Users\HUAWEI\Desktop\nubian_platform\apps\mobile\store\addressStore.ts">
        <metrics statements="73" coveredstatements="71" conditionals="38" coveredconditionals="24" methods="19" coveredmethods="17"/>
        <line num="14" count="1" type="stmt"/>
        <line num="15" count="5" type="cond" truecount="2" falsecount="2"/>
        <line num="16" count="0" type="cond" truecount="0" falsecount="2"/>
        <line num="18" count="5" type="stmt"/>
        <line num="19" count="30" type="cond" truecount="1" falsecount="1"/>
        <line num="127" count="1" type="stmt"/>
        <line num="152" count="6" type="stmt"/>
        <line num="154" count="6" type="stmt"/>
        <line num="159" count="1" type="stmt"/>
        <line num="168" count="5" type="stmt"/>
        <line num="169" count="5" type="cond" truecount="4" falsecount="0"/>
        <line num="171" count="4" type="stmt"/>
        <line num="173" count="4" type="stmt"/>
        <line num="174" count="4" type="stmt"/>
        <line num="175" count="4" type="stmt"/>
        <line num="177" count="3" type="cond" truecount="1" falsecount="1"/>
        <line num="179" count="3" type="stmt"/>
        <line num="185" count="3" type="stmt"/>
        <line num="187" count="1" type="cond" truecount="2" falsecount="0"/>
        <line num="189" count="1" type="stmt"/>
        <line num="194" count="1" type="stmt"/>
        <line num="196" count="4" type="stmt"/>
        <line num="200" count="4" type="stmt"/>
        <line num="202" count="4" type="stmt"/>
        <line num="207" count="4" type="stmt"/>
        <line num="209" count="4" type="stmt"/>
        <line num="210" count="4" type="stmt"/>
        <line num="212" count="3" type="stmt"/>
        <line num="213" count="3" type="cond" truecount="1" falsecount="1"/>
        <line num="217" count="3" type="stmt"/>
        <line num="218" count="3" type="stmt"/>
        <line num="219" count="3" type="cond" truecount="2" falsecount="0"/>
        <line num="224" count="3" type="cond" truecount="1" falsecount="1"/>
        <line num="225" count="1" type="stmt"/>
        <line num="228" count="3" type="stmt"/>
        <line num="230" count="3" type="stmt"/>
        <line num="232" count="1" type="stmt"/>
        <line num="233" count="1" type="stmt"/>
        <line num="243" count="3" type="cond" truecount="4" falsecount="0"/>
        <line num="244" count="1" type="cond" truecount="1" falsecount="1"/>
        <line num="245" count="1" type="stmt"/>
        <line num="248" count="2" type="stmt"/>
        <line num="250" count="2" type="stmt"/>
        <line num="251" count="2" type="stmt"/>
        <line num="253" count="1" type="stmt"/>
        <line num="254" count="1" type="cond" truecount="1" falsecount="1"/>
        <line num="256" count="1" type="stmt"/>
        <line num="258" count="2" type="cond" truecount="2" falsecount="0"/>
        <line num="259" count="1" type="cond" truecount="1" falsecount="1"/>
        <line num="264" count="1" type="stmt"/>
        <line num="266" count="1" type="stmt"/>
        <line num="267" count="1" type="stmt"/>
        <line num="273" count="2" type="stmt"/>
        <line num="275" count="2" type="stmt"/>
        <line num="276" count="2" type="stmt"/>
        <line num="278" count="2" type="stmt"/>
        <line num="280" count="1" type="stmt"/>
        <line num="281" count="2" type="stmt"/>
        <line num="287" count="1" type="cond" truecount="1" falsecount="1"/>
        <line num="288" count="1" type="stmt"/>
        <line num="291" count="1" type="stmt"/>
        <line num="293" count="1" type="stmt"/>
        <line num="294" count="1" type="stmt"/>
        <line num="300" count="2" type="stmt"/>
        <line num="303" count="2" type="stmt"/>
        <line num="304" count="2" type="stmt"/>
        <line num="308" count="2" type="stmt"/>
        <line num="309" count="2" type="stmt"/>
        <line num="310" count="1" type="stmt"/>
        <line num="312" count="1" type="stmt"/>
        <line num="313" count="1" type="stmt"/>
        <line num="317" count="0" type="cond" truecount="0" falsecount="2"/>
        <line num="320" count="1" type="stmt"/>
      </file>
      <file name="orderStore.ts" path="C:\Users\HUAWEI\Desktop\nubian_platform\apps\mobile\store\orderStore.ts">
        <metrics statements="31" coveredstatements="31" conditionals="18" coveredconditionals="13" methods="8" coveredmethods="8"/>
        <line num="71" count="3" type="stmt"/>
        <line num="90" count="1" type="stmt"/>
        <line num="98" count="3" type="stmt"/>
        <line num="99" count="3" type="stmt"/>
        <line num="100" count="3" type="stmt"/>
        <line num="105" count="2" type="cond" truecount="2" falsecount="0"/>
        <line num="106" count="2" type="cond" truecount="2" falsecount="0"/>
        <line num="109" count="2" type="stmt"/>
        <line num="111" count="1" type="stmt"/>
        <line num="116" count="2" type="stmt"/>
        <line num="117" count="2" type="stmt"/>
        <line num="118" count="2" type="stmt"/>
        <line num="119" count="1" type="cond" truecount="1" falsecount="2"/>
        <line num="120" count="1" type="stmt"/>
        <line num="121" count="1" type="stmt"/>
        <line num="123" count="1" type="stmt"/>
        <line num="124" count="1" type="stmt"/>
        <line num="129" count="3" type="stmt"/>
        <line num="130" count="3" type="stmt"/>
        <line num="131" count="3" type="stmt"/>
        <line num="132" count="3" type="cond" truecount="2" falsecount="0"/>
        <line num="133" count="1" type="stmt"/>
        <line num="135" count="3" type="stmt"/>
        <line num="136" count="3" type="stmt"/>
        <line num="137" count="2" type="cond" truecount="3" falsecount="0"/>
        <line num="138" count="2" type="stmt"/>
        <line num="143" count="2" type="stmt"/>
        <line num="145" count="1" type="stmt"/>
        <line num="146" count="1" type="stmt"/>
        <line num="150" count="1" type="stmt"/>
        <line num="153" count="1" type="stmt"/>
      </file>
    </package>
    <package name="utils">
      <metrics statements="146" coveredstatements="142" conditionals="136" coveredconditionals="113" methods="40" coveredmethods="38"/>
      <file name="apiError.ts" path="C:\Users\HUAWEI\Desktop\nubian_platform\apps\mobile\utils\apiError.ts">
        <metrics statements="23" coveredstatements="23" conditionals="37" coveredconditionals="32" methods="3" coveredmethods="3"/>
        <line num="24" count="3" type="stmt"/>
        <line num="25" count="11" type="stmt"/>
        <line num="26" count="11" type="cond" truecount="3" falsecount="1"/>
        <line num="30" count="18" type="stmt"/>
        <line num="31" count="18" type="stmt"/>
        <line num="33" count="18" type="cond" truecount="3" falsecount="0"/>
        <line num="34" count="18" type="stmt"/>
        <line num="37" count="18" type="cond" truecount="2" falsecount="0"/>
        <line num="38" count="6" type="cond" truecount="5" falsecount="1"/>
        <line num="39" count="1" type="stmt"/>
        <line num="45" count="5" type="stmt"/>
        <line num="52" count="12" type="cond" truecount="4" falsecount="0"/>
        <line num="53" count="2" type="stmt"/>
        <line num="62" count="10" type="cond" truecount="2" falsecount="0"/>
        <line num="63" count="1" type="stmt"/>
        <line num="72" count="9" type="cond" truecount="4" falsecount="0"/>
        <line num="74" count="5" type="stmt"/>
        <line num="83" count="4" type="cond" truecount="2" falsecount="0"/>
        <line num="84" count="1" type="stmt"/>
        <line num="93" count="3" type="cond" truecount="4" falsecount="0"/>
        <line num="94" count="2" type="stmt"/>
        <line num="103" count="1" type="stmt"/>
        <line num="114" count="8" type="stmt"/>
      </file>
      <file name="computePricing.ts" path="C:\Users\HUAWEI\Desktop\nubian_platform\apps\mobile\utils\computePricing.ts">
        <metrics statements="11" coveredstatements="11" conditionals="11" coveredconditionals="10" methods="3" coveredmethods="3"/>
        <line num="32" count="1" type="cond" truecount="1" falsecount="0"/>
        <line num="33" count="46" type="stmt"/>
        <line num="34" count="46" type="cond" truecount="2" falsecount="0"/>
        <line num="42" count="10" type="cond" truecount="1" falsecount="1"/>
        <line num="43" count="12" type="stmt"/>
        <line num="47" count="10" type="stmt"/>
        <line num="48" count="10" type="cond" truecount="2" falsecount="0"/>
        <line num="50" count="10" type="stmt"/>
        <line num="53" count="10" type="cond" truecount="4" falsecount="0"/>
        <line num="57" count="10" type="stmt"/>
        <line num="59" count="10" type="stmt"/>
      </file>
      <file name="orderLinePricing.ts" path="C:\Users\HUAWEI\Desktop\nubian_platform\apps\mobile\utils\orderLinePricing.ts">
        <metrics statements="8" coveredstatements="8" conditionals="18" coveredconditionals="18" methods="2" coveredmethods="2"/>
        <line num="71" count="79" type="cond" truecount="4" falsecount="0"/>
        <line num="82" count="13" type="cond" truecount="3" falsecount="0"/>
        <line num="87" count="13" type="cond" truecount="3" falsecount="0"/>
        <line num="90" count="13" type="cond" truecount="3" falsecount="0"/>
        <line num="91" count="13" type="cond" truecount="2" falsecount="0"/>
        <line num="97" count="13" type="cond" truecount="3" falsecount="0"/>
        <line num="100" count="13" type="stmt"/>
        <line num="102" count="13" type="stmt"/>
      </file>
      <file name="performance.ts" path="C:\Users\HUAWEI\Desktop\nubian_platform\apps\mobile\utils\performance.ts">
        <metrics statements="95" coveredstatements="91" conditionals="58" coveredconditionals="42" methods="29" coveredmethods="27"/>
        <line num="30" count="1" type="stmt"/>
        <line num="36" count="4" type="stmt"/>
        <line num="40" count="4" type="stmt"/>
        <line num="42" count="4" type="cond" truecount="1" falsecount="1"/>
        <line num="43" count="4" type="stmt"/>
        <line num="51" count="3" type="stmt"/>
        <line num="52" count="3" type="cond" truecount="2" falsecount="0"/>
        <line num="53" count="2" type="stmt"/>
        <line num="54" count="2" type="stmt"/>
        <line num="56" count="2" type="cond" truecount="1" falsecount="1"/>
        <line num="57" count="2" type="stmt"/>
        <line num="58" count="2" type="cond" truecount="1" falsecount="1"/>
        <line num="59" count="0" type="stmt"/>
        <line num="69" count="3" type="stmt"/>
        <line num="70" count="3" type="cond" truecount="2" falsecount="0"/>
        <line num="71" count="2" type="stmt"/>
        <line num="72" count="2" type="stmt"/>
        <line num="73" count="2" type="cond" truecount="1" falsecount="1"/>
        <line num="77" count="2" type="cond" truecount="1" falsecount="1"/>
        <line num="78" count="2" type="stmt"/>
        <line num="87" count="3" type="stmt"/>
        <line num="88" count="3" type="cond" truecount="2" falsecount="0"/>
        <line num="89" count="2" type="stmt"/>
        <line num="91" count="2" type="cond" truecount="1" falsecount="1"/>
        <line num="92" count="2" type="cond" truecount="1" falsecount="1"/>
        <line num="95" count="2" type="stmt"/>
        <line num="104" count="4" type="stmt"/>
        <line num="105" count="4" type="cond" truecount="2" falsecount="0"/>
        <line num="106" count="3" type="stmt"/>
        <line num="107" count="3" type="cond" truecount="1" falsecount="1"/>
        <line num="111" count="3" type="cond" truecount="1" falsecount="1"/>
        <line num="112" count="3" type="stmt"/>
        <line num="121" count="3" type="stmt"/>
        <line num="122" count="3" type="cond" truecount="2" falsecount="0"/>
        <line num="123" count="2" type="stmt"/>
        <line num="124" count="2" type="stmt"/>
        <line num="126" count="2" type="cond" truecount="1" falsecount="1"/>
        <line num="127" count="2" type="stmt"/>
        <line num="128" count="2" type="stmt"/>
        <line num="129" count="2" type="stmt"/>
        <line num="130" count="2" type="stmt"/>
        <line num="131" count="2" type="cond" truecount="2" falsecount="0"/>
        <line num="132" count="2" type="cond" truecount="4" falsecount="0"/>
        <line num="133" count="2" type="cond" truecount="4" falsecount="0"/>
        <line num="134" count="2" type="stmt"/>
        <line num="137" count="2" type="stmt"/>
        <line num="146" count="6" type="stmt"/>
        <line num="151" count="1" type="stmt"/>
        <line num="152" count="1" type="stmt"/>
        <line num="153" count="1" type="stmt"/>
        <line num="156" count="1" type="stmt"/>
        <line num="160" count="5" type="cond" truecount="2" falsecount="0"/>
        <line num="161" count="1" type="stmt"/>
        <line num="163" count="5" type="stmt"/>
        <line num="167" count="1" type="cond" truecount="1" falsecount="1"/>
        <line num="169" count="1" type="stmt"/>
        <line num="171" count="1" type="cond" truecount="1" falsecount="1"/>
        <line num="172" count="1" type="stmt"/>
        <line num="175" count="0" type="stmt"/>
        <line num="181" count="5" type="cond" truecount="2" falsecount="0"/>
        <line num="182" count="1" type="stmt"/>
        <line num="183" count="1" type="stmt"/>
        <line num="186" count="4" type="stmt"/>
        <line num="187" count="4" type="stmt"/>
        <line num="188" count="4" type="stmt"/>
        <line num="190" count="4" type="stmt"/>
        <line num="200" count="4" type="cond" truecount="2" falsecount="0"/>
        <line num="202" count="3" type="stmt"/>
        <line num="213" count="4" type="cond" truecount="2" falsecount="0"/>
        <line num="215" count="2" type="stmt"/>
        <line num="216" count="2" type="stmt"/>
        <line num="217" count="0" type="cond" truecount="0" falsecount="2"/>
        <line num="220" count="2" type="stmt"/>
        <line num="233" count="5" type="cond" truecount="2" falsecount="0"/>
        <line num="235" count="2" type="stmt"/>
        <line num="236" count="2" type="stmt"/>
        <line num="237" count="0" type="cond" truecount="0" falsecount="2"/>
        <line num="240" count="2" type="stmt"/>
        <line num="254" count="1" type="stmt"/>
        <line num="255" count="1" type="stmt"/>
        <line num="256" count="1" type="stmt"/>
        <line num="261" count="13" type="stmt"/>
        <line num="262" count="13" type="stmt"/>
        <line num="267" count="17" type="stmt"/>
        <line num="272" count="1" type="stmt"/>
        <line num="282" count="1" type="stmt"/>
        <line num="283" count="2" type="stmt"/>
        <line num="285" count="2" type="stmt"/>
        <line num="286" count="1" type="stmt"/>
        <line num="289" count="2" type="stmt"/>
        <line num="293" count="1" type="stmt"/>
        <line num="294" count="2" type="stmt"/>
        <line num="296" count="2" type="stmt"/>
        <line num="297" count="1" type="stmt"/>
        <line num="300" count="2" type="stmt"/>
      </file>
      <file name="phoneValidator.ts" path="C:\Users\HUAWEI\Desktop\nubian_platform\apps\mobile\utils\phoneValidator.ts">
        <metrics statements="9" coveredstatements="9" conditionals="12" coveredconditionals="11" methods="3" coveredmethods="3"/>
        <line num="10" count="23" type="cond" truecount="2" falsecount="0"/>
        <line num="14" count="8" type="stmt"/>
        <line num="18" count="12" type="stmt"/>
        <line num="19" count="12" type="cond" truecount="2" falsecount="0"/>
        <line num="22" count="8" type="cond" truecount="2" falsecount="0"/>
        <line num="25" count="6" type="cond" truecount="1" falsecount="1"/>
        <line num="27" count="6" type="stmt"/>
        <line num="30" count="6" type="cond" truecount="4" falsecount="0"/>
        <line num="32" count="4" type="stmt"/>
      </file>
    </package>
  </project>
</coverage>
