{"C:\\Users\\HUAWEI\\Desktop\\nubian_platform\\apps\\mobile\\components\\cart\\cartErrors.ts": {"path":"C:\\Users\\HUAWEI\\Desktop\\nubian_platform\\apps\\mobile\\components\\cart\\cartErrors.ts","statementMap":{"0":{"start":{"line":20,"column":2},"end":{"line":20,"column":38}},"1":{"start":{"line":20,"column":21},"end":{"line":20,"column":38}},"2":{"start":{"line":22,"column":14},"end":{"line":22,"column":26}},"3":{"start":{"line":23,"column":37},"end":{"line":23,"column":58}},"4":{"start":{"line":24,"column":15},"end":{"line":24,"column":62}},"5":{"start":{"line":26,"column":2},"end":{"line":26,"column":54}},"6":{"start":{"line":26,"column":40},"end":{"line":26,"column":54}},"7":{"start":{"line":27,"column":2},"end":{"line":27,"column":37}},"8":{"start":{"line":27,"column":22},"end":{"line":27,"column":37}},"9":{"start":{"line":29,"column":2},"end":{"line":32,"column":3}},"10":{"start":{"line":30,"column":4},"end":{"line":30,"column":80}},"11":{"start":{"line":30,"column":66},"end":{"line":30,"column":80}},"12":{"start":{"line":31,"column":4},"end":{"line":31,"column":74}},"13":{"start":{"line":31,"column":59},"end":{"line":31,"column":74}},"14":{"start":{"line":34,"column":2},"end":{"line":41,"column":3}},"15":{"start":{"line":40,"column":4},"end":{"line":40,"column":21}},"16":{"start":{"line":43,"column":2},"end":{"line":43,"column":60}},"17":{"start":{"line":43,"column":45},"end":{"line":43,"column":60}},"18":{"start":{"line":45,"column":2},"end":{"line":45,"column":19}}},"fnMap":{"0":{"name":"classifyCartError","decl":{"start":{"line":19,"column":16},"end":{"line":19,"column":33}},"loc":{"start":{"line":19,"column":65},"end":{"line":46,"column":1}},"line":19}},"branchMap":{"0":{"loc":{"start":{"line":20,"column":2},"end":{"line":20,"column":38}},"type":"if","locations":[{"start":{"line":20,"column":2},"end":{"line":20,"column":38}},{"start":{},"end":{}}],"line":20},"1":{"loc":{"start":{"line":24,"column":22},"end":{"line":24,"column":47}},"type":"binary-expr","locations":[{"start":{"line":24,"column":22},"end":{"line":24,"column":34}},{"start":{"line":24,"column":38},"end":{"line":24,"column":41}},{"start":{"line":24,"column":45},"end":{"line":24,"column":47}}],"line":24},"2":{"loc":{"start":{"line":26,"column":2},"end":{"line":26,"column":54}},"type":"if","locations":[{"start":{"line":26,"column":2},"end":{"line":26,"column":54}},{"start":{},"end":{}}],"line":26},"3":{"loc":{"start":{"line":26,"column":6},"end":{"line":26,"column":38}},"type":"binary-expr","locations":[{"start":{"line":26,"column":6},"end":{"line":26,"column":20}},{"start":{"line":26,"column":24},"end":{"line":26,"column":38}}],"line":26},"4":{"loc":{"start":{"line":27,"column":2},"end":{"line":27,"column":37}},"type":"if","locations":[{"start":{"line":27,"column":2},"end":{"line":27,"column":37}},{"start":{},"end":{}}],"line":27},"5":{"loc":{"start":{"line":29,"column":2},"end":{"line":32,"column":3}},"type":"if","locations":[{"start":{"line":29,"column":2},"end":{"line":32,"column":3}},{"start":{},"end":{}}],"line":29},"6":{"loc":{"start":{"line":30,"column":4},"end":{"line":30,"column":80}},"type":"if","locations":[{"start":{"line":30,"column":4},"end":{"line":30,"column":80}},{"start":{},"end":{}}],"line":30},"7":{"loc":{"start":{"line":31,"column":4},"end":{"line":31,"column":74}},"type":"if","locations":[{"start":{"line":31,"column":4},"end":{"line":31,"column":74}},{"start":{},"end":{}}],"line":31},"8":{"loc":{"start":{"line":34,"column":2},"end":{"line":41,"column":3}},"type":"if","locations":[{"start":{"line":34,"column":2},"end":{"line":41,"column":3}},{"start":{},"end":{}}],"line":34},"9":{"loc":{"start":{"line":35,"column":4},"end":{"line":38,"column":38}},"type":"binary-expr","locations":[{"start":{"line":35,"column":4},"end":{"line":35,"column":31}},{"start":{"line":36,"column":4},"end":{"line":36,"column":32}},{"start":{"line":37,"column":5},"end":{"line":37,"column":19}},{"start":{"line":37,"column":23},"end":{"line":37,"column":70}},{"start":{"line":38,"column":5},"end":{"line":38,"column":19}},{"start":{"line":38,"column":23},"end":{"line":38,"column":37}}],"line":35},"10":{"loc":{"start":{"line":43,"column":2},"end":{"line":43,"column":60}},"type":"if","locations":[{"start":{"line":43,"column":2},"end":{"line":43,"column":60}},{"start":{},"end":{}}],"line":43}},"s":{"0":15,"1":2,"2":13,"3":13,"4":13,"5":13,"6":2,"7":11,"8":1,"9":10,"10":9,"11":1,"12":8,"13":2,"14":7,"15":4,"16":3,"17":0,"18":3},"f":{"0":15},"b":{"0":[2,13],"1":[13,7,0],"2":[2,11],"3":[13,12],"4":[1,10],"5":[9,1],"6":[1,8],"7":[2,6],"8":[4,3],"9":[7,6,5,4,4,3],"10":[0,3]},"_coverageSchema":"1a1c01bbd47fc00a2c39e90264f33305004495a9","hash":"b29a9b7fd8f287d9e29b5d81a113bfa45ecc6299"}
,"C:\\Users\\HUAWEI\\Desktop\\nubian_platform\\apps\\mobile\\components\\cart\\cartFeedback.ts": {"path":"C:\\Users\\HUAWEI\\Desktop\\nubian_platform\\apps\\mobile\\components\\cart\\cartFeedback.ts","statementMap":{"0":{"start":{"line":38,"column":24},"end":{"line":38,"column":49}},"1":{"start":{"line":39,"column":25},"end":{"line":39,"column":51}},"2":{"start":{"line":40,"column":22},"end":{"line":40,"column":45}},"3":{"start":{"line":43,"column":30},"end":{"line":43,"column":34}},"4":{"start":{"line":45,"column":10},"end":{"line":45,"column":11}},"5":{"start":{"line":46,"column":15},"end":{"line":46,"column":61}},"6":{"start":{"line":46,"column":21},"end":{"line":46,"column":61}},"7":{"start":{"line":52,"column":2},"end":{"line":52,"column":20}},"8":{"start":{"line":56,"column":2},"end":{"line":56,"column":20}},"9":{"start":{"line":62,"column":2},"end":{"line":62,"column":32}},"10":{"start":{"line":63,"column":2},"end":{"line":63,"column":48}},"11":{"start":{"line":63,"column":15},"end":{"line":63,"column":47}},"12":{"start":{"line":72,"column":2},"end":{"line":72,"column":26}},"13":{"start":{"line":72,"column":19},"end":{"line":72,"column":26}},"14":{"start":{"line":73,"column":13},"end":{"line":73,"column":23}},"15":{"start":{"line":74,"column":2},"end":{"line":74,"column":18}},"16":{"start":{"line":74,"column":11},"end":{"line":74,"column":18}},"17":{"start":{"line":75,"column":2},"end":{"line":75,"column":41}},"18":{"start":{"line":75,"column":34},"end":{"line":75,"column":41}},"19":{"start":{"line":77,"column":29},"end":{"line":82,"column":3}},"20":{"start":{"line":83,"column":2},"end":{"line":89,"column":5}},"21":{"start":{"line":84,"column":4},"end":{"line":88,"column":5}},"22":{"start":{"line":85,"column":6},"end":{"line":85,"column":16}},"23":{"start":{"line":95,"column":2},"end":{"line":95,"column":30}},"24":{"start":{"line":96,"column":2},"end":{"line":96,"column":46}},"25":{"start":{"line":96,"column":15},"end":{"line":96,"column":45}},"26":{"start":{"line":101,"column":2},"end":{"line":107,"column":5}},"27":{"start":{"line":102,"column":4},"end":{"line":106,"column":5}},"28":{"start":{"line":103,"column":6},"end":{"line":103,"column":10}},"29":{"start":{"line":113,"column":2},"end":{"line":113,"column":33}},"30":{"start":{"line":114,"column":2},"end":{"line":114,"column":49}},"31":{"start":{"line":114,"column":15},"end":{"line":114,"column":48}},"32":{"start":{"line":120,"column":2},"end":{"line":120,"column":42}},"33":{"start":{"line":120,"column":35},"end":{"line":120,"column":42}},"34":{"start":{"line":121,"column":41},"end":{"line":121,"column":67}},"35":{"start":{"line":122,"column":2},"end":{"line":128,"column":5}},"36":{"start":{"line":123,"column":4},"end":{"line":127,"column":5}},"37":{"start":{"line":124,"column":6},"end":{"line":124,"column":22}},"38":{"start":{"line":133,"column":2},"end":{"line":133,"column":26}},"39":{"start":{"line":134,"column":2},"end":{"line":134,"column":27}},"40":{"start":{"line":135,"column":2},"end":{"line":135,"column":24}},"41":{"start":{"line":136,"column":2},"end":{"line":136,"column":20}}},"fnMap":{"0":{"name":"(anonymous_0)","decl":{"start":{"line":46,"column":15},"end":{"line":46,"column":16}},"loc":{"start":{"line":46,"column":21},"end":{"line":46,"column":61}},"line":46},"1":{"name":"setCartTarget","decl":{"start":{"line":51,"column":16},"end":{"line":51,"column":29}},"loc":{"start":{"line":51,"column":55},"end":{"line":53,"column":1}},"line":51},"2":{"name":"getCartTarget","decl":{"start":{"line":55,"column":16},"end":{"line":55,"column":29}},"loc":{"start":{"line":55,"column":45},"end":{"line":57,"column":1}},"line":55},"3":{"name":"subscribeFlights","decl":{"start":{"line":61,"column":16},"end":{"line":61,"column":32}},"loc":{"start":{"line":61,"column":71},"end":{"line":64,"column":1}},"line":61},"4":{"name":"(anonymous_4)","decl":{"start":{"line":63,"column":9},"end":{"line":63,"column":10}},"loc":{"start":{"line":63,"column":15},"end":{"line":63,"column":47}},"line":63},"5":{"name":"flyToCart","decl":{"start":{"line":71,"column":16},"end":{"line":71,"column":25}},"loc":{"start":{"line":71,"column":83},"end":{"line":90,"column":1}},"line":71},"6":{"name":"(anonymous_6)","decl":{"start":{"line":83,"column":26},"end":{"line":83,"column":27}},"loc":{"start":{"line":83,"column":31},"end":{"line":89,"column":3}},"line":83},"7":{"name":"subscribeBump","decl":{"start":{"line":94,"column":16},"end":{"line":94,"column":29}},"loc":{"start":{"line":94,"column":66},"end":{"line":97,"column":1}},"line":94},"8":{"name":"(anonymous_8)","decl":{"start":{"line":96,"column":9},"end":{"line":96,"column":10}},"loc":{"start":{"line":96,"column":15},"end":{"line":96,"column":45}},"line":96},"9":{"name":"bumpCartBadge","decl":{"start":{"line":100,"column":16},"end":{"line":100,"column":29}},"loc":{"start":{"line":100,"column":38},"end":{"line":108,"column":1}},"line":100},"10":{"name":"(anonymous_10)","decl":{"start":{"line":101,"column":24},"end":{"line":101,"column":25}},"loc":{"start":{"line":101,"column":29},"end":{"line":107,"column":3}},"line":101},"11":{"name":"subscribeConfirmations","decl":{"start":{"line":112,"column":16},"end":{"line":112,"column":38}},"loc":{"start":{"line":112,"column":78},"end":{"line":115,"column":1}},"line":112},"12":{"name":"(anonymous_12)","decl":{"start":{"line":114,"column":9},"end":{"line":114,"column":10}},"loc":{"start":{"line":114,"column":15},"end":{"line":114,"column":48}},"line":114},"13":{"name":"showCartConfirmation","decl":{"start":{"line":117,"column":16},"end":{"line":117,"column":36}},"loc":{"start":{"line":119,"column":8},"end":{"line":129,"column":1}},"line":119},"14":{"name":"(anonymous_14)","decl":{"start":{"line":122,"column":27},"end":{"line":122,"column":28}},"loc":{"start":{"line":122,"column":32},"end":{"line":128,"column":3}},"line":122},"15":{"name":"__resetCartFeedback","decl":{"start":{"line":132,"column":16},"end":{"line":132,"column":35}},"loc":{"start":{"line":132,"column":44},"end":{"line":137,"column":1}},"line":132}},"branchMap":{"0":{"loc":{"start":{"line":72,"column":2},"end":{"line":72,"column":26}},"type":"if","locations":[{"start":{"line":72,"column":2},"end":{"line":72,"column":26}},{"start":{},"end":{}}],"line":72},"1":{"loc":{"start":{"line":74,"column":2},"end":{"line":74,"column":18}},"type":"if","locations":[{"start":{"line":74,"column":2},"end":{"line":74,"column":18}},{"start":{},"end":{}}],"line":74},"2":{"loc":{"start":{"line":75,"column":2},"end":{"line":75,"column":41}},"type":"if","locations":[{"start":{"line":75,"column":2},"end":{"line":75,"column":41}},{"start":{},"end":{}}],"line":75},"3":{"loc":{"start":{"line":79,"column":9},"end":{"line":79,"column":26}},"type":"binary-expr","locations":[{"start":{"line":79,"column":9},"end":{"line":79,"column":18}},{"start":{"line":79,"column":22},"end":{"line":79,"column":26}}],"line":79},"4":{"loc":{"start":{"line":120,"column":2},"end":{"line":120,"column":42}},"type":"if","locations":[{"start":{"line":120,"column":2},"end":{"line":120,"column":42}},{"start":{},"end":{}}],"line":120}},"s":{"0":1,"1":1,"2":1,"3":1,"4":1,"5":1,"6":6,"7":6,"8":2,"9":8,"10":8,"11":1,"12":8,"13":1,"14":7,"15":7,"16":1,"17":6,"18":1,"19":5,"20":5,"21":7,"22":7,"23":1,"24":1,"25":0,"26":2,"27":2,"28":2,"29":1,"30":1,"31":0,"32":1,"33":0,"34":1,"35":1,"36":1,"37":1,"38":9,"39":9,"40":9,"41":9},"f":{"0":6,"1":6,"2":2,"3":8,"4":1,"5":8,"6":7,"7":1,"8":0,"9":2,"10":2,"11":1,"12":0,"13":1,"14":1,"15":9},"b":{"0":[1,7],"1":[1,6],"2":[1,5],"3":[5,4],"4":[0,1]},"_coverageSchema":"1a1c01bbd47fc00a2c39e90264f33305004495a9","hash":"9667f898e2f452b600e8c5d9366ed09a3eec255f"}
,"C:\\Users\\HUAWEI\\Desktop\\nubian_platform\\apps\\mobile\\components\\ui\\kit\\priceDisplay.ts": {"path":"C:\\Users\\HUAWEI\\Desktop\\nubian_platform\\apps\\mobile\\components\\ui\\kit\\priceDisplay.ts","statementMap":{"0":{"start":{"line":45,"column":59},"end":{"line":45,"column":63}},"1":{"start":{"line":47,"column":2},"end":{"line":47,"column":30}},"2":{"start":{"line":47,"column":17},"end":{"line":47,"column":30}},"3":{"start":{"line":49,"column":2},"end":{"line":51,"column":3}},"4":{"start":{"line":50,"column":4},"end":{"line":50,"column":40}},"5":{"start":{"line":53,"column":2},"end":{"line":53,"column":28}},"6":{"start":{"line":66,"column":2},"end":{"line":66,"column":74}}},"fnMap":{"0":{"name":"shouldShowOriginal","decl":{"start":{"line":35,"column":16},"end":{"line":35,"column":34}},"loc":{"start":{"line":44,"column":12},"end":{"line":54,"column":1}},"line":44},"1":{"name":"shouldShowDiscountBadge","decl":{"start":{"line":65,"column":16},"end":{"line":65,"column":39}},"loc":{"start":{"line":65,"column":85},"end":{"line":67,"column":1}},"line":65}},"branchMap":{"0":{"loc":{"start":{"line":47,"column":2},"end":{"line":47,"column":30}},"type":"if","locations":[{"start":{"line":47,"column":2},"end":{"line":47,"column":30}},{"start":{},"end":{}}],"line":47},"1":{"loc":{"start":{"line":49,"column":2},"end":{"line":51,"column":3}},"type":"if","locations":[{"start":{"line":49,"column":2},"end":{"line":51,"column":3}},{"start":{},"end":{}}],"line":49},"2":{"loc":{"start":{"line":49,"column":6},"end":{"line":49,"column":75}},"type":"binary-expr","locations":[{"start":{"line":49,"column":6},"end":{"line":49,"column":40}},{"start":{"line":49,"column":44},"end":{"line":49,"column":75}}],"line":49},"3":{"loc":{"start":{"line":66,"column":9},"end":{"line":66,"column":73}},"type":"binary-expr","locations":[{"start":{"line":66,"column":9},"end":{"line":66,"column":47}},{"start":{"line":66,"column":51},"end":{"line":66,"column":73}}],"line":66}},"s":{"0":18,"1":18,"2":3,"3":15,"4":10,"5":5,"6":10},"f":{"0":18,"1":10},"b":{"0":[3,15],"1":[10,5],"2":[15,11],"3":[10,8]},"_coverageSchema":"1a1c01bbd47fc00a2c39e90264f33305004495a9","hash":"59ff80cf9c9ea4cbe915f4b9ec77713d6fc1b525"}
,"C:\\Users\\HUAWEI\\Desktop\\nubian_platform\\apps\\mobile\\domain\\pricing\\pricing.engine.ts": {"path":"C:\\Users\\HUAWEI\\Desktop\\nubian_platform\\apps\\mobile\\domain\\pricing\\pricing.engine.ts","statementMap":{"0":{"start":{"line":19,"column":19},"end":{"line":19,"column":75}},"1":{"start":{"line":20,"column":22},"end":{"line":20,"column":41}},"2":{"start":{"line":22,"column":2},"end":{"line":27,"column":3}},"3":{"start":{"line":23,"column":4},"end":{"line":25,"column":5}},"4":{"start":{"line":24,"column":6},"end":{"line":24,"column":59}},"5":{"start":{"line":26,"column":4},"end":{"line":26,"column":53}},"6":{"start":{"line":29,"column":2},"end":{"line":29,"column":42}},"7":{"start":{"line":43,"column":14},"end":{"line":43,"column":47}},"8":{"start":{"line":45,"column":4},"end":{"line":47,"column":29}},"9":{"start":{"line":49,"column":2},"end":{"line":69,"column":3}},"10":{"start":{"line":50,"column":18},"end":{"line":50,"column":27}},"11":{"start":{"line":52,"column":6},"end":{"line":54,"column":11}},"12":{"start":{"line":55,"column":4},"end":{"line":68,"column":7}},"13":{"start":{"line":73,"column":17},"end":{"line":77,"column":38}},"14":{"start":{"line":74,"column":19},"end":{"line":74,"column":39}},"15":{"start":{"line":75,"column":16},"end":{"line":75,"column":43}},"16":{"start":{"line":76,"column":19},"end":{"line":76,"column":30}},"17":{"start":{"line":77,"column":20},"end":{"line":77,"column":37}},"18":{"start":{"line":79,"column":19},"end":{"line":79,"column":28}},"19":{"start":{"line":80,"column":2},"end":{"line":82,"column":3}},"20":{"start":{"line":81,"column":4},"end":{"line":81,"column":52}},"21":{"start":{"line":85,"column":2},"end":{"line":94,"column":5}},"22":{"start":{"line":99,"column":19},"end":{"line":99,"column":66}},"23":{"start":{"line":101,"column":2},"end":{"line":121,"column":3}},"24":{"start":{"line":102,"column":18},"end":{"line":102,"column":36}},"25":{"start":{"line":103,"column":21},"end":{"line":103,"column":72}},"26":{"start":{"line":104,"column":4},"end":{"line":120,"column":7}},"27":{"start":{"line":123,"column":2},"end":{"line":132,"column":5}},"28":{"start":{"line":137,"column":17},"end":{"line":137,"column":70}},"29":{"start":{"line":138,"column":19},"end":{"line":138,"column":44}},"30":{"start":{"line":143,"column":4},"end":{"line":145,"column":29}},"31":{"start":{"line":147,"column":2},"end":{"line":166,"column":3}},"32":{"start":{"line":148,"column":18},"end":{"line":148,"column":27}},"33":{"start":{"line":150,"column":6},"end":{"line":152,"column":11}},"34":{"start":{"line":153,"column":4},"end":{"line":165,"column":7}},"35":{"start":{"line":168,"column":2},"end":{"line":177,"column":5}},"36":{"start":{"line":185,"column":19},"end":{"line":185,"column":75}},"37":{"start":{"line":186,"column":22},"end":{"line":186,"column":41}},"38":{"start":{"line":188,"column":2},"end":{"line":207,"column":3}},"39":{"start":{"line":189,"column":16},"end":{"line":189,"column":49}},"40":{"start":{"line":192,"column":6},"end":{"line":195,"column":7}},"41":{"start":{"line":196,"column":4},"end":{"line":196,"column":51}},"42":{"start":{"line":196,"column":20},"end":{"line":196,"column":51}},"43":{"start":{"line":198,"column":4},"end":{"line":204,"column":5}},"44":{"start":{"line":199,"column":28},"end":{"line":202,"column":29}},"45":{"start":{"line":200,"column":23},"end":{"line":200,"column":43}},"46":{"start":{"line":201,"column":20},"end":{"line":201,"column":67}},"47":{"start":{"line":202,"column":23},"end":{"line":202,"column":28}},"48":{"start":{"line":203,"column":6},"end":{"line":203,"column":71}},"49":{"start":{"line":203,"column":36},"end":{"line":203,"column":71}},"50":{"start":{"line":206,"column":4},"end":{"line":206,"column":35}},"51":{"start":{"line":209,"column":17},"end":{"line":209,"column":70}},"52":{"start":{"line":211,"column":4},"end":{"line":214,"column":5}},"53":{"start":{"line":215,"column":2},"end":{"line":215,"column":52}},"54":{"start":{"line":215,"column":18},"end":{"line":215,"column":52}},"55":{"start":{"line":216,"column":2},"end":{"line":216,"column":34}},"56":{"start":{"line":231,"column":105},"end":{"line":231,"column":109}},"57":{"start":{"line":234,"column":4},"end":{"line":236,"column":37}},"58":{"start":{"line":239,"column":4},"end":{"line":243,"column":11}},"59":{"start":{"line":245,"column":2},"end":{"line":254,"column":4}},"60":{"start":{"line":267,"column":128},"end":{"line":267,"column":132}},"61":{"start":{"line":269,"column":17},"end":{"line":269,"column":60}},"62":{"start":{"line":270,"column":17},"end":{"line":270,"column":82}},"63":{"start":{"line":271,"column":14},"end":{"line":271,"column":82}},"64":{"start":{"line":273,"column":2},"end":{"line":275,"column":3}},"65":{"start":{"line":274,"column":4},"end":{"line":274,"column":32}},"66":{"start":{"line":277,"column":19},"end":{"line":277,"column":43}},"67":{"start":{"line":278,"column":17},"end":{"line":278,"column":46}},"68":{"start":{"line":279,"column":21},"end":{"line":279,"column":91}},"69":{"start":{"line":281,"column":2},"end":{"line":290,"column":4}},"70":{"start":{"line":293,"column":15},"end":{"line":293,"column":70}},"71":{"start":{"line":293,"column":30},"end":{"line":293,"column":70}}},"fnMap":{"0":{"name":"resolvePrice","decl":{"start":{"line":14,"column":16},"end":{"line":14,"column":28}},"loc":{"start":{"line":18,"column":34},"end":{"line":30,"column":1}},"line":18},"1":{"name":"resolveFromPrice","decl":{"start":{"line":33,"column":9},"end":{"line":33,"column":25}},"loc":{"start":{"line":37,"column":17},"end":{"line":95,"column":1}},"line":37},"2":{"name":"(anonymous_2)","decl":{"start":{"line":74,"column":12},"end":{"line":74,"column":13}},"loc":{"start":{"line":74,"column":19},"end":{"line":74,"column":39}},"line":74},"3":{"name":"(anonymous_3)","decl":{"start":{"line":75,"column":9},"end":{"line":75,"column":10}},"loc":{"start":{"line":75,"column":16},"end":{"line":75,"column":43}},"line":75},"4":{"name":"(anonymous_4)","decl":{"start":{"line":76,"column":12},"end":{"line":76,"column":13}},"loc":{"start":{"line":76,"column":19},"end":{"line":76,"column":30}},"line":76},"5":{"name":"(anonymous_5)","decl":{"start":{"line":77,"column":10},"end":{"line":77,"column":11}},"loc":{"start":{"line":77,"column":20},"end":{"line":77,"column":37}},"line":77},"6":{"name":"resolveVariant","decl":{"start":{"line":98,"column":9},"end":{"line":98,"column":23}},"loc":{"start":{"line":98,"column":85},"end":{"line":133,"column":1}},"line":98},"7":{"name":"resolveSimple","decl":{"start":{"line":136,"column":9},"end":{"line":136,"column":22}},"loc":{"start":{"line":136,"column":84},"end":{"line":178,"column":1}},"line":136},"8":{"name":"getDisplayPrice","decl":{"start":{"line":184,"column":16},"end":{"line":184,"column":31}},"loc":{"start":{"line":184,"column":96},"end":{"line":217,"column":1}},"line":184},"9":{"name":"(anonymous_9)","decl":{"start":{"line":200,"column":16},"end":{"line":200,"column":17}},"loc":{"start":{"line":200,"column":23},"end":{"line":200,"column":43}},"line":200},"10":{"name":"(anonymous_10)","decl":{"start":{"line":201,"column":13},"end":{"line":201,"column":14}},"loc":{"start":{"line":201,"column":20},"end":{"line":201,"column":67}},"line":201},"11":{"name":"(anonymous_11)","decl":{"start":{"line":202,"column":16},"end":{"line":202,"column":17}},"loc":{"start":{"line":202,"column":23},"end":{"line":202,"column":28}},"line":202},"12":{"name":"withDiscount","decl":{"start":{"line":221,"column":9},"end":{"line":221,"column":21}},"loc":{"start":{"line":230,"column":18},"end":{"line":255,"column":1}},"line":230},"13":{"name":"localFallback","decl":{"start":{"line":257,"column":9},"end":{"line":257,"column":22}},"loc":{"start":{"line":266,"column":18},"end":{"line":291,"column":1}},"line":266},"14":{"name":"(anonymous_14)","decl":{"start":{"line":293,"column":15},"end":{"line":293,"column":16}},"loc":{"start":{"line":293,"column":30},"end":{"line":293,"column":70}},"line":293}},"branchMap":{"0":{"loc":{"start":{"line":17,"column":2},"end":{"line":17,"column":18}},"type":"default-arg","locations":[{"start":{"line":17,"column":13},"end":{"line":17,"column":18}}],"line":17},"1":{"loc":{"start":{"line":19,"column":19},"end":{"line":19,"column":75}},"type":"cond-expr","locations":[{"start":{"line":19,"column":54},"end":{"line":19,"column":70}},{"start":{"line":19,"column":73},"end":{"line":19,"column":75}}],"line":19},"2":{"loc":{"start":{"line":22,"column":2},"end":{"line":27,"column":3}},"type":"if","locations":[{"start":{"line":22,"column":2},"end":{"line":27,"column":3}},{"start":{},"end":{}}],"line":22},"3":{"loc":{"start":{"line":23,"column":4},"end":{"line":25,"column":5}},"type":"if","locations":[{"start":{"line":23,"column":4},"end":{"line":25,"column":5}},{"start":{},"end":{}}],"line":23},"4":{"loc":{"start":{"line":43,"column":14},"end":{"line":43,"column":47}},"type":"binary-expr","locations":[{"start":{"line":43,"column":14},"end":{"line":43,"column":41}},{"start":{"line":43,"column":45},"end":{"line":43,"column":47}}],"line":43},"5":{"loc":{"start":{"line":45,"column":4},"end":{"line":47,"column":29}},"type":"binary-expr","locations":[{"start":{"line":45,"column":4},"end":{"line":45,"column":22}},{"start":{"line":46,"column":4},"end":{"line":46,"column":18}},{"start":{"line":47,"column":4},"end":{"line":47,"column":29}}],"line":45},"6":{"loc":{"start":{"line":49,"column":2},"end":{"line":69,"column":3}},"type":"if","locations":[{"start":{"line":49,"column":2},"end":{"line":69,"column":3}},{"start":{},"end":{}}],"line":49},"7":{"loc":{"start":{"line":49,"column":6},"end":{"line":49,"column":46}},"type":"binary-expr","locations":[{"start":{"line":49,"column":6},"end":{"line":49,"column":29}},{"start":{"line":49,"column":33},"end":{"line":49,"column":46}}],"line":49},"8":{"loc":{"start":{"line":52,"column":6},"end":{"line":54,"column":11}},"type":"binary-expr","locations":[{"start":{"line":52,"column":6},"end":{"line":52,"column":27}},{"start":{"line":53,"column":6},"end":{"line":53,"column":34}},{"start":{"line":54,"column":6},"end":{"line":54,"column":11}}],"line":52},"9":{"loc":{"start":{"line":57,"column":16},"end":{"line":57,"column":42}},"type":"binary-expr","locations":[{"start":{"line":57,"column":16},"end":{"line":57,"column":33}},{"start":{"line":57,"column":37},"end":{"line":57,"column":42}}],"line":57},"10":{"loc":{"start":{"line":65,"column":10},"end":{"line":66,"column":43}},"type":"binary-expr","locations":[{"start":{"line":65,"column":10},"end":{"line":65,"column":36}},{"start":{"line":66,"column":10},"end":{"line":66,"column":43}}],"line":65},"11":{"loc":{"start":{"line":80,"column":2},"end":{"line":82,"column":3}},"type":"if","locations":[{"start":{"line":80,"column":2},"end":{"line":82,"column":3}},{"start":{},"end":{}}],"line":80},"12":{"loc":{"start":{"line":86,"column":14},"end":{"line":86,"column":36}},"type":"binary-expr","locations":[{"start":{"line":86,"column":14},"end":{"line":86,"column":31}},{"start":{"line":86,"column":35},"end":{"line":86,"column":36}}],"line":86},"13":{"loc":{"start":{"line":87,"column":18},"end":{"line":87,"column":59}},"type":"binary-expr","locations":[{"start":{"line":87,"column":18},"end":{"line":87,"column":34}},{"start":{"line":87,"column":38},"end":{"line":87,"column":59}}],"line":87},"14":{"loc":{"start":{"line":88,"column":19},"end":{"line":88,"column":41}},"type":"binary-expr","locations":[{"start":{"line":88,"column":19},"end":{"line":88,"column":36}},{"start":{"line":88,"column":40},"end":{"line":88,"column":41}}],"line":88},"15":{"loc":{"start":{"line":89,"column":25},"end":{"line":89,"column":55}},"type":"binary-expr","locations":[{"start":{"line":89,"column":25},"end":{"line":89,"column":42}},{"start":{"line":89,"column":46},"end":{"line":89,"column":55}}],"line":89},"16":{"loc":{"start":{"line":90,"column":22},"end":{"line":90,"column":49}},"type":"binary-expr","locations":[{"start":{"line":90,"column":22},"end":{"line":90,"column":36}},{"start":{"line":90,"column":40},"end":{"line":90,"column":49}}],"line":90},"17":{"loc":{"start":{"line":98,"column":52},"end":{"line":98,"column":68}},"type":"default-arg","locations":[{"start":{"line":98,"column":63},"end":{"line":98,"column":68}}],"line":98},"18":{"loc":{"start":{"line":99,"column":19},"end":{"line":99,"column":66}},"type":"binary-expr","locations":[{"start":{"line":99,"column":19},"end":{"line":99,"column":40}},{"start":{"line":99,"column":44},"end":{"line":99,"column":61}},{"start":{"line":99,"column":65},"end":{"line":99,"column":66}}],"line":99},"19":{"loc":{"start":{"line":101,"column":2},"end":{"line":121,"column":3}},"type":"if","locations":[{"start":{"line":101,"column":2},"end":{"line":121,"column":3}},{"start":{},"end":{}}],"line":101},"20":{"loc":{"start":{"line":101,"column":6},"end":{"line":101,"column":64}},"type":"binary-expr","locations":[{"start":{"line":101,"column":6},"end":{"line":101,"column":38}},{"start":{"line":101,"column":42},"end":{"line":101,"column":64}}],"line":101},"21":{"loc":{"start":{"line":103,"column":21},"end":{"line":103,"column":72}},"type":"binary-expr","locations":[{"start":{"line":103,"column":21},"end":{"line":103,"column":42}},{"start":{"line":103,"column":46},"end":{"line":103,"column":63}},{"start":{"line":103,"column":67},"end":{"line":103,"column":72}}],"line":103},"22":{"loc":{"start":{"line":116,"column":22},"end":{"line":116,"column":67}},"type":"binary-expr","locations":[{"start":{"line":116,"column":22},"end":{"line":116,"column":42}},{"start":{"line":116,"column":46},"end":{"line":116,"column":67}}],"line":116},"23":{"loc":{"start":{"line":117,"column":23},"end":{"line":117,"column":49}},"type":"binary-expr","locations":[{"start":{"line":117,"column":23},"end":{"line":117,"column":44}},{"start":{"line":117,"column":48},"end":{"line":117,"column":49}}],"line":117},"24":{"loc":{"start":{"line":125,"column":18},"end":{"line":125,"column":63}},"type":"binary-expr","locations":[{"start":{"line":125,"column":18},"end":{"line":125,"column":38}},{"start":{"line":125,"column":42},"end":{"line":125,"column":63}}],"line":125},"25":{"loc":{"start":{"line":126,"column":19},"end":{"line":126,"column":45}},"type":"binary-expr","locations":[{"start":{"line":126,"column":19},"end":{"line":126,"column":40}},{"start":{"line":126,"column":44},"end":{"line":126,"column":45}}],"line":126},"26":{"loc":{"start":{"line":136,"column":51},"end":{"line":136,"column":67}},"type":"default-arg","locations":[{"start":{"line":136,"column":62},"end":{"line":136,"column":67}}],"line":136},"27":{"loc":{"start":{"line":137,"column":17},"end":{"line":137,"column":70}},"type":"binary-expr","locations":[{"start":{"line":137,"column":17},"end":{"line":137,"column":31}},{"start":{"line":137,"column":36},"end":{"line":137,"column":69}}],"line":137},"28":{"loc":{"start":{"line":138,"column":19},"end":{"line":138,"column":44}},"type":"binary-expr","locations":[{"start":{"line":138,"column":19},"end":{"line":138,"column":39}},{"start":{"line":138,"column":43},"end":{"line":138,"column":44}}],"line":138},"29":{"loc":{"start":{"line":143,"column":4},"end":{"line":145,"column":29}},"type":"binary-expr","locations":[{"start":{"line":143,"column":4},"end":{"line":143,"column":22}},{"start":{"line":144,"column":4},"end":{"line":144,"column":21}},{"start":{"line":145,"column":4},"end":{"line":145,"column":29}}],"line":143},"30":{"loc":{"start":{"line":147,"column":2},"end":{"line":166,"column":3}},"type":"if","locations":[{"start":{"line":147,"column":2},"end":{"line":166,"column":3}},{"start":{},"end":{}}],"line":147},"31":{"loc":{"start":{"line":147,"column":6},"end":{"line":147,"column":46}},"type":"binary-expr","locations":[{"start":{"line":147,"column":6},"end":{"line":147,"column":29}},{"start":{"line":147,"column":33},"end":{"line":147,"column":46}}],"line":147},"32":{"loc":{"start":{"line":150,"column":6},"end":{"line":152,"column":11}},"type":"binary-expr","locations":[{"start":{"line":150,"column":6},"end":{"line":150,"column":27}},{"start":{"line":151,"column":6},"end":{"line":151,"column":34}},{"start":{"line":152,"column":6},"end":{"line":152,"column":11}}],"line":150},"33":{"loc":{"start":{"line":162,"column":10},"end":{"line":163,"column":43}},"type":"binary-expr","locations":[{"start":{"line":162,"column":10},"end":{"line":162,"column":36}},{"start":{"line":163,"column":10},"end":{"line":163,"column":43}}],"line":162},"34":{"loc":{"start":{"line":170,"column":18},"end":{"line":170,"column":62}},"type":"binary-expr","locations":[{"start":{"line":170,"column":18},"end":{"line":170,"column":37}},{"start":{"line":170,"column":41},"end":{"line":170,"column":62}}],"line":170},"35":{"loc":{"start":{"line":171,"column":19},"end":{"line":171,"column":44}},"type":"binary-expr","locations":[{"start":{"line":171,"column":19},"end":{"line":171,"column":39}},{"start":{"line":171,"column":43},"end":{"line":171,"column":44}}],"line":171},"36":{"loc":{"start":{"line":172,"column":25},"end":{"line":172,"column":58}},"type":"binary-expr","locations":[{"start":{"line":172,"column":25},"end":{"line":172,"column":45}},{"start":{"line":172,"column":49},"end":{"line":172,"column":58}}],"line":172},"37":{"loc":{"start":{"line":173,"column":22},"end":{"line":173,"column":52}},"type":"binary-expr","locations":[{"start":{"line":173,"column":22},"end":{"line":173,"column":39}},{"start":{"line":173,"column":43},"end":{"line":173,"column":52}}],"line":173},"38":{"loc":{"start":{"line":185,"column":19},"end":{"line":185,"column":75}},"type":"cond-expr","locations":[{"start":{"line":185,"column":54},"end":{"line":185,"column":70}},{"start":{"line":185,"column":73},"end":{"line":185,"column":75}}],"line":185},"39":{"loc":{"start":{"line":188,"column":2},"end":{"line":207,"column":3}},"type":"if","locations":[{"start":{"line":188,"column":2},"end":{"line":207,"column":3}},{"start":{},"end":{}}],"line":188},"40":{"loc":{"start":{"line":189,"column":16},"end":{"line":189,"column":49}},"type":"binary-expr","locations":[{"start":{"line":189,"column":16},"end":{"line":189,"column":43}},{"start":{"line":189,"column":47},"end":{"line":189,"column":49}}],"line":189},"41":{"loc":{"start":{"line":192,"column":6},"end":{"line":195,"column":7}},"type":"binary-expr","locations":[{"start":{"line":192,"column":6},"end":{"line":192,"column":24}},{"start":{"line":193,"column":6},"end":{"line":193,"column":20}},{"start":{"line":194,"column":6},"end":{"line":194,"column":31}},{"start":{"line":195,"column":6},"end":{"line":195,"column":7}}],"line":192},"42":{"loc":{"start":{"line":196,"column":4},"end":{"line":196,"column":51}},"type":"if","locations":[{"start":{"line":196,"column":4},"end":{"line":196,"column":51}},{"start":{},"end":{}}],"line":196},"43":{"loc":{"start":{"line":196,"column":28},"end":{"line":196,"column":50}},"type":"binary-expr","locations":[{"start":{"line":196,"column":28},"end":{"line":196,"column":45}},{"start":{"line":196,"column":49},"end":{"line":196,"column":50}}],"line":196},"44":{"loc":{"start":{"line":198,"column":4},"end":{"line":204,"column":5}},"type":"if","locations":[{"start":{"line":198,"column":4},"end":{"line":204,"column":5}},{"start":{},"end":{}}],"line":198},"45":{"loc":{"start":{"line":201,"column":20},"end":{"line":201,"column":67}},"type":"binary-expr","locations":[{"start":{"line":201,"column":20},"end":{"line":201,"column":32}},{"start":{"line":201,"column":36},"end":{"line":201,"column":51}},{"start":{"line":201,"column":55},"end":{"line":201,"column":62}},{"start":{"line":201,"column":66},"end":{"line":201,"column":67}}],"line":201},"46":{"loc":{"start":{"line":203,"column":6},"end":{"line":203,"column":71}},"type":"if","locations":[{"start":{"line":203,"column":6},"end":{"line":203,"column":71}},{"start":{},"end":{}}],"line":203},"47":{"loc":{"start":{"line":209,"column":17},"end":{"line":209,"column":70}},"type":"binary-expr","locations":[{"start":{"line":209,"column":17},"end":{"line":209,"column":31}},{"start":{"line":209,"column":36},"end":{"line":209,"column":69}}],"line":209},"48":{"loc":{"start":{"line":211,"column":4},"end":{"line":214,"column":5}},"type":"binary-expr","locations":[{"start":{"line":211,"column":4},"end":{"line":211,"column":22}},{"start":{"line":212,"column":4},"end":{"line":212,"column":21}},{"start":{"line":213,"column":4},"end":{"line":213,"column":29}},{"start":{"line":214,"column":4},"end":{"line":214,"column":5}}],"line":211},"49":{"loc":{"start":{"line":215,"column":2},"end":{"line":215,"column":52}},"type":"if","locations":[{"start":{"line":215,"column":2},"end":{"line":215,"column":52}},{"start":{},"end":{}}],"line":215},"50":{"loc":{"start":{"line":215,"column":26},"end":{"line":215,"column":51}},"type":"binary-expr","locations":[{"start":{"line":215,"column":26},"end":{"line":215,"column":46}},{"start":{"line":215,"column":50},"end":{"line":215,"column":51}}],"line":215},"51":{"loc":{"start":{"line":234,"column":4},"end":{"line":236,"column":37}},"type":"cond-expr","locations":[{"start":{"line":235,"column":8},"end":{"line":235,"column":30}},{"start":{"line":236,"column":8},"end":{"line":236,"column":37}}],"line":234},"52":{"loc":{"start":{"line":234,"column":4},"end":{"line":234,"column":71}},"type":"binary-expr","locations":[{"start":{"line":234,"column":4},"end":{"line":234,"column":41}},{"start":{"line":234,"column":45},"end":{"line":234,"column":71}}],"line":234},"53":{"loc":{"start":{"line":239,"column":4},"end":{"line":243,"column":11}},"type":"cond-expr","locations":[{"start":{"line":240,"column":8},"end":{"line":240,"column":34}},{"start":{"line":241,"column":8},"end":{"line":243,"column":11}}],"line":239},"54":{"loc":{"start":{"line":239,"column":4},"end":{"line":239,"column":79}},"type":"binary-expr","locations":[{"start":{"line":239,"column":4},"end":{"line":239,"column":45}},{"start":{"line":239,"column":49},"end":{"line":239,"column":79}}],"line":239},"55":{"loc":{"start":{"line":241,"column":8},"end":{"line":243,"column":11}},"type":"cond-expr","locations":[{"start":{"line":242,"column":10},"end":{"line":242,"column":47}},{"start":{"line":243,"column":10},"end":{"line":243,"column":11}}],"line":241},"56":{"loc":{"start":{"line":241,"column":8},"end":{"line":241,"column":34}},"type":"binary-expr","locations":[{"start":{"line":241,"column":8},"end":{"line":241,"column":20}},{"start":{"line":241,"column":24},"end":{"line":241,"column":34}}],"line":241},"57":{"loc":{"start":{"line":251,"column":23},"end":{"line":251,"column":49}},"type":"binary-expr","locations":[{"start":{"line":251,"column":23},"end":{"line":251,"column":40}},{"start":{"line":251,"column":44},"end":{"line":251,"column":49}}],"line":251},"58":{"loc":{"start":{"line":252,"column":14},"end":{"line":252,"column":61}},"type":"cond-expr","locations":[{"start":{"line":252,"column":27},"end":{"line":252,"column":49}},{"start":{"line":252,"column":52},"end":{"line":252,"column":61}}],"line":252},"59":{"loc":{"start":{"line":271,"column":14},"end":{"line":271,"column":82}},"type":"cond-expr","locations":[{"start":{"line":271,"column":57},"end":{"line":271,"column":73}},{"start":{"line":271,"column":76},"end":{"line":271,"column":82}}],"line":271},"60":{"loc":{"start":{"line":271,"column":14},"end":{"line":271,"column":54}},"type":"binary-expr","locations":[{"start":{"line":271,"column":14},"end":{"line":271,"column":30}},{"start":{"line":271,"column":34},"end":{"line":271,"column":54}}],"line":271},"61":{"loc":{"start":{"line":273,"column":2},"end":{"line":275,"column":3}},"type":"if","locations":[{"start":{"line":273,"column":2},"end":{"line":275,"column":3}},{"start":{},"end":{}}],"line":273},"62":{"loc":{"start":{"line":273,"column":6},"end":{"line":273,"column":83}},"type":"binary-expr","locations":[{"start":{"line":273,"column":6},"end":{"line":273,"column":25}},{"start":{"line":273,"column":29},"end":{"line":273,"column":52}},{"start":{"line":273,"column":56},"end":{"line":273,"column":83}}],"line":273},"63":{"loc":{"start":{"line":279,"column":21},"end":{"line":279,"column":91}},"type":"cond-expr","locations":[{"start":{"line":279,"column":50},"end":{"line":279,"column":87}},{"start":{"line":279,"column":90},"end":{"line":279,"column":91}}],"line":279},"64":{"loc":{"start":{"line":279,"column":21},"end":{"line":279,"column":47}},"type":"binary-expr","locations":[{"start":{"line":279,"column":21},"end":{"line":279,"column":33}},{"start":{"line":279,"column":37},"end":{"line":279,"column":47}}],"line":279},"65":{"loc":{"start":{"line":288,"column":14},"end":{"line":288,"column":61}},"type":"cond-expr","locations":[{"start":{"line":288,"column":27},"end":{"line":288,"column":49}},{"start":{"line":288,"column":52},"end":{"line":288,"column":61}}],"line":288},"66":{"loc":{"start":{"line":293,"column":42},"end":{"line":293,"column":56}},"type":"binary-expr","locations":[{"start":{"line":293,"column":42},"end":{"line":293,"column":51}},{"start":{"line":293,"column":55},"end":{"line":293,"column":56}}],"line":293}},"s":{"0":9,"1":9,"2":9,"3":5,"4":3,"5":2,"6":4,"7":3,"8":3,"9":3,"10":1,"11":1,"12":1,"13":2,"14":4,"15":3,"16":3,"17":1,"18":2,"19":2,"20":1,"21":1,"22":5,"23":5,"24":3,"25":3,"26":3,"27":2,"28":4,"29":4,"30":4,"31":4,"32":2,"33":2,"34":2,"35":2,"36":4,"37":4,"38":4,"39":2,"40":2,"41":2,"42":1,"43":2,"44":1,"45":3,"46":2,"47":2,"48":1,"49":1,"50":2,"51":2,"52":2,"53":2,"54":1,"55":2,"56":6,"57":6,"58":6,"59":6,"60":5,"61":5,"62":5,"63":5,"64":5,"65":1,"66":5,"67":5,"68":5,"69":5,"70":1,"71":10},"f":{"0":9,"1":3,"2":4,"3":3,"4":3,"5":1,"6":5,"7":4,"8":4,"9":3,"10":2,"11":2,"12":6,"13":5,"14":10},"b":{"0":[9],"1":[9,0],"2":[5,4],"3":[3,2],"4":[3,0],"5":[3,3,2],"6":[1,2],"7":[3,1],"8":[1,1,1],"9":[1,0],"10":[1,1],"11":[1,1],"12":[1,0],"13":[1,1],"14":[1,1],"15":[1,1],"16":[1,1],"17":[0],"18":[5,0,0],"19":[3,2],"20":[5,5],"21":[3,3,3],"22":[3,3],"23":[3,3],"24":[2,1],"25":[2,1],"26":[0],"27":[4,0],"28":[4,0],"29":[4,4,2],"30":[2,2],"31":[4,2],"32":[2,1,1],"33":[2,1],"34":[2,0],"35":[2,0],"36":[2,1],"37":[2,2],"38":[4,0],"39":[2,2],"40":[2,0],"41":[2,2,1,1],"42":[1,1],"43":[1,1],"44":[1,1],"45":[2,0,0,0],"46":[1,0],"47":[2,0],"48":[2,2,1,1],"49":[1,1],"50":[1,0],"51":[1,5],"52":[6,3],"53":[1,5],"54":[6,1],"55":[0,5],"56":[5,5],"57":[6,5],"58":[1,5],"59":[0,5],"60":[5,0],"61":[1,4],"62":[5,1,1],"63":[1,4],"64":[5,4],"65":[1,4],"66":[10,2]},"_coverageSchema":"1a1c01bbd47fc00a2c39e90264f33305004495a9","hash":"4ad000407ecd62c6660d7674c647aeac409ef16b"}
,"C:\\Users\\HUAWEI\\Desktop\\nubian_platform\\apps\\mobile\\domain\\product\\product.normalize.ts": {"path":"C:\\Users\\HUAWEI\\Desktop\\nubian_platform\\apps\\mobile\\domain\\product\\product.normalize.ts","statementMap":{"0":{"start":{"line":112,"column":2},"end":{"line":112,"column":64}},"1":{"start":{"line":116,"column":2},"end":{"line":116,"column":47}},"2":{"start":{"line":127,"column":2},"end":{"line":127,"column":61}},"3":{"start":{"line":127,"column":49},"end":{"line":127,"column":61}},"4":{"start":{"line":128,"column":2},"end":{"line":128,"column":67}},"5":{"start":{"line":128,"column":55},"end":{"line":128,"column":67}},"6":{"start":{"line":129,"column":12},"end":{"line":129,"column":21}},"7":{"start":{"line":130,"column":2},"end":{"line":130,"column":39}},"8":{"start":{"line":141,"column":2},"end":{"line":141,"column":64}},"9":{"start":{"line":145,"column":2},"end":{"line":145,"column":48}},"10":{"start":{"line":149,"column":2},"end":{"line":149,"column":35}},"11":{"start":{"line":149,"column":25},"end":{"line":149,"column":35}},"12":{"start":{"line":150,"column":2},"end":{"line":150,"column":51}},"13":{"start":{"line":150,"column":22},"end":{"line":150,"column":33}},"14":{"start":{"line":154,"column":2},"end":{"line":154,"column":24}},"15":{"start":{"line":154,"column":14},"end":{"line":154,"column":24}},"16":{"start":{"line":156,"column":38},"end":{"line":156,"column":40}},"17":{"start":{"line":159,"column":2},"end":{"line":175,"column":3}},"18":{"start":{"line":160,"column":4},"end":{"line":173,"column":5}},"19":{"start":{"line":161,"column":6},"end":{"line":172,"column":7}},"20":{"start":{"line":162,"column":20},"end":{"line":164,"column":24}},"21":{"start":{"line":165,"column":20},"end":{"line":166,"column":17}},"22":{"start":{"line":167,"column":8},"end":{"line":167,"column":39}},"23":{"start":{"line":167,"column":24},"end":{"line":167,"column":39}},"24":{"start":{"line":168,"column":13},"end":{"line":172,"column":7}},"25":{"start":{"line":169,"column":20},"end":{"line":169,"column":68}},"26":{"start":{"line":170,"column":20},"end":{"line":170,"column":42}},"27":{"start":{"line":171,"column":8},"end":{"line":171,"column":39}},"28":{"start":{"line":171,"column":24},"end":{"line":171,"column":39}},"29":{"start":{"line":174,"column":4},"end":{"line":174,"column":15}},"30":{"start":{"line":177,"column":2},"end":{"line":186,"column":3}},"31":{"start":{"line":179,"column":20},"end":{"line":179,"column":96}},"32":{"start":{"line":180,"column":4},"end":{"line":184,"column":5}},"33":{"start":{"line":181,"column":18},"end":{"line":181,"column":50}},"34":{"start":{"line":182,"column":18},"end":{"line":182,"column":36}},"35":{"start":{"line":183,"column":6},"end":{"line":183,"column":37}},"36":{"start":{"line":183,"column":22},"end":{"line":183,"column":37}},"37":{"start":{"line":185,"column":4},"end":{"line":185,"column":15}},"38":{"start":{"line":188,"column":2},"end":{"line":188,"column":13}},"39":{"start":{"line":192,"column":2},"end":{"line":192,"column":52}},"40":{"start":{"line":192,"column":35},"end":{"line":192,"column":52}},"41":{"start":{"line":193,"column":2},"end":{"line":193,"column":87}},"42":{"start":{"line":193,"column":70},"end":{"line":193,"column":87}},"43":{"start":{"line":194,"column":2},"end":{"line":203,"column":4}},"44":{"start":{"line":207,"column":2},"end":{"line":207,"column":52}},"45":{"start":{"line":207,"column":35},"end":{"line":207,"column":52}},"46":{"start":{"line":208,"column":2},"end":{"line":215,"column":4}},"47":{"start":{"line":223,"column":23},"end":{"line":223,"column":72}},"48":{"start":{"line":224,"column":2},"end":{"line":249,"column":4}},"49":{"start":{"line":253,"column":2},"end":{"line":260,"column":4}},"50":{"start":{"line":276,"column":17},"end":{"line":276,"column":27}},"51":{"start":{"line":281,"column":13},"end":{"line":281,"column":55}},"52":{"start":{"line":282,"column":19},"end":{"line":282,"column":39}},"53":{"start":{"line":284,"column":4},"end":{"line":284,"column":103}},"54":{"start":{"line":286,"column":4},"end":{"line":288,"column":13}},"55":{"start":{"line":293,"column":22},"end":{"line":297,"column":10}},"56":{"start":{"line":298,"column":24},"end":{"line":298,"column":57}},"57":{"start":{"line":299,"column":19},"end":{"line":299,"column":114}},"58":{"start":{"line":299,"column":74},"end":{"line":299,"column":108}},"59":{"start":{"line":302,"column":22},"end":{"line":302,"column":60}},"60":{"start":{"line":305,"column":21},"end":{"line":305,"column":41}},"61":{"start":{"line":306,"column":18},"end":{"line":306,"column":51}},"62":{"start":{"line":312,"column":4},"end":{"line":315,"column":35}},"63":{"start":{"line":317,"column":4},"end":{"line":317,"column":87}},"64":{"start":{"line":318,"column":27},"end":{"line":318,"column":116}},"65":{"start":{"line":320,"column":4},"end":{"line":320,"column":96}},"66":{"start":{"line":322,"column":4},"end":{"line":322,"column":96}},"67":{"start":{"line":324,"column":2},"end":{"line":399,"column":4}},"68":{"start":{"line":403,"column":2},"end":{"line":403,"column":52}},"69":{"start":{"line":403,"column":35},"end":{"line":403,"column":52}},"70":{"start":{"line":404,"column":2},"end":{"line":404,"column":51}},"71":{"start":{"line":404,"column":34},"end":{"line":404,"column":51}},"72":{"start":{"line":405,"column":2},"end":{"line":410,"column":4}}},"fnMap":{"0":{"name":"asString","decl":{"start":{"line":111,"column":9},"end":{"line":111,"column":17}},"loc":{"start":{"line":111,"column":34},"end":{"line":113,"column":1}},"line":111},"1":{"name":"asBool","decl":{"start":{"line":115,"column":9},"end":{"line":115,"column":15}},"loc":{"start":{"line":115,"column":51},"end":{"line":117,"column":1}},"line":115},"2":{"name":"asNum","decl":{"start":{"line":119,"column":9},"end":{"line":119,"column":14}},"loc":{"start":{"line":119,"column":38},"end":{"line":131,"column":1}},"line":119},"3":{"name":"asLegacyNumericPrice","decl":{"start":{"line":140,"column":9},"end":{"line":140,"column":29}},"loc":{"start":{"line":140,"column":57},"end":{"line":142,"column":1}},"line":140},"4":{"name":"asOptBool","decl":{"start":{"line":144,"column":9},"end":{"line":144,"column":18}},"loc":{"start":{"line":144,"column":52},"end":{"line":146,"column":1}},"line":144},"5":{"name":"asStringArray","decl":{"start":{"line":148,"column":9},"end":{"line":148,"column":22}},"loc":{"start":{"line":148,"column":41},"end":{"line":151,"column":1}},"line":148},"6":{"name":"(anonymous_6)","decl":{"start":{"line":150,"column":15},"end":{"line":150,"column":16}},"loc":{"start":{"line":150,"column":22},"end":{"line":150,"column":33}},"line":150},"7":{"name":"normalizeVariantAttributes","decl":{"start":{"line":153,"column":9},"end":{"line":153,"column":35}},"loc":{"start":{"line":153,"column":109},"end":{"line":189,"column":1}},"line":153},"8":{"name":"passthroughMoney","decl":{"start":{"line":191,"column":9},"end":{"line":191,"column":25}},"loc":{"start":{"line":191,"column":53},"end":{"line":204,"column":1}},"line":191},"9":{"name":"passthroughEnvelope","decl":{"start":{"line":206,"column":9},"end":{"line":206,"column":28}},"loc":{"start":{"line":206,"column":71},"end":{"line":216,"column":1}},"line":206},"10":{"name":"normalizeVariant","decl":{"start":{"line":218,"column":9},"end":{"line":218,"column":25}},"loc":{"start":{"line":218,"column":90},"end":{"line":250,"column":1}},"line":218},"11":{"name":"normalizeAttrDef","decl":{"start":{"line":252,"column":9},"end":{"line":252,"column":25}},"loc":{"start":{"line":252,"column":58},"end":{"line":261,"column":1}},"line":252},"12":{"name":"normalizeProduct","decl":{"start":{"line":275,"column":16},"end":{"line":275,"column":32}},"loc":{"start":{"line":275,"column":69},"end":{"line":400,"column":1}},"line":275},"13":{"name":"(anonymous_13)","decl":{"start":{"line":299,"column":67},"end":{"line":299,"column":68}},"loc":{"start":{"line":299,"column":74},"end":{"line":299,"column":108}},"line":299},"14":{"name":"passthroughCurrencyMeta","decl":{"start":{"line":402,"column":9},"end":{"line":402,"column":32}},"loc":{"start":{"line":402,"column":74},"end":{"line":411,"column":1}},"line":402}},"branchMap":{"0":{"loc":{"start":{"line":112,"column":9},"end":{"line":112,"column":63}},"type":"cond-expr","locations":[{"start":{"line":112,"column":33},"end":{"line":112,"column":34}},{"start":{"line":112,"column":37},"end":{"line":112,"column":63}}],"line":112},"1":{"loc":{"start":{"line":112,"column":37},"end":{"line":112,"column":63}},"type":"cond-expr","locations":[{"start":{"line":112,"column":49},"end":{"line":112,"column":51}},{"start":{"line":112,"column":54},"end":{"line":112,"column":63}}],"line":112},"2":{"loc":{"start":{"line":115,"column":24},"end":{"line":115,"column":40}},"type":"default-arg","locations":[{"start":{"line":115,"column":35},"end":{"line":115,"column":40}}],"line":115},"3":{"loc":{"start":{"line":116,"column":9},"end":{"line":116,"column":46}},"type":"cond-expr","locations":[{"start":{"line":116,"column":34},"end":{"line":116,"column":35}},{"start":{"line":116,"column":38},"end":{"line":116,"column":46}}],"line":116},"4":{"loc":{"start":{"line":127,"column":2},"end":{"line":127,"column":61}},"type":"if","locations":[{"start":{"line":127,"column":2},"end":{"line":127,"column":61}},{"start":{},"end":{}}],"line":127},"5":{"loc":{"start":{"line":127,"column":6},"end":{"line":127,"column":47}},"type":"binary-expr","locations":[{"start":{"line":127,"column":6},"end":{"line":127,"column":16}},{"start":{"line":127,"column":20},"end":{"line":127,"column":35}},{"start":{"line":127,"column":39},"end":{"line":127,"column":47}}],"line":127},"6":{"loc":{"start":{"line":128,"column":2},"end":{"line":128,"column":67}},"type":"if","locations":[{"start":{"line":128,"column":2},"end":{"line":128,"column":67}},{"start":{},"end":{}}],"line":128},"7":{"loc":{"start":{"line":128,"column":6},"end":{"line":128,"column":53}},"type":"binary-expr","locations":[{"start":{"line":128,"column":6},"end":{"line":128,"column":27}},{"start":{"line":128,"column":31},"end":{"line":128,"column":53}}],"line":128},"8":{"loc":{"start":{"line":130,"column":9},"end":{"line":130,"column":38}},"type":"cond-expr","locations":[{"start":{"line":130,"column":30},"end":{"line":130,"column":31}},{"start":{"line":130,"column":34},"end":{"line":130,"column":38}}],"line":130},"9":{"loc":{"start":{"line":141,"column":9},"end":{"line":141,"column":63}},"type":"cond-expr","locations":[{"start":{"line":141,"column":55},"end":{"line":141,"column":56}},{"start":{"line":141,"column":59},"end":{"line":141,"column":63}}],"line":141},"10":{"loc":{"start":{"line":141,"column":9},"end":{"line":141,"column":52}},"type":"binary-expr","locations":[{"start":{"line":141,"column":9},"end":{"line":141,"column":30}},{"start":{"line":141,"column":34},"end":{"line":141,"column":52}}],"line":141},"11":{"loc":{"start":{"line":145,"column":9},"end":{"line":145,"column":47}},"type":"cond-expr","locations":[{"start":{"line":145,"column":34},"end":{"line":145,"column":35}},{"start":{"line":145,"column":38},"end":{"line":145,"column":47}}],"line":145},"12":{"loc":{"start":{"line":149,"column":2},"end":{"line":149,"column":35}},"type":"if","locations":[{"start":{"line":149,"column":2},"end":{"line":149,"column":35}},{"start":{},"end":{}}],"line":149},"13":{"loc":{"start":{"line":154,"column":2},"end":{"line":154,"column":24}},"type":"if","locations":[{"start":{"line":154,"column":2},"end":{"line":154,"column":24}},{"start":{},"end":{}}],"line":154},"14":{"loc":{"start":{"line":159,"column":2},"end":{"line":175,"column":3}},"type":"if","locations":[{"start":{"line":159,"column":2},"end":{"line":175,"column":3}},{"start":{},"end":{}}],"line":159},"15":{"loc":{"start":{"line":161,"column":6},"end":{"line":172,"column":7}},"type":"if","locations":[{"start":{"line":161,"column":6},"end":{"line":172,"column":7}},{"start":{"line":168,"column":13},"end":{"line":172,"column":7}}],"line":161},"16":{"loc":{"start":{"line":161,"column":10},"end":{"line":161,"column":44}},"type":"binary-expr","locations":[{"start":{"line":161,"column":10},"end":{"line":161,"column":15}},{"start":{"line":161,"column":19},"end":{"line":161,"column":44}}],"line":161},"17":{"loc":{"start":{"line":162,"column":29},"end":{"line":162,"column":93}},"type":"binary-expr","locations":[{"start":{"line":162,"column":29},"end":{"line":162,"column":48}},{"start":{"line":162,"column":52},"end":{"line":162,"column":70}},{"start":{"line":162,"column":74},"end":{"line":162,"column":93}}],"line":162},"18":{"loc":{"start":{"line":165,"column":29},"end":{"line":165,"column":120}},"type":"binary-expr","locations":[{"start":{"line":165,"column":29},"end":{"line":165,"column":49}},{"start":{"line":165,"column":53},"end":{"line":165,"column":71}},{"start":{"line":165,"column":75},"end":{"line":165,"column":96}},{"start":{"line":165,"column":100},"end":{"line":165,"column":120}}],"line":165},"19":{"loc":{"start":{"line":167,"column":8},"end":{"line":167,"column":39}},"type":"if","locations":[{"start":{"line":167,"column":8},"end":{"line":167,"column":39}},{"start":{},"end":{}}],"line":167},"20":{"loc":{"start":{"line":167,"column":12},"end":{"line":167,"column":22}},"type":"binary-expr","locations":[{"start":{"line":167,"column":12},"end":{"line":167,"column":15}},{"start":{"line":167,"column":19},"end":{"line":167,"column":22}}],"line":167},"21":{"loc":{"start":{"line":168,"column":13},"end":{"line":172,"column":7}},"type":"if","locations":[{"start":{"line":168,"column":13},"end":{"line":172,"column":7}},{"start":{},"end":{}}],"line":168},"22":{"loc":{"start":{"line":168,"column":17},"end":{"line":168,"column":79}},"type":"binary-expr","locations":[{"start":{"line":168,"column":17},"end":{"line":168,"column":42}},{"start":{"line":168,"column":46},"end":{"line":168,"column":54}},{"start":{"line":168,"column":58},"end":{"line":168,"column":79}}],"line":168},"23":{"loc":{"start":{"line":171,"column":8},"end":{"line":171,"column":39}},"type":"if","locations":[{"start":{"line":171,"column":8},"end":{"line":171,"column":39}},{"start":{},"end":{}}],"line":171},"24":{"loc":{"start":{"line":171,"column":12},"end":{"line":171,"column":22}},"type":"binary-expr","locations":[{"start":{"line":171,"column":12},"end":{"line":171,"column":15}},{"start":{"line":171,"column":19},"end":{"line":171,"column":22}}],"line":171},"25":{"loc":{"start":{"line":177,"column":2},"end":{"line":186,"column":3}},"type":"if","locations":[{"start":{"line":177,"column":2},"end":{"line":186,"column":3}},{"start":{},"end":{}}],"line":177},"26":{"loc":{"start":{"line":179,"column":20},"end":{"line":179,"column":96}},"type":"cond-expr","locations":[{"start":{"line":179,"column":45},"end":{"line":179,"column":72}},{"start":{"line":179,"column":75},"end":{"line":179,"column":96}}],"line":179},"27":{"loc":{"start":{"line":183,"column":6},"end":{"line":183,"column":37}},"type":"if","locations":[{"start":{"line":183,"column":6},"end":{"line":183,"column":37}},{"start":{},"end":{}}],"line":183},"28":{"loc":{"start":{"line":183,"column":10},"end":{"line":183,"column":20}},"type":"binary-expr","locations":[{"start":{"line":183,"column":10},"end":{"line":183,"column":13}},{"start":{"line":183,"column":17},"end":{"line":183,"column":20}}],"line":183},"29":{"loc":{"start":{"line":192,"column":2},"end":{"line":192,"column":52}},"type":"if","locations":[{"start":{"line":192,"column":2},"end":{"line":192,"column":52}},{"start":{},"end":{}}],"line":192},"30":{"loc":{"start":{"line":192,"column":6},"end":{"line":192,"column":33}},"type":"binary-expr","locations":[{"start":{"line":192,"column":6},"end":{"line":192,"column":8}},{"start":{"line":192,"column":12},"end":{"line":192,"column":33}}],"line":192},"31":{"loc":{"start":{"line":193,"column":2},"end":{"line":193,"column":87}},"type":"if","locations":[{"start":{"line":193,"column":2},"end":{"line":193,"column":87}},{"start":{},"end":{}}],"line":193},"32":{"loc":{"start":{"line":193,"column":6},"end":{"line":193,"column":68}},"type":"binary-expr","locations":[{"start":{"line":193,"column":6},"end":{"line":193,"column":34}},{"start":{"line":193,"column":38},"end":{"line":193,"column":68}}],"line":193},"33":{"loc":{"start":{"line":197,"column":15},"end":{"line":197,"column":72}},"type":"cond-expr","locations":[{"start":{"line":197,"column":49},"end":{"line":197,"column":60}},{"start":{"line":197,"column":63},"end":{"line":197,"column":72}}],"line":197},"34":{"loc":{"start":{"line":198,"column":14},"end":{"line":198,"column":69}},"type":"cond-expr","locations":[{"start":{"line":198,"column":47},"end":{"line":198,"column":57}},{"start":{"line":198,"column":60},"end":{"line":198,"column":69}}],"line":198},"35":{"loc":{"start":{"line":199,"column":10},"end":{"line":199,"column":57}},"type":"cond-expr","locations":[{"start":{"line":199,"column":39},"end":{"line":199,"column":45}},{"start":{"line":199,"column":48},"end":{"line":199,"column":57}}],"line":199},"36":{"loc":{"start":{"line":200,"column":18},"end":{"line":200,"column":81}},"type":"cond-expr","locations":[{"start":{"line":200,"column":55},"end":{"line":200,"column":69}},{"start":{"line":200,"column":72},"end":{"line":200,"column":81}}],"line":200},"37":{"loc":{"start":{"line":201,"column":14},"end":{"line":201,"column":64}},"type":"cond-expr","locations":[{"start":{"line":201,"column":47},"end":{"line":201,"column":57}},{"start":{"line":201,"column":60},"end":{"line":201,"column":64}}],"line":201},"38":{"loc":{"start":{"line":202,"column":21},"end":{"line":202,"column":91}},"type":"cond-expr","locations":[{"start":{"line":202,"column":62},"end":{"line":202,"column":79}},{"start":{"line":202,"column":82},"end":{"line":202,"column":91}}],"line":202},"39":{"loc":{"start":{"line":207,"column":2},"end":{"line":207,"column":52}},"type":"if","locations":[{"start":{"line":207,"column":2},"end":{"line":207,"column":52}},{"start":{},"end":{}}],"line":207},"40":{"loc":{"start":{"line":207,"column":6},"end":{"line":207,"column":33}},"type":"binary-expr","locations":[{"start":{"line":207,"column":6},"end":{"line":207,"column":8}},{"start":{"line":207,"column":12},"end":{"line":207,"column":33}}],"line":207},"41":{"loc":{"start":{"line":213,"column":24},"end":{"line":213,"column":99}},"type":"cond-expr","locations":[{"start":{"line":213,"column":67},"end":{"line":213,"column":87}},{"start":{"line":213,"column":90},"end":{"line":213,"column":99}}],"line":213},"42":{"loc":{"start":{"line":214,"column":17},"end":{"line":214,"column":79}},"type":"cond-expr","locations":[{"start":{"line":214,"column":54},"end":{"line":214,"column":67}},{"start":{"line":214,"column":70},"end":{"line":214,"column":79}}],"line":214},"43":{"loc":{"start":{"line":223,"column":43},"end":{"line":223,"column":71}},"type":"binary-expr","locations":[{"start":{"line":223,"column":43},"end":{"line":223,"column":59}},{"start":{"line":223,"column":63},"end":{"line":223,"column":71}}],"line":223},"44":{"loc":{"start":{"line":228,"column":26},"end":{"line":228,"column":47}},"type":"binary-expr","locations":[{"start":{"line":228,"column":26},"end":{"line":228,"column":42}},{"start":{"line":228,"column":46},"end":{"line":228,"column":47}}],"line":228},"45":{"loc":{"start":{"line":229,"column":11},"end":{"line":229,"column":81}},"type":"cond-expr","locations":[{"start":{"line":229,"column":42},"end":{"line":229,"column":49}},{"start":{"line":229,"column":52},"end":{"line":229,"column":81}}],"line":229},"46":{"loc":{"start":{"line":229,"column":59},"end":{"line":229,"column":80}},"type":"binary-expr","locations":[{"start":{"line":229,"column":59},"end":{"line":229,"column":75}},{"start":{"line":229,"column":79},"end":{"line":229,"column":80}}],"line":229},"47":{"loc":{"start":{"line":231,"column":18},"end":{"line":231,"column":53}},"type":"binary-expr","locations":[{"start":{"line":231,"column":18},"end":{"line":231,"column":40}},{"start":{"line":231,"column":44},"end":{"line":231,"column":53}}],"line":231},"48":{"loc":{"start":{"line":232,"column":19},"end":{"line":232,"column":55}},"type":"binary-expr","locations":[{"start":{"line":232,"column":19},"end":{"line":232,"column":42}},{"start":{"line":232,"column":46},"end":{"line":232,"column":55}}],"line":232},"49":{"loc":{"start":{"line":233,"column":22},"end":{"line":233,"column":61}},"type":"binary-expr","locations":[{"start":{"line":233,"column":22},"end":{"line":233,"column":48}},{"start":{"line":233,"column":52},"end":{"line":233,"column":61}}],"line":233},"50":{"loc":{"start":{"line":235,"column":24},"end":{"line":235,"column":56}},"type":"binary-expr","locations":[{"start":{"line":235,"column":24},"end":{"line":235,"column":43}},{"start":{"line":235,"column":47},"end":{"line":235,"column":56}}],"line":235},"51":{"loc":{"start":{"line":236,"column":24},"end":{"line":236,"column":56}},"type":"binary-expr","locations":[{"start":{"line":236,"column":24},"end":{"line":236,"column":43}},{"start":{"line":236,"column":47},"end":{"line":236,"column":56}}],"line":236},"52":{"loc":{"start":{"line":237,"column":24},"end":{"line":237,"column":60}},"type":"binary-expr","locations":[{"start":{"line":237,"column":24},"end":{"line":237,"column":47}},{"start":{"line":237,"column":51},"end":{"line":237,"column":60}}],"line":237},"53":{"loc":{"start":{"line":238,"column":24},"end":{"line":238,"column":57}},"type":"binary-expr","locations":[{"start":{"line":238,"column":24},"end":{"line":238,"column":44}},{"start":{"line":238,"column":48},"end":{"line":238,"column":57}}],"line":238},"54":{"loc":{"start":{"line":239,"column":24},"end":{"line":239,"column":61}},"type":"binary-expr","locations":[{"start":{"line":239,"column":24},"end":{"line":239,"column":48}},{"start":{"line":239,"column":52},"end":{"line":239,"column":61}}],"line":239},"55":{"loc":{"start":{"line":240,"column":24},"end":{"line":240,"column":65}},"type":"binary-expr","locations":[{"start":{"line":240,"column":24},"end":{"line":240,"column":52}},{"start":{"line":240,"column":56},"end":{"line":240,"column":65}}],"line":240},"56":{"loc":{"start":{"line":241,"column":24},"end":{"line":241,"column":87}},"type":"cond-expr","locations":[{"start":{"line":241,"column":62},"end":{"line":241,"column":75}},{"start":{"line":241,"column":78},"end":{"line":241,"column":87}}],"line":241},"57":{"loc":{"start":{"line":243,"column":19},"end":{"line":243,"column":55}},"type":"binary-expr","locations":[{"start":{"line":243,"column":19},"end":{"line":243,"column":42}},{"start":{"line":243,"column":46},"end":{"line":243,"column":55}}],"line":243},"58":{"loc":{"start":{"line":244,"column":20},"end":{"line":244,"column":57}},"type":"binary-expr","locations":[{"start":{"line":244,"column":20},"end":{"line":244,"column":44}},{"start":{"line":244,"column":48},"end":{"line":244,"column":57}}],"line":244},"59":{"loc":{"start":{"line":245,"column":18},"end":{"line":245,"column":56}},"type":"binary-expr","locations":[{"start":{"line":245,"column":18},"end":{"line":245,"column":43}},{"start":{"line":245,"column":47},"end":{"line":245,"column":56}}],"line":245},"60":{"loc":{"start":{"line":246,"column":18},"end":{"line":246,"column":31}},"type":"binary-expr","locations":[{"start":{"line":246,"column":18},"end":{"line":246,"column":26}},{"start":{"line":246,"column":30},"end":{"line":246,"column":31}}],"line":246},"61":{"loc":{"start":{"line":248,"column":14},"end":{"line":248,"column":50}},"type":"cond-expr","locations":[{"start":{"line":248,"column":38},"end":{"line":248,"column":43}},{"start":{"line":248,"column":46},"end":{"line":248,"column":50}}],"line":248},"62":{"loc":{"start":{"line":281,"column":13},"end":{"line":281,"column":55}},"type":"binary-expr","locations":[{"start":{"line":281,"column":13},"end":{"line":281,"column":31}},{"start":{"line":281,"column":35},"end":{"line":281,"column":55}}],"line":281},"63":{"loc":{"start":{"line":284,"column":4},"end":{"line":284,"column":103}},"type":"binary-expr","locations":[{"start":{"line":284,"column":5},"end":{"line":284,"column":70}},{"start":{"line":284,"column":75},"end":{"line":284,"column":103}}],"line":284},"64":{"loc":{"start":{"line":284,"column":5},"end":{"line":284,"column":70}},"type":"cond-expr","locations":[{"start":{"line":284,"column":36},"end":{"line":284,"column":44}},{"start":{"line":284,"column":47},"end":{"line":284,"column":70}}],"line":284},"65":{"loc":{"start":{"line":286,"column":4},"end":{"line":288,"column":13}},"type":"binary-expr","locations":[{"start":{"line":286,"column":5},"end":{"line":286,"column":77}},{"start":{"line":287,"column":4},"end":{"line":287,"column":34}},{"start":{"line":288,"column":4},"end":{"line":288,"column":13}}],"line":286},"66":{"loc":{"start":{"line":286,"column":5},"end":{"line":286,"column":77}},"type":"cond-expr","locations":[{"start":{"line":286,"column":48},"end":{"line":286,"column":72}},{"start":{"line":286,"column":75},"end":{"line":286,"column":77}}],"line":286},"67":{"loc":{"start":{"line":286,"column":5},"end":{"line":286,"column":45}},"type":"binary-expr","locations":[{"start":{"line":286,"column":5},"end":{"line":286,"column":33}},{"start":{"line":286,"column":37},"end":{"line":286,"column":45}}],"line":286},"68":{"loc":{"start":{"line":293,"column":22},"end":{"line":297,"column":10}},"type":"cond-expr","locations":[{"start":{"line":294,"column":6},"end":{"line":294,"column":20}},{"start":{"line":295,"column":6},"end":{"line":297,"column":10}}],"line":293},"69":{"loc":{"start":{"line":295,"column":6},"end":{"line":297,"column":10}},"type":"cond-expr","locations":[{"start":{"line":296,"column":8},"end":{"line":296,"column":28}},{"start":{"line":297,"column":8},"end":{"line":297,"column":10}}],"line":295},"70":{"loc":{"start":{"line":299,"column":19},"end":{"line":299,"column":114}},"type":"cond-expr","locations":[{"start":{"line":299,"column":50},"end":{"line":299,"column":109}},{"start":{"line":299,"column":112},"end":{"line":299,"column":114}}],"line":299},"71":{"loc":{"start":{"line":302,"column":22},"end":{"line":302,"column":60}},"type":"binary-expr","locations":[{"start":{"line":302,"column":22},"end":{"line":302,"column":38}},{"start":{"line":302,"column":42},"end":{"line":302,"column":60}}],"line":302},"72":{"loc":{"start":{"line":305,"column":21},"end":{"line":305,"column":41}},"type":"binary-expr","locations":[{"start":{"line":305,"column":21},"end":{"line":305,"column":35}},{"start":{"line":305,"column":39},"end":{"line":305,"column":41}}],"line":305},"73":{"loc":{"start":{"line":306,"column":18},"end":{"line":306,"column":51}},"type":"binary-expr","locations":[{"start":{"line":306,"column":18},"end":{"line":306,"column":45}},{"start":{"line":306,"column":49},"end":{"line":306,"column":51}}],"line":306},"74":{"loc":{"start":{"line":312,"column":4},"end":{"line":315,"column":35}},"type":"binary-expr","locations":[{"start":{"line":312,"column":4},"end":{"line":312,"column":29}},{"start":{"line":313,"column":4},"end":{"line":313,"column":39}},{"start":{"line":314,"column":4},"end":{"line":314,"column":32}},{"start":{"line":315,"column":4},"end":{"line":315,"column":35}}],"line":312},"75":{"loc":{"start":{"line":317,"column":4},"end":{"line":317,"column":87}},"type":"binary-expr","locations":[{"start":{"line":317,"column":4},"end":{"line":317,"column":26}},{"start":{"line":317,"column":30},"end":{"line":317,"column":55}},{"start":{"line":317,"column":59},"end":{"line":317,"column":87}}],"line":317},"76":{"loc":{"start":{"line":318,"column":27},"end":{"line":318,"column":116}},"type":"binary-expr","locations":[{"start":{"line":318,"column":27},"end":{"line":318,"column":51}},{"start":{"line":318,"column":55},"end":{"line":318,"column":82}},{"start":{"line":318,"column":86},"end":{"line":318,"column":116}}],"line":318},"77":{"loc":{"start":{"line":320,"column":4},"end":{"line":320,"column":96}},"type":"binary-expr","locations":[{"start":{"line":320,"column":4},"end":{"line":320,"column":29}},{"start":{"line":320,"column":33},"end":{"line":320,"column":61}},{"start":{"line":320,"column":65},"end":{"line":320,"column":96}}],"line":320},"78":{"loc":{"start":{"line":322,"column":4},"end":{"line":322,"column":96}},"type":"binary-expr","locations":[{"start":{"line":322,"column":4},"end":{"line":322,"column":29}},{"start":{"line":322,"column":33},"end":{"line":322,"column":61}},{"start":{"line":322,"column":65},"end":{"line":322,"column":96}}],"line":322},"79":{"loc":{"start":{"line":328,"column":14},"end":{"line":328,"column":52}},"type":"cond-expr","locations":[{"start":{"line":328,"column":40},"end":{"line":328,"column":45}},{"start":{"line":328,"column":48},"end":{"line":328,"column":52}}],"line":328},"80":{"loc":{"start":{"line":329,"column":27},"end":{"line":329,"column":78}},"type":"cond-expr","locations":[{"start":{"line":329,"column":66},"end":{"line":329,"column":71}},{"start":{"line":329,"column":74},"end":{"line":329,"column":78}}],"line":329},"81":{"loc":{"start":{"line":330,"column":15},"end":{"line":330,"column":62}},"type":"cond-expr","locations":[{"start":{"line":330,"column":32},"end":{"line":330,"column":55}},{"start":{"line":330,"column":58},"end":{"line":330,"column":62}}],"line":330},"82":{"loc":{"start":{"line":335,"column":16},"end":{"line":335,"column":66}},"type":"cond-expr","locations":[{"start":{"line":335,"column":38},"end":{"line":335,"column":42}},{"start":{"line":335,"column":45},"end":{"line":335,"column":66}}],"line":335},"83":{"loc":{"start":{"line":342,"column":13},"end":{"line":342,"column":84}},"type":"cond-expr","locations":[{"start":{"line":342,"column":31},"end":{"line":342,"column":35}},{"start":{"line":342,"column":39},"end":{"line":342,"column":83}}],"line":342},"84":{"loc":{"start":{"line":342,"column":39},"end":{"line":342,"column":83}},"type":"binary-expr","locations":[{"start":{"line":342,"column":39},"end":{"line":342,"column":56}},{"start":{"line":342,"column":60},"end":{"line":342,"column":83}}],"line":342},"85":{"loc":{"start":{"line":343,"column":21},"end":{"line":343,"column":63}},"type":"cond-expr","locations":[{"start":{"line":343,"column":39},"end":{"line":343,"column":43}},{"start":{"line":343,"column":46},"end":{"line":343,"column":63}}],"line":343},"86":{"loc":{"start":{"line":344,"column":18},"end":{"line":344,"column":57}},"type":"cond-expr","locations":[{"start":{"line":344,"column":36},"end":{"line":344,"column":40}},{"start":{"line":344,"column":43},"end":{"line":344,"column":57}}],"line":344},"87":{"loc":{"start":{"line":345,"column":20},"end":{"line":345,"column":61}},"type":"cond-expr","locations":[{"start":{"line":345,"column":38},"end":{"line":345,"column":42}},{"start":{"line":345,"column":45},"end":{"line":345,"column":61}}],"line":345},"88":{"loc":{"start":{"line":346,"column":21},"end":{"line":346,"column":63}},"type":"cond-expr","locations":[{"start":{"line":346,"column":39},"end":{"line":346,"column":43}},{"start":{"line":346,"column":46},"end":{"line":346,"column":63}}],"line":346},"89":{"loc":{"start":{"line":347,"column":21},"end":{"line":347,"column":63}},"type":"cond-expr","locations":[{"start":{"line":347,"column":39},"end":{"line":347,"column":43}},{"start":{"line":347,"column":46},"end":{"line":347,"column":63}}],"line":347},"90":{"loc":{"start":{"line":352,"column":22},"end":{"line":352,"column":67}},"type":"binary-expr","locations":[{"start":{"line":352,"column":22},"end":{"line":352,"column":54}},{"start":{"line":352,"column":58},"end":{"line":352,"column":67}}],"line":352},"91":{"loc":{"start":{"line":365,"column":22},"end":{"line":365,"column":64}},"type":"binary-expr","locations":[{"start":{"line":365,"column":22},"end":{"line":365,"column":51}},{"start":{"line":365,"column":55},"end":{"line":365,"column":64}}],"line":365},"92":{"loc":{"start":{"line":376,"column":20},"end":{"line":376,"column":62}},"type":"binary-expr","locations":[{"start":{"line":376,"column":20},"end":{"line":376,"column":49}},{"start":{"line":376,"column":53},"end":{"line":376,"column":62}}],"line":376},"93":{"loc":{"start":{"line":377,"column":10},"end":{"line":377,"column":42}},"type":"binary-expr","locations":[{"start":{"line":377,"column":10},"end":{"line":377,"column":29}},{"start":{"line":377,"column":33},"end":{"line":377,"column":42}}],"line":377},"94":{"loc":{"start":{"line":383,"column":6},"end":{"line":386,"column":15}},"type":"binary-expr","locations":[{"start":{"line":383,"column":6},"end":{"line":383,"column":39}},{"start":{"line":384,"column":6},"end":{"line":384,"column":46}},{"start":{"line":385,"column":6},"end":{"line":385,"column":46}},{"start":{"line":386,"column":6},"end":{"line":386,"column":15}}],"line":383},"95":{"loc":{"start":{"line":387,"column":17},"end":{"line":387,"column":88}},"type":"binary-expr","locations":[{"start":{"line":387,"column":17},"end":{"line":387,"column":47}},{"start":{"line":387,"column":51},"end":{"line":387,"column":88}}],"line":387},"96":{"loc":{"start":{"line":388,"column":19},"end":{"line":388,"column":60}},"type":"binary-expr","locations":[{"start":{"line":388,"column":19},"end":{"line":388,"column":47}},{"start":{"line":388,"column":51},"end":{"line":388,"column":60}}],"line":388},"97":{"loc":{"start":{"line":392,"column":23},"end":{"line":392,"column":101}},"type":"binary-expr","locations":[{"start":{"line":392,"column":23},"end":{"line":392,"column":55}},{"start":{"line":392,"column":59},"end":{"line":392,"column":88}},{"start":{"line":392,"column":92},"end":{"line":392,"column":101}}],"line":392},"98":{"loc":{"start":{"line":393,"column":26},"end":{"line":393,"column":106}},"type":"binary-expr","locations":[{"start":{"line":393,"column":26},"end":{"line":393,"column":61}},{"start":{"line":393,"column":65},"end":{"line":393,"column":93}},{"start":{"line":393,"column":97},"end":{"line":393,"column":106}}],"line":393},"99":{"loc":{"start":{"line":394,"column":31},"end":{"line":394,"column":84}},"type":"binary-expr","locations":[{"start":{"line":394,"column":31},"end":{"line":394,"column":71}},{"start":{"line":394,"column":75},"end":{"line":394,"column":84}}],"line":394},"100":{"loc":{"start":{"line":403,"column":2},"end":{"line":403,"column":52}},"type":"if","locations":[{"start":{"line":403,"column":2},"end":{"line":403,"column":52}},{"start":{},"end":{}}],"line":403},"101":{"loc":{"start":{"line":403,"column":6},"end":{"line":403,"column":33}},"type":"binary-expr","locations":[{"start":{"line":403,"column":6},"end":{"line":403,"column":8}},{"start":{"line":403,"column":12},"end":{"line":403,"column":33}}],"line":403},"102":{"loc":{"start":{"line":404,"column":2},"end":{"line":404,"column":51}},"type":"if","locations":[{"start":{"line":404,"column":2},"end":{"line":404,"column":51}},{"start":{},"end":{}}],"line":404},"103":{"loc":{"start":{"line":407,"column":12},"end":{"line":407,"column":60}},"type":"cond-expr","locations":[{"start":{"line":407,"column":43},"end":{"line":407,"column":51}},{"start":{"line":407,"column":54},"end":{"line":407,"column":60}}],"line":407},"104":{"loc":{"start":{"line":408,"column":14},"end":{"line":408,"column":61}},"type":"cond-expr","locations":[{"start":{"line":408,"column":47},"end":{"line":408,"column":57}},{"start":{"line":408,"column":60},"end":{"line":408,"column":61}}],"line":408},"105":{"loc":{"start":{"line":409,"column":20},"end":{"line":409,"column":69}},"type":"cond-expr","locations":[{"start":{"line":409,"column":51},"end":{"line":409,"column":58}},{"start":{"line":409,"column":61},"end":{"line":409,"column":69}}],"line":409}},"s":{"0":1118,"1":99,"2":1836,"3":1429,"4":407,"5":0,"6":407,"7":407,"8":27,"9":87,"10":139,"11":31,"12":108,"13":112,"14":40,"15":1,"16":39,"17":39,"18":9,"19":12,"20":7,"21":7,"22":7,"23":5,"24":5,"25":2,"26":2,"27":2,"28":2,"29":9,"30":30,"31":29,"32":29,"33":29,"34":29,"35":29,"36":29,"37":29,"38":1,"39":212,"40":67,"41":145,"42":0,"43":145,"44":98,"45":45,"46":53,"47":40,"48":40,"49":41,"50":58,"51":58,"52":58,"53":58,"54":58,"55":58,"56":58,"57":58,"58":40,"59":58,"60":58,"61":58,"62":58,"63":58,"64":58,"65":58,"66":58,"67":58,"68":58,"69":37,"70":21,"71":0,"72":21},"f":{"0":1118,"1":99,"2":1836,"3":27,"4":87,"5":139,"6":112,"7":40,"8":212,"9":98,"10":40,"11":41,"12":58,"13":40,"14":58},"b":{"0":[783,335],"1":[335,0],"2":[58],"3":[48,51],"4":[1429,407],"5":[1836,1677,407],"6":[0,407],"7":[407,407],"8":[407,0],"9":[4,23],"10":[27,4],"11":[32,55],"12":[31,108],"13":[1,39],"14":[9,30],"15":[7,5],"16":[12,11],"17":[7,3,2],"18":[7,4,3,2],"19":[5,2],"20":[7,6],"21":[2,3],"22":[5,3,3],"23":[2,0],"24":[2,2],"25":[29,1],"26":[2,27],"27":[29,0],"28":[29,29],"29":[67,145],"30":[212,145],"31":[0,145],"32":[145,145],"33":[145,0],"34":[145,0],"35":[145,0],"36":[145,0],"37":[145,0],"38":[145,0],"39":[45,53],"40":[98,61],"41":[52,1],"42":[53,0],"43":[40,29],"44":[40,0],"45":[15,25],"46":[25,0],"47":[40,19],"48":[40,19],"49":[40,19],"50":[40,19],"51":[40,19],"52":[40,19],"53":[40,19],"54":[40,19],"55":[40,19],"56":[21,19],"57":[40,40],"58":[40,40],"59":[40,40],"60":[40,0],"61":[0,40],"62":[58,23],"63":[58,23],"64":[25,33],"65":[58,48,37],"66":[10,48],"67":[58,10],"68":[25,33],"69":[23,10],"70":[52,6],"71":[58,45],"72":[58,35],"73":[58,35],"74":[58,27,23,23],"75":[58,28,28],"76":[58,55,51],"77":[58,55,51],"78":[58,58,58],"79":[0,58],"80":[0,58],"81":[0,58],"82":[30,28],"83":[40,18],"84":[18,11],"85":[40,18],"86":[40,18],"87":[40,18],"88":[40,18],"89":[40,18],"90":[58,58],"91":[58,58],"92":[58,58],"93":[58,58],"94":[58,28,27,27],"95":[58,29],"96":[58,30],"97":[58,37,37],"98":[58,33,30],"99":[58,37],"100":[37,21],"101":[58,21],"102":[0,21],"103":[21,0],"104":[21,0],"105":[21,0]},"_coverageSchema":"1a1c01bbd47fc00a2c39e90264f33305004495a9","hash":"32104af1bd7e12cd318c5d693241b8d56a1d0a1e"}
[...]
":{"line":153,"column":38}},"51":{"start":{"line":156,"column":4},"end":{"line":156,"column":36}},"52":{"start":{"line":160,"column":4},"end":{"line":162,"column":5}},"53":{"start":{"line":161,"column":6},"end":{"line":161,"column":61}},"54":{"start":{"line":163,"column":4},"end":{"line":163,"column":39}},"55":{"start":{"line":167,"column":4},"end":{"line":167,"column":32}},"56":{"start":{"line":167,"column":25},"end":{"line":167,"column":32}},"57":{"start":{"line":169,"column":4},"end":{"line":176,"column":5}},"58":{"start":{"line":171,"column":6},"end":{"line":173,"column":7}},"59":{"start":{"line":172,"column":8},"end":{"line":172,"column":54}},"60":{"start":{"line":175,"column":6},"end":{"line":175,"column":65}},"61":{"start":{"line":181,"column":4},"end":{"line":184,"column":5}},"62":{"start":{"line":182,"column":6},"end":{"line":182,"column":17}},"63":{"start":{"line":183,"column":6},"end":{"line":183,"column":13}},"64":{"start":{"line":186,"column":22},"end":{"line":186,"column":32}},"65":{"start":{"line":187,"column":4},"end":{"line":187,"column":15}},"66":{"start":{"line":188,"column":20},"end":{"line":188,"column":30}},"67":{"start":{"line":190,"column":4},"end":{"line":195,"column":7}},"68":{"start":{"line":200,"column":4},"end":{"line":200,"column":32}},"69":{"start":{"line":200,"column":25},"end":{"line":200,"column":32}},"70":{"start":{"line":202,"column":4},"end":{"line":208,"column":7}},"71":{"start":{"line":213,"column":4},"end":{"line":213,"column":47}},"72":{"start":{"line":213,"column":35},"end":{"line":213,"column":47}},"73":{"start":{"line":215,"column":26},"end":{"line":215,"column":112}},"74":{"start":{"line":215,"column":63},"end":{"line":215,"column":86}},"75":{"start":{"line":216,"column":29},"end":{"line":218,"column":5}},"76":{"start":{"line":217,"column":6},"end":{"line":217,"column":63}},"77":{"start":{"line":220,"column":4},"end":{"line":228,"column":6}},"78":{"start":{"line":233,"column":4},"end":{"line":233,"column":54}},"79":{"start":{"line":233,"column":42},"end":{"line":233,"column":54}},"80":{"start":{"line":235,"column":24},"end":{"line":235,"column":122}},"81":{"start":{"line":235,"column":68},"end":{"line":235,"column":89}},"82":{"start":{"line":236,"column":27},"end":{"line":238,"column":5}},"83":{"start":{"line":237,"column":6},"end":{"line":237,"column":59}},"84":{"start":{"line":240,"column":4},"end":{"line":249,"column":6}},"85":{"start":{"line":254,"column":23},"end":{"line":254,"column":52}},"86":{"start":{"line":255,"column":4},"end":{"line":255,"column":80}},"87":{"start":{"line":255,"column":49},"end":{"line":255,"column":78}},"88":{"start":{"line":256,"column":4},"end":{"line":256,"column":94}},"89":{"start":{"line":256,"column":63},"end":{"line":256,"column":92}},"90":{"start":{"line":261,"column":4},"end":{"line":261,"column":22}},"91":{"start":{"line":262,"column":4},"end":{"line":262,"column":29}},"92":{"start":{"line":267,"column":4},"end":{"line":267,"column":29}},"93":{"start":{"line":272,"column":4},"end":{"line":277,"column":6}},"94":{"start":{"line":282,"column":37},"end":{"line":290,"column":1}},"95":{"start":{"line":283,"column":18},"end":{"line":283,"column":50}},"96":{"start":{"line":285,"column":24},"end":{"line":287,"column":3}},"97":{"start":{"line":286,"column":4},"end":{"line":286,"column":54}},"98":{"start":{"line":289,"column":2},"end":{"line":289,"column":27}},"99":{"start":{"line":293,"column":33},"end":{"line":301,"column":1}},"100":{"start":{"line":294,"column":18},"end":{"line":294,"column":50}},"101":{"start":{"line":296,"column":25},"end":{"line":298,"column":3}},"102":{"start":{"line":297,"column":4},"end":{"line":297,"column":75}},"103":{"start":{"line":300,"column":2},"end":{"line":300,"column":28}}},"fnMap":{"0":{"name":"markTapStart","decl":{"start":{"line":35,"column":16},"end":{"line":35,"column":28}},"loc":{"start":{"line":35,"column":54},"end":{"line":45,"column":1}},"line":35},"1":{"name":"markNavigationCall","decl":{"start":{"line":50,"column":16},"end":{"line":50,"column":34}},"loc":{"start":{"line":50,"column":60},"end":{"line":63,"column":1}},"line":50},"2":{"name":"markScreenMount","decl":{"start":{"line":68,"column":16},"end":{"line":68,"column":31}},"loc":{"start":{"line":68,"column":57},"end":{"line":81,"column":1}},"line":68},"3":{"name":"markFetchStart","decl":{"start":{"line":86,"column":16},"end":{"line":86,"column":30}},"loc":{"start":{"line":86,"column":56},"end":{"line":98,"column":1}},"line":86},"4":{"name":"markFetchEnd","decl":{"start":{"line":103,"column":16},"end":{"line":103,"column":28}},"loc":{"start":{"line":103,"column":54},"end":{"line":115,"column":1}},"line":103},"5":{"name":"markContentReady","decl":{"start":{"line":120,"column":16},"end":{"line":120,"column":32}},"loc":{"start":{"line":120,"column":58},"end":{"line":140,"column":1}},"line":120},"6":{"name":"(anonymous_6)","decl":{"start":{"line":137,"column":17},"end":{"line":137,"column":18}},"loc":{"start":{"line":137,"column":23},"end":{"line":137,"column":58}},"line":137},"7":{"name":"getNavigationTiming","decl":{"start":{"line":145,"column":16},"end":{"line":145,"column":35}},"loc":{"start":{"line":145,"column":85},"end":{"line":147,"column":1}},"line":145},"8":{"name":"(anonymous_8)","decl":{"start":{"line":155,"column":2},"end":{"line":155,"column":3}},"loc":{"start":{"line":155,"column":24},"end":{"line":157,"column":3}},"line":155},"9":{"name":"(anonymous_9)","decl":{"start":{"line":159,"column":2},"end":{"line":159,"column":3}},"loc":{"start":{"line":159,"column":43},"end":{"line":164,"column":3}},"line":159},"10":{"name":"(anonymous_10)","decl":{"start":{"line":166,"column":2},"end":{"line":166,"column":3}},"loc":{"start":{"line":166,"column":37},"end":{"line":177,"column":3}},"line":166},"11":{"name":"(anonymous_11)","decl":{"start":{"line":180,"column":2},"end":{"line":180,"column":3}},"loc":{"start":{"line":180,"column":64},"end":{"line":196,"column":3}},"line":180},"12":{"name":"(anonymous_12)","decl":{"start":{"line":199,"column":2},"end":{"line":199,"column":3}},"loc":{"start":{"line":199,"column":105},"end":{"line":209,"column":3}},"line":199},"13":{"name":"(anonymous_13)","decl":{"start":{"line":212,"column":2},"end":{"line":212,"column":3}},"loc":{"start":{"line":212,"column":24},"end":{"line":229,"column":3}},"line":212},"14":{"name":"(anonymous_14)","decl":{"start":{"line":215,"column":46},"end":{"line":215,"column":47}},"loc":{"start":{"line":215,"column":63},"end":{"line":215,"column":86}},"line":215},"15":{"name":"(anonymous_15)","decl":{"start":{"line":216,"column":49},"end":{"line":216,"column":50}},"loc":{"start":{"line":217,"column":6},"end":{"line":217,"column":63}},"line":217},"16":{"name":"(anonymous_16)","decl":{"start":{"line":232,"column":2},"end":{"line":232,"column":3}},"loc":{"start":{"line":232,"column":20},"end":{"line":250,"column":3}},"line":232},"17":{"name":"(anonymous_17)","decl":{"start":{"line":235,"column":51},"end":{"line":235,"column":52}},"loc":{"start":{"line":235,"column":68},"end":{"line":235,"column":89}},"line":235},"18":{"name":"(anonymous_18)","decl":{"start":{"line":236,"column":54},"end":{"line":236,"column":55}},"loc":{"start":{"line":237,"column":6},"end":{"line":237,"column":59}},"line":237},"19":{"name":"(anonymous_19)","decl":{"start":{"line":253,"column":2},"end":{"line":253,"column":3}},"loc":{"start":{"line":253,"column":12},"end":{"line":257,"column":3}},"line":253},"20":{"name":"(anonymous_20)","decl":{"start":{"line":255,"column":39},"end":{"line":255,"column":40}},"loc":{"start":{"line":255,"column":49},"end":{"line":255,"column":78}},"line":255},"21":{"name":"(anonymous_21)","decl":{"start":{"line":256,"column":53},"end":{"line":256,"column":54}},"loc":{"start":{"line":256,"column":63},"end":{"line":256,"column":92}},"line":256},"22":{"name":"(anonymous_22)","decl":{"start":{"line":260,"column":2},"end":{"line":260,"column":3}},"loc":{"start":{"line":260,"column":10},"end":{"line":263,"column":3}},"line":260},"23":{"name":"(anonymous_23)","decl":{"start":{"line":266,"column":2},"end":{"line":266,"column":3}},"loc":{"start":{"line":266,"column":31},"end":{"line":268,"column":3}},"line":266},"24":{"name":"(anonymous_24)","decl":{"start":{"line":271,"column":2},"end":{"line":271,"column":3}},"loc":{"start":{"line":271,"column":15},"end":{"line":278,"column":3}},"line":271},"25":{"name":"(anonymous_25)","decl":{"start":{"line":282,"column":37},"end":{"line":282,"column":38}},"loc":{"start":{"line":282,"column":64},"end":{"line":290,"column":1}},"line":282},"26":{"name":"(anonymous_26)","decl":{"start":{"line":285,"column":24},"end":{"line":285,"column":25}},"loc":{"start":{"line":285,"column":50},"end":{"line":287,"column":3}},"line":285},"27":{"name":"(anonymous_27)","decl":{"start":{"line":293,"column":33},"end":{"line":293,"column":34}},"loc":{"start":{"line":293,"column":39},"end":{"line":301,"column":1}},"line":293},"28":{"name":"(anonymous_28)","decl":{"start":{"line":296,"column":25},"end":{"line":296,"column":26}},"loc":{"start":{"line":296,"column":110},"end":{"line":298,"column":3}},"line":296}},"branchMap":{"0":{"loc":{"start":{"line":42,"column":2},"end":{"line":44,"column":3}},"type":"if","locations":[{"start":{"line":42,"column":2},"end":{"line":44,"column":3}},{"start":{},"end":{}}],"line":42},"1":{"loc":{"start":{"line":52,"column":2},"end":{"line":62,"column":3}},"type":"if","locations":[{"start":{"line":52,"column":2},"end":{"line":62,"column":3}},{"start":{},"end":{}}],"line":52},"2":{"loc":{"start":{"line":56,"column":4},"end":{"line":61,"column":5}},"type":"if","locations":[{"start":{"line":56,"column":4},"end":{"line":61,"column":5}},{"start":{},"end":{}}],"line":56},"3":{"loc":{"start":{"line":58,"column":6},"end":{"line":60,"column":7}},"type":"if","locations":[{"start":{"line":58,"column":6},"end":{"line":60,"column":7}},{"start":{},"end":{}}],"line":58},"4":{"loc":{"start":{"line":70,"column":2},"end":{"line":80,"column":3}},"type":"if","locations":[{"start":{"line":70,"column":2},"end":{"line":80,"column":3}},{"start":{},"end":{}}],"line":70},"5":{"loc":{"start":{"line":73,"column":20},"end":{"line":75,"column":9}},"type":"cond-expr","locations":[{"start":{"line":74,"column":8},"end":{"line":74,"column":58}},{"start":{"line":75,"column":8},"end":{"line":75,"column":9}}],"line":73},"6":{"loc":{"start":{"line":77,"column":4},"end":{"line":79,"column":5}},"type":"if","locations":[{"start":{"line":77,"column":4},"end":{"line":79,"column":5}},{"start":{},"end":{}}],"line":77},"7":{"loc":{"start":{"line":88,"column":2},"end":{"line":97,"column":3}},"type":"if","locations":[{"start":{"line":88,"column":2},"end":{"line":97,"column":3}},{"start":{},"end":{}}],"line":88},"8":{"loc":{"start":{"line":91,"column":4},"end":{"line":96,"column":5}},"type":"if","locations":[{"start":{"line":91,"column":4},"end":{"line":96,"column":5}},{"start":{},"end":{}}],"line":91},"9":{"loc":{"start":{"line":92,"column":24},"end":{"line":94,"column":11}},"type":"cond-expr","locations":[{"start":{"line":93,"column":10},"end":{"line":93,"column":60}},{"start":{"line":94,"column":10},"end":{"line":94,"column":11}}],"line":92},"10":{"loc":{"start":{"line":105,"column":2},"end":{"line":114,"column":3}},"type":"if","locations":[{"start":{"line":105,"column":2},"end":{"line":114,"column":3}},{"start":{},"end":{}}],"line":105},"11":{"loc":{"start":{"line":107,"column":26},"end":{"line":109,"column":9}},"type":"cond-expr","locations":[{"start":{"line":108,"column":8},"end":{"line":108,"column":59}},{"start":{"line":109,"column":8},"end":{"line":109,"column":9}}],"line":107},"12":{"loc":{"start":{"line":111,"column":4},"end":{"line":113,"column":5}},"type":"if","locations":[{"start":{"line":111,"column":4},"end":{"line":113,"column":5}},{"start":{},"end":{}}],"line":111},"13":{"loc":{"start":{"line":122,"column":2},"end":{"line":139,"column":3}},"type":"if","locations":[{"start":{"line":122,"column":2},"end":{"line":139,"column":3}},{"start":{},"end":{}}],"line":122},"14":{"loc":{"start":{"line":126,"column":4},"end":{"line":138,"column":5}},"type":"if","locations":[{"start":{"line":126,"column":4},"end":{"line":138,"column":5}},{"start":{},"end":{}}],"line":126},"15":{"loc":{"start":{"line":131,"column":53},"end":{"line":131,"column":83}},"type":"binary-expr","locations":[{"start":{"line":131,"column":53},"end":{"line":131,"column":78}},{"start":{"line":131,"column":82},"end":{"line":131,"column":83}}],"line":131},"16":{"loc":{"start":{"line":132,"column":55},"end":{"line":132,"column":82}},"type":"binary-expr","locations":[{"start":{"line":132,"column":55},"end":{"line":132,"column":77}},{"start":{"line":132,"column":81},"end":{"line":132,"column":82}}],"line":132},"17":{"loc":{"start":{"line":132,"column":87},"end":{"line":132,"column":117}},"type":"binary-expr","locations":[{"start":{"line":132,"column":87},"end":{"line":132,"column":112}},{"start":{"line":132,"column":116},"end":{"line":132,"column":117}}],"line":132},"18":{"loc":{"start":{"line":133,"column":50},"end":{"line":133,"column":78}},"type":"binary-expr","locations":[{"start":{"line":133,"column":50},"end":{"line":133,"column":73}},{"start":{"line":133,"column":77},"end":{"line":133,"column":78}}],"line":133},"19":{"loc":{"start":{"line":133,"column":83},"end":{"line":133,"column":113}},"type":"binary-expr","locations":[{"start":{"line":133,"column":83},"end":{"line":133,"column":108}},{"start":{"line":133,"column":112},"end":{"line":133,"column":113}}],"line":133},"20":{"loc":{"start":{"line":160,"column":4},"end":{"line":162,"column":5}},"type":"if","locations":[{"start":{"line":160,"column":4},"end":{"line":162,"column":5}},{"start":{},"end":{}}],"line":160},"21":{"loc":{"start":{"line":167,"column":4},"end":{"line":167,"column":32}},"type":"if","locations":[{"start":{"line":167,"column":4},"end":{"line":167,"column":32}},{"start":{},"end":{}}],"line":167},"22":{"loc":{"start":{"line":171,"column":6},"end":{"line":173,"column":7}},"type":"if","locations":[{"start":{"line":171,"column":6},"end":{"line":173,"column":7}},{"start":{},"end":{}}],"line":171},"23":{"loc":{"start":{"line":181,"column":4},"end":{"line":184,"column":5}},"type":"if","locations":[{"start":{"line":181,"column":4},"end":{"line":184,"column":5}},{"start":{},"end":{}}],"line":181},"24":{"loc":{"start":{"line":200,"column":4},"end":{"line":200,"column":32}},"type":"if","locations":[{"start":{"line":200,"column":4},"end":{"line":200,"column":32}},{"start":{},"end":{}}],"line":200},"25":{"loc":{"start":{"line":213,"column":4},"end":{"line":213,"column":47}},"type":"if","locations":[{"start":{"line":213,"column":4},"end":{"line":213,"column":47}},{"start":{},"end":{}}],"line":213},"26":{"loc":{"start":{"line":217,"column":6},"end":{"line":217,"column":63}},"type":"cond-expr","locations":[{"start":{"line":217,"column":47},"end":{"line":217,"column":53}},{"start":{"line":217,"column":56},"end":{"line":217,"column":63}}],"line":217},"27":{"loc":{"start":{"line":233,"column":4},"end":{"line":233,"column":54}},"type":"if","locations":[{"start":{"line":233,"column":4},"end":{"line":233,"column":54}},{"start":{},"end":{}}],"line":233},"28":{"loc":{"start":{"line":237,"column":6},"end":{"line":237,"column":59}},"type":"cond-expr","locations":[{"start":{"line":237,"column":43},"end":{"line":237,"column":49}},{"start":{"line":237,"column":52},"end":{"line":237,"column":59}}],"line":237}},"s":{"0":1,"1":4,"2":4,"3":4,"4":4,"5":3,"6":3,"7":2,"8":2,"9":2,"10":2,"11":2,"12":0,"13":3,"14":3,"15":2,"16":2,"17":2,"18":2,"19":2,"20":3,"21":3,"22":2,"23":2,"24":2,"25":2,"26":4,"27":4,"28":3,"29":3,"30":3,"31":3,"32":3,"33":3,"34":2,"35":2,"36":2,"37":2,"38":2,"39":2,"40":2,"41":2,"42":2,"43":2,"44":2,"45":2,"46":2,"47":6,"48":1,"49":1,"50":1,"51":1,"52":5,"53":1,"54":5,"55":1,"56":0,"57":1,"58":1,"59":1,"60":0,"61":5,"62":1,"63":1,"64":4,"65":4,"66":4,"67":4,"68":4,"69":1,"70":3,"71":4,"72":2,"73":2,"74":2,"75":2,"76":0,"77":2,"78":5,"79":3,"80":2,"81":2,"82":2,"83":0,"84":2,"85":1,"86":1,"87":1,"88":1,"89":1,"90":13,"91":13,"92":17,"93":1,"94":1,"95":2,"96":2,"97":1,"98":2,"99":1,"100":2,"101":2,"102":1,"103":2},"f":{"0":4,"1":3,"2":3,"3":3,"4":4,"5":3,"6":2,"7":6,"8":1,"9":5,"10":1,"11":5,"12":4,"13":4,"14":2,"15":0,"16":5,"17":2,"18":0,"19":1,"20":1,"21":1,"22":13,"23":17,"24":1,"25":2,"26":1,"27":2,"28":1},"b":{"0":[4,0],"1":[2,1],"2":[2,0],"3":[0,2],"4":[2,1],"5":[0,2],"6":[2,0],"7":[2,1],"8":[2,0],"9":[0,2],"10":[3,1],"11":[0,3],"12":[3,0],"13":[2,1],"14":[2,0],"15":[2,2],"16":[2,2],"17":[2,2],"18":[2,2],"19":[2,2],"20":[1,4],"21":[0,1],"22":[1,0],"23":[1,4],"24":[1,3],"25":[2,2],"26":[0,0],"27":[3,2],"28":[0,0]},"_coverageSchema":"1a1c01bbd47fc00a2c39e90264f33305004495a9","hash":"4283891a480a8a634129863fd2fb7d4cfe2b05f5"}
,"C:\\Users\\HUAWEI\\Desktop\\nubian_platform\\apps\\mobile\\utils\\phoneValidator.ts": {"path":"C:\\Users\\HUAWEI\\Desktop\\nubian_platform\\apps\\mobile\\utils\\phoneValidator.ts","statementMap":{"0":{"start":{"line":10,"column":2},"end":{"line":10,"column":36}},"1":{"start":{"line":14,"column":2},"end":{"line":14,"column":53}},"2":{"start":{"line":18,"column":14},"end":{"line":18,"column":35}},"3":{"start":{"line":19,"column":2},"end":{"line":19,"column":25}},"4":{"start":{"line":19,"column":12},"end":{"line":19,"column":25}},"5":{"start":{"line":22,"column":2},"end":{"line":22,"column":41}},"6":{"start":{"line":22,"column":28},"end":{"line":22,"column":41}},"7":{"start":{"line":25,"column":2},"end":{"line":25,"column":48}},"8":{"start":{"line":25,"column":35},"end":{"line":25,"column":48}},"9":{"start":{"line":27,"column":17},"end":{"line":27,"column":32}},"10":{"start":{"line":30,"column":2},"end":{"line":30,"column":60}},"11":{"start":{"line":30,"column":47},"end":{"line":30,"column":60}},"12":{"start":{"line":32,"column":2},"end":{"line":32,"column":14}}},"fnMap":{"0":{"name":"normalizePhone","decl":{"start":{"line":9,"column":16},"end":{"line":9,"column":30}},"loc":{"start":{"line":9,"column":73},"end":{"line":11,"column":1}},"line":9},"1":{"name":"digitsOnly","decl":{"start":{"line":13,"column":16},"end":{"line":13,"column":26}},"loc":{"start":{"line":13,"column":69},"end":{"line":15,"column":1}},"line":13},"2":{"name":"isValidPhone","decl":{"start":{"line":17,"column":16},"end":{"line":17,"column":28}},"loc":{"start":{"line":17,"column":72},"end":{"line":33,"column":1}},"line":17}},"branchMap":{"0":{"loc":{"start":{"line":10,"column":16},"end":{"line":10,"column":27}},"type":"binary-expr","locations":[{"start":{"line":10,"column":16},"end":{"line":10,"column":21}},{"start":{"line":10,"column":25},"end":{"line":10,"column":27}}],"line":10},"1":{"loc":{"start":{"line":19,"column":2},"end":{"line":19,"column":25}},"type":"if","locations":[{"start":{"line":19,"column":2},"end":{"line":19,"column":25}},{"start":{},"end":{}}],"line":19},"2":{"loc":{"start":{"line":22,"column":2},"end":{"line":22,"column":41}},"type":"if","locations":[{"start":{"line":22,"column":2},"end":{"line":22,"column":41}},{"start":{},"end":{}}],"line":22},"3":{"loc":{"start":{"line":25,"column":2},"end":{"line":25,"column":48}},"type":"if","locations":[{"start":{"line":25,"column":2},"end":{"line":25,"column":48}},{"start":{},"end":{}}],"line":25},"4":{"loc":{"start":{"line":30,"column":2},"end":{"line":30,"column":60}},"type":"if","locations":[{"start":{"line":30,"column":2},"end":{"line":30,"column":60}},{"start":{},"end":{}}],"line":30},"5":{"loc":{"start":{"line":30,"column":6},"end":{"line":30,"column":45}},"type":"binary-expr","locations":[{"start":{"line":30,"column":6},"end":{"line":30,"column":23}},{"start":{"line":30,"column":27},"end":{"line":30,"column":45}}],"line":30}},"s":{"0":23,"1":8,"2":12,"3":12,"4":4,"5":8,"6":2,"7":6,"8":0,"9":6,"10":6,"11":2,"12":4},"f":{"0":23,"1":8,"2":12},"b":{"0":[23,4],"1":[4,8],"2":[2,6],"3":[0,6],"4":[2,4],"5":[6,5]},"_coverageSchema":"1a1c01bbd47fc00a2c39e90264f33305004495a9","hash":"ef86f1817b2b981cb0503bf0a000dd0e74837482"}
}
