{"C:\\Users\\HUAWEI\\Desktop\\Nubian\\app\\NoNetworkScreen.tsx": {"path":"C:\\Users\\HUAWEI\\Desktop\\Nubian\\app\\NoNetworkScreen.tsx","statementMap":{"0":{"start":{"line":6,"column":26},"end":{"line":6,"column":50}},"1":{"start":{"line":9,"column":2},"end":{"line":31,"column":4}},"2":{"start":{"line":34,"column":15},"end":{"line":144,"column":2}}},"fnMap":{"0":{"name":"NoNetworkScreen","decl":{"start":{"line":8,"column":24},"end":{"line":8,"column":39}},"loc":{"start":{"line":8,"column":78},"end":{"line":32,"column":1}},"line":8}},"branchMap":{},"s":{"0":0,"1":0,"2":0},"f":{"0":0},"b":{}}
,"C:\\Users\\HUAWEI\\Desktop\\Nubian\\app\\_layout.tsx": {"path":"C:\\Users\\HUAWEI\\Desktop\\Nubian\\app\\_layout.tsx","statementMap":{"0":{"start":{"line":25,"column":0},"end":{"line":33,"column":3}},"1":{"start":{"line":26,"column":35},"end":{"line":32,"column":3}},"2":{"start":{"line":35,"column":0},"end":{"line":35,"column":36}},"3":{"start":{"line":38,"column":23},"end":{"line":38,"column":32}},"4":{"start":{"line":39,"column":58},"end":{"line":39,"column":82}},"5":{"start":{"line":40,"column":50},"end":{"line":40,"column":73}},"6":{"start":{"line":41,"column":64},"end":{"line":41,"column":88}},"7":{"start":{"line":43,"column":64},"end":{"line":43,"column":76}},"8":{"start":{"line":46,"column":2},"end":{"line":93,"column":39}},"9":{"start":{"line":48,"column":6},"end":{"line":87,"column":7}},"10":{"start":{"line":49,"column":8},"end":{"line":82,"column":9}},"11":{"start":{"line":50,"column":10},"end":{"line":50,"column":36}},"12":{"start":{"line":51,"column":25},"end":{"line":51,"column":60}},"13":{"start":{"line":53,"column":10},"end":{"line":78,"column":11}},"14":{"start":{"line":54,"column":12},"end":{"line":54,"column":45}},"15":{"start":{"line":56,"column":12},"end":{"line":75,"column":14}},"16":{"start":{"line":64,"column":20},"end":{"line":64,"column":47}},"17":{"start":{"line":70,"column":20},"end":{"line":70,"column":42}},"18":{"start":{"line":77,"column":12},"end":{"line":77,"column":39}},"19":{"start":{"line":80,"column":10},"end":{"line":80,"column":133}},"20":{"start":{"line":81,"column":10},"end":{"line":81,"column":37}},"21":{"start":{"line":83,"column":13},"end":{"line":87,"column":7}},"22":{"start":{"line":84,"column":8},"end":{"line":84,"column":35}},"23":{"start":{"line":86,"column":8},"end":{"line":86,"column":35}},"24":{"start":{"line":90,"column":4},"end":{"line":92,"column":5}},"25":{"start":{"line":91,"column":6},"end":{"line":91,"column":27}},"26":{"start":{"line":95,"column":22},"end":{"line":97,"column":8}},"27":{"start":{"line":96,"column":4},"end":{"line":96,"column":34}},"28":{"start":{"line":99,"column":32},"end":{"line":101,"column":8}},"29":{"start":{"line":100,"column":4},"end":{"line":100,"column":37}},"30":{"start":{"line":104,"column":2},"end":{"line":118,"column":95}},"31":{"start":{"line":106,"column":6},"end":{"line":115,"column":7}},"32":{"start":{"line":107,"column":8},"end":{"line":107,"column":39}},"33":{"start":{"line":109,"column":11},"end":{"line":115,"column":7}},"34":{"start":{"line":110,"column":8},"end":{"line":110,"column":39}},"35":{"start":{"line":112,"column":11},"end":{"line":115,"column":7}},"36":{"start":{"line":113,"column":8},"end":{"line":113,"column":62}},"37":{"start":{"line":113,"column":37},"end":{"line":113,"column":60}},"38":{"start":{"line":114,"column":8},"end":{"line":114,"column":39}},"39":{"start":{"line":117,"column":4},"end":{"line":117,"column":17}},"40":{"start":{"line":121,"column":29},"end":{"line":124,"column":25}},"41":{"start":{"line":122,"column":4},"end":{"line":122,"column":24}},"42":{"start":{"line":123,"column":4},"end":{"line":123,"column":30}},"43":{"start":{"line":126,"column":2},"end":{"line":128,"column":9}},"44":{"start":{"line":127,"column":4},"end":{"line":127,"column":25}},"45":{"start":{"line":130,"column":2},"end":{"line":132,"column":3}},"46":{"start":{"line":131,"column":4},"end":{"line":131,"column":149}},"47":{"start":{"line":134,"column":2},"end":{"line":136,"column":3}},"48":{"start":{"line":135,"column":4},"end":{"line":135,"column":116}},"49":{"start":{"line":138,"column":2},"end":{"line":140,"column":3}},"50":{"start":{"line":139,"column":4},"end":{"line":139,"column":152}},"51":{"start":{"line":142,"column":2},"end":{"line":154,"column":4}},"52":{"start":{"line":158,"column":2},"end":{"line":168,"column":4}}},"fnMap":{"0":{"name":"(anonymous_0)","decl":{"start":{"line":26,"column":22},"end":{"line":26,"column":23}},"loc":{"start":{"line":26,"column":35},"end":{"line":32,"column":3}},"line":26},"1":{"name":"AppLoaderWithClerk","decl":{"start":{"line":37,"column":9},"end":{"line":37,"column":27}},"loc":{"start":{"line":37,"column":30},"end":{"line":155,"column":1}},"line":37},"2":{"name":"(anonymous_2)","decl":{"start":{"line":46,"column":12},"end":{"line":46,"column":13}},"loc":{"start":{"line":46,"column":18},"end":{"line":93,"column":3}},"line":46},"3":{"name":"onFetchUpdateAsync","decl":{"start":{"line":47,"column":19},"end":{"line":47,"column":37}},"loc":{"start":{"line":47,"column":40},"end":{"line":88,"column":5}},"line":47},"4":{"name":"(anonymous_4)","decl":{"start":{"line":63,"column":27},"end":{"line":63,"column":28}},"loc":{"start":{"line":63,"column":33},"end":{"line":65,"column":19}},"line":63},"5":{"name":"(anonymous_5)","decl":{"start":{"line":69,"column":27},"end":{"line":69,"column":28}},"loc":{"start":{"line":69,"column":33},"end":{"line":71,"column":19}},"line":69},"6":{"name":"(anonymous_6)","decl":{"start":{"line":95,"column":34},"end":{"line":95,"column":35}},"loc":{"start":{"line":95,"column":40},"end":{"line":97,"column":3}},"line":95},"7":{"name":"(anonymous_7)","decl":{"start":{"line":99,"column":44},"end":{"line":99,"column":45}},"loc":{"start":{"line":99,"column":50},"end":{"line":101,"column":3}},"line":99},"8":{"name":"(anonymous_8)","decl":{"start":{"line":104,"column":12},"end":{"line":104,"column":13}},"loc":{"start":{"line":104,"column":18},"end":{"line":118,"column":3}},"line":104},"9":{"name":"hideSplash","decl":{"start":{"line":105,"column":19},"end":{"line":105,"column":29}},"loc":{"start":{"line":105,"column":32},"end":{"line":116,"column":5}},"line":105},"10":{"name":"(anonymous_10)","decl":{"start":{"line":113,"column":26},"end":{"line":113,"column":27}},"loc":{"start":{"line":113,"column":37},"end":{"line":113,"column":60}},"line":113},"11":{"name":"(anonymous_11)","decl":{"start":{"line":121,"column":41},"end":{"line":121,"column":42}},"loc":{"start":{"line":121,"column":47},"end":{"line":124,"column":3}},"line":121},"12":{"name":"(anonymous_12)","decl":{"start":{"line":126,"column":12},"end":{"line":126,"column":13}},"loc":{"start":{"line":126,"column":18},"end":{"line":128,"column":3}},"line":126},"13":{"name":"(anonymous_13)","decl":{"start":{"line":131,"column":82},"end":{"line":131,"column":83}},"loc":{"start":{"line":131,"column":88},"end":{"line":131,"column":90}},"line":131},"14":{"name":"RootLayout","decl":{"start":{"line":157,"column":24},"end":{"line":157,"column":34}},"loc":{"start":{"line":157,"column":37},"end":{"line":169,"column":1}},"line":157}},"branchMap":{"0":{"loc":{"start":{"line":48,"column":6},"end":{"line":87,"column":7}},"type":"if","locations":[{"start":{"line":48,"column":6},"end":{"line":87,"column":7}},{"start":{"line":83,"column":13},"end":{"line":87,"column":7}}],"line":48},"1":{"loc":{"start":{"line":48,"column":10},"end":{"line":48,"column":42}},"type":"binary-expr","locations":[{"start":{"line":48,"column":10},"end":{"line":48,"column":18}},{"start":{"line":48,"column":22},"end":{"line":48,"column":42}}],"line":48},"2":{"loc":{"start":{"line":53,"column":10},"end":{"line":78,"column":11}},"type":"if","locations":[{"start":{"line":53,"column":10},"end":{"line":78,"column":11}},{"start":{"line":76,"column":17},"end":{"line":78,"column":11}}],"line":53},"3":{"loc":{"start":{"line":83,"column":13},"end":{"line":87,"column":7}},"type":"if","locations":[{"start":{"line":83,"column":13},"end":{"line":87,"column":7}},{"start":{"line":85,"column":13},"end":{"line":87,"column":7}}],"line":83},"4":{"loc":{"start":{"line":90,"column":4},"end":{"line":92,"column":5}},"type":"if","locations":[{"start":{"line":90,"column":4},"end":{"line":92,"column":5}},{"start":{},"end":{}}],"line":90},"5":{"loc":{"start":{"line":106,"column":6},"end":{"line":115,"column":7}},"type":"if","locations":[{"start":{"line":106,"column":6},"end":{"line":115,"column":7}},{"start":{"line":109,"column":11},"end":{"line":115,"column":7}}],"line":106},"6":{"loc":{"start":{"line":109,"column":11},"end":{"line":115,"column":7}},"type":"if","locations":[{"start":{"line":109,"column":11},"end":{"line":115,"column":7}},{"start":{"line":112,"column":11},"end":{"line":115,"column":7}}],"line":109},"7":{"loc":{"start":{"line":109,"column":15},"end":{"line":109,"column":92}},"type":"binary-expr","locations":[{"start":{"line":109,"column":15},"end":{"line":109,"column":35}},{"start":{"line":109,"column":39},"end":{"line":109,"column":47}},{"start":{"line":109,"column":51},"end":{"line":109,"column":71}},{"start":{"line":109,"column":75},"end":{"line":109,"column":92}}],"line":109},"8":{"loc":{"start":{"line":112,"column":11},"end":{"line":115,"column":7}},"type":"if","locations":[{"start":{"line":112,"column":11},"end":{"line":115,"column":7}},{"start":{},"end":{}}],"line":112},"9":{"loc":{"start":{"line":130,"column":2},"end":{"line":132,"column":3}},"type":"if","locations":[{"start":{"line":130,"column":2},"end":{"line":132,"column":3}},{"start":{},"end":{}}],"line":130},"10":{"loc":{"start":{"line":134,"column":2},"end":{"line":136,"column":3}},"type":"if","locations":[{"start":{"line":134,"column":2},"end":{"line":136,"column":3}},{"start":{},"end":{}}],"line":134},"11":{"loc":{"start":{"line":138,"column":2},"end":{"line":140,"column":3}},"type":"if","locations":[{"start":{"line":138,"column":2},"end":{"line":140,"column":3}},{"start":{},"end":{}}],"line":138},"12":{"loc":{"start":{"line":138,"column":6},"end":{"line":138,"column":60}},"type":"binary-expr","locations":[{"start":{"line":138,"column":6},"end":{"line":138,"column":27}},{"start":{"line":138,"column":31},"end":{"line":138,"column":40}},{"start":{"line":138,"column":44},"end":{"line":138,"column":60}}],"line":138}},"s":{"0":0,"1":0,"2":0,"3":0,"4":0,"5":0,"6":0,"7":0,"8":0,"9":0,"10":0,"11":0,"12":0,"13":0,"14":0,"15":0,"16":0,"17":0,"18":0,"19":0,"20":0,"21":0,"22":0,"23":0,"24":0,"25":0,"26":0,"27":0,"28":0,"29":0,"30":0,"31":0,"32":0,"33":0,"34":0,"35":0,"36":0,"37":0,"38":0,"39":0,"40":0,"41":0,"42":0,"43":0,"44":0,"45":0,"46":0,"47":0,"48":0,"49":0,"50":0,"51":0,"52":0},"f":{"0":0,"1":0,"2":0,"3":0,"4":0,"5":0,"6":0,"7":0,"8":0,"9":0,"10":0,"11":0,"12":0,"13":0,"14":0},"b":{"0":[0,0],"1":[0,0],"2":[0,0],"3":[0,0],"4":[0,0],"5":[0,0],"6":[0,0],"7":[0,0,0,0],"8":[0,0],"9":[0,0],"10":[0,0],"11":[0,0],"12":[0,0,0]}}
,"C:\\Users\\HUAWEI\\Desktop\\Nubian\\app\\index.tsx": {"path":"C:\\Users\\HUAWEI\\Desktop\\Nubian\\app\\index.tsx","statementMap":{"0":{"start":{"line":5,"column":2},"end":{"line":5,"column":37}}},"fnMap":{"0":{"name":"Index","decl":{"start":{"line":3,"column":24},"end":{"line":3,"column":29}},"loc":{"start":{"line":3,"column":32},"end":{"line":6,"column":1}},"line":3}},"branchMap":{},"s":{"0":0},"f":{"0":0},"b":{}}
,"C:\\Users\\HUAWEI\\Desktop\\Nubian\\app\\sso-callback.tsx": {"path":"C:\\Users\\HUAWEI\\Desktop\\Nubian\\app\\sso-callback.tsx","statementMap":{"0":{"start":{"line":8,"column":0},"end":{"line":8,"column":38}},"1":{"start":{"line":11,"column":46},"end":{"line":11,"column":55}},"2":{"start":{"line":12,"column":24},"end":{"line":12,"column":34}},"3":{"start":{"line":13,"column":17},"end":{"line":13,"column":28}},"4":{"start":{"line":15,"column":2},"end":{"line":41,"column":40}},"5":{"start":{"line":16,"column":28},"end":{"line":38,"column":5}},"6":{"start":{"line":18,"column":6},"end":{"line":18,"column":28}},"7":{"start":{"line":18,"column":21},"end":{"line":18,"column":28}},"8":{"start":{"line":19,"column":6},"end":{"line":23,"column":7}},"9":{"start":{"line":21,"column":8},"end":{"line":21,"column":28}},"10":{"start":{"line":22,"column":8},"end":{"line":22,"column":15}},"11":{"start":{"line":25,"column":22},"end":{"line":25,"column":68}},"12":{"start":{"line":26,"column":6},"end":{"line":37,"column":7}},"13":{"start":{"line":27,"column":8},"end":{"line":34,"column":9}},"14":{"start":{"line":29,"column":10},"end":{"line":29,"column":48}},"15":{"start":{"line":30,"column":10},"end":{"line":30,"column":60}},"16":{"start":{"line":31,"column":10},"end":{"line":31,"column":30}},"17":{"start":{"line":40,"column":4},"end":{"line":40,"column":22}},"18":{"start":{"line":43,"column":2},"end":{"line":48,"column":4}}},"fnMap":{"0":{"name":"SSOCallback","decl":{"start":{"line":10,"column":24},"end":{"line":10,"column":35}},"loc":{"start":{"line":10,"column":38},"end":{"line":49,"column":1}},"line":10},"1":{"name":"(anonymous_1)","decl":{"start":{"line":15,"column":12},"end":{"line":15,"column":13}},"loc":{"start":{"line":15,"column":18},"end":{"line":41,"column":3}},"line":15},"2":{"name":"(anonymous_2)","decl":{"start":{"line":16,"column":28},"end":{"line":16,"column":29}},"loc":{"start":{"line":16,"column":40},"end":{"line":38,"column":5}},"line":16}},"branchMap":{"0":{"loc":{"start":{"line":18,"column":6},"end":{"line":18,"column":28}},"type":"if","locations":[{"start":{"line":18,"column":6},"end":{"line":18,"column":28}},{"start":{},"end":{}}],"line":18},"1":{"loc":{"start":{"line":19,"column":6},"end":{"line":23,"column":7}},"type":"if","locations":[{"start":{"line":19,"column":6},"end":{"line":23,"column":7}},{"start":{},"end":{}}],"line":19},"2":{"loc":{"start":{"line":19,"column":10},"end":{"line":19,"column":33}},"type":"binary-expr","locations":[{"start":{"line":19,"column":10},"end":{"line":19,"column":20}},{"start":{"line":19,"column":24},"end":{"line":19,"column":33}}],"line":19},"3":{"loc":{"start":{"line":26,"column":6},"end":{"line":37,"column":7}},"type":"if","locations":[{"start":{"line":26,"column":6},"end":{"line":37,"column":7}},{"start":{"line":35,"column":13},"end":{"line":37,"column":7}}],"line":26}},"s":{"0":0,"1":0,"2":0,"3":0,"4":0,"5":0,"6":0,"7":0,"8":0,"9":0,"10":0,"11":0,"12":0,"13":0,"14":0,"15":0,"16":0,"17":0,"18":0},"f":{"0":0,"1":0,"2":0},"b":{"0":[0,0],"1":[0,0],"2":[0,0],"3":[0,0]}}
,"C:\\Users\\HUAWEI\\Desktop\\Nubian\\app\\(auth)\\_layout.tsx": {"path":"C:\\Users\\HUAWEI\\Desktop\\Nubian\\app\\(auth)\\_layout.tsx","statementMap":{"0":{"start":{"line":6,"column":2},"end":{"line":10,"column":4}}},"fnMap":{"0":{"name":"AuthRoutesLayout","decl":{"start":{"line":5,"column":24},"end":{"line":5,"column":40}},"loc":{"start":{"line":5,"column":43},"end":{"line":11,"column":1}},"line":5}},"branchMap":{},"s":{"0":0},"f":{"0":0},"b":{}}
,"C:\\Users\\HUAWEI\\Desktop\\Nubian\\app\\(auth)\\signin.tsx": {"path":"C:\\Users\\HUAWEI\\Desktop\\Nubian\\app\\(auth)\\signin.tsx","statementMap":{"0":{"start":{"line":11,"column":0},"end":{"line":11,"column":38}},"1":{"start":{"line":13,"column":26},"end":{"line":139,"column":1}},"2":{"start":{"line":14,"column":36},"end":{"line":14,"column":51}},"3":{"start":{"line":15,"column":28},"end":{"line":15,"column":57}},"4":{"start":{"line":16,"column":17},"end":{"line":16,"column":28}},"5":{"start":{"line":17,"column":27},"end":{"line":17,"column":35}},"6":{"start":{"line":19,"column":22},"end":{"line":21,"column":4}},"7":{"start":{"line":23,"column":23},"end":{"line":97,"column":41}},"8":{"start":{"line":24,"column":4},"end":{"line":96,"column":5}},"9":{"start":{"line":25,"column":6},"end":{"line":25,"column":25}},"10":{"start":{"line":26,"column":6},"end":{"line":26,"column":21}},"11":{"start":{"line":31,"column":24},"end":{"line":34,"column":8}},"12":{"start":{"line":37,"column":62},"end":{"line":37,"column":71}},"13":{"start":{"line":39,"column":6},"end":{"line":74,"column":7}},"14":{"start":{"line":40,"column":8},"end":{"line":40,"column":55}},"15":{"start":{"line":41,"column":8},"end":{"line":41,"column":73}},"16":{"start":{"line":44,"column":8},"end":{"line":66,"column":9}},"17":{"start":{"line":47,"column":10},"end":{"line":50,"column":12}},"18":{"start":{"line":51,"column":15},"end":{"line":66,"column":9}},"19":{"start":{"line":54,"column":10},"end":{"line":57,"column":12}},"20":{"start":{"line":62,"column":10},"end":{"line":65,"column":12}},"21":{"start":{"line":68,"column":8},"end":{"line":68,"column":28}},"22":{"start":{"line":73,"column":8},"end":{"line":73,"column":54}},"23":{"start":{"line":78,"column":25},"end":{"line":78,"column":46}},"24":{"start":{"line":81,"column":6},"end":{"line":87,"column":7}},"25":{"start":{"line":82,"column":8},"end":{"line":82,"column":65}},"26":{"start":{"line":83,"column":13},"end":{"line":87,"column":7}},"27":{"start":{"line":84,"column":8},"end":{"line":84,"column":48}},"28":{"start":{"line":85,"column":13},"end":{"line":87,"column":7}},"29":{"start":{"line":86,"column":8},"end":{"line":86,"column":54}},"30":{"start":{"line":89,"column":6},"end":{"line":89,"column":29}},"31":{"start":{"line":90,"column":6},"end":{"line":93,"column":8}},"32":{"start":{"line":95,"column":6},"end":{"line":95,"column":26}},"33":{"start":{"line":99,"column":2},"end":{"line":138,"column":4}},"34":{"start":{"line":143,"column":15},"end":{"line":225,"column":2}}},"fnMap":{"0":{"name":"(anonymous_0)","decl":{"start":{"line":13,"column":26},"end":{"line":13,"column":27}},"loc":{"start":{"line":13,"column":32},"end":{"line":139,"column":1}},"line":13},"1":{"name":"(anonymous_1)","decl":{"start":{"line":23,"column":35},"end":{"line":23,"column":36}},"loc":{"start":{"line":23,"column":47},"end":{"line":97,"column":3}},"line":23}},"branchMap":{"0":{"loc":{"start":{"line":39,"column":6},"end":{"line":74,"column":7}},"type":"if","locations":[{"start":{"line":39,"column":6},"end":{"line":74,"column":7}},{"start":{"line":69,"column":13},"end":{"line":74,"column":7}}],"line":39},"1":{"loc":{"start":{"line":39,"column":10},"end":{"line":39,"column":39}},"type":"binary-expr","locations":[{"start":{"line":39,"column":10},"end":{"line":39,"column":26}},{"start":{"line":39,"column":30},"end":{"line":39,"column":39}}],"line":39},"2":{"loc":{"start":{"line":44,"column":8},"end":{"line":66,"column":9}},"type":"if","locations":[{"start":{"line":44,"column":8},"end":{"line":66,"column":9}},{"start":{"line":51,"column":15},"end":{"line":66,"column":9}}],"line":44},"3":{"loc":{"start":{"line":51,"column":15},"end":{"line":66,"column":9}},"type":"if","locations":[{"start":{"line":51,"column":15},"end":{"line":66,"column":9}},{"start":{"line":58,"column":15},"end":{"line":66,"column":9}}],"line":51},"4":{"loc":{"start":{"line":81,"column":6},"end":{"line":87,"column":7}},"type":"if","locations":[{"start":{"line":81,"column":6},"end":{"line":87,"column":7}},{"start":{"line":83,"column":13},"end":{"line":87,"column":7}}],"line":81},"5":{"loc":{"start":{"line":83,"column":13},"end":{"line":87,"column":7}},"type":"if","locations":[{"start":{"line":83,"column":13},"end":{"line":87,"column":7}},{"start":{"line":85,"column":13},"end":{"line":87,"column":7}}],"line":83},"6":{"loc":{"start":{"line":85,"column":13},"end":{"line":87,"column":7}},"type":"if","locations":[{"start":{"line":85,"column":13},"end":{"line":87,"column":7}},{"start":{},"end":{}}],"line":85},"7":{"loc":{"start":{"line":101,"column":7},"end":{"line":105,"column":7}},"type":"binary-expr","locations":[{"start":{"line":101,"column":7},"end":{"line":101,"column":12}},{"start":{"line":102,"column":8},"end":{"line":104,"column":15}}],"line":101},"8":{"loc":{"start":{"line":116,"column":37},"end":{"line":116,"column":77}},"type":"binary-expr","locations":[{"start":{"line":116,"column":37},"end":{"line":116,"column":46}},{"start":{"line":116,"column":50},"end":{"line":116,"column":77}}],"line":116},"9":{"loc":{"start":{"line":120,"column":9},"end":{"line":135,"column":9}},"type":"cond-expr","locations":[{"start":{"line":121,"column":10},"end":{"line":124,"column":17}},{"start":{"line":126,"column":10},"end":{"line":134,"column":17}}],"line":120}},"s":{"0":0,"1":0,"2":0,"3":0,"4":0,"5":0,"6":0,"7":0,"8":0,"9":0,"10":0,"11":0,"12":0,"13":0,"14":0,"15":0,"16":0,"17":0,"18":0,"19":0,"20":0,"21":0,"22":0,"23":0,"24":0,"25":0,"26":0,"27":0,"28":0,"29":0,"30":0,"31":0,"32":0,"33":0,"34":0},"f":{"0":0,"1":0},"b":{"0":[0,0],"1":[0,0],"2":[0,0],"3":[0,0],"4":[0,0],"5":[0,0],"6":[0,0],"7":[0,0],"8":[0,0],"9":[0,0]}}
,"C:\\Users\\HUAWEI\\Desktop\\Nubian\\app\\(onboarding)\\_layout.tsx": {"path":"C:\\Users\\HUAWEI\\Desktop\\Nubian\\app\\(onboarding)\\_layout.tsx","statementMap":{"0":{"start":{"line":4,"column":2},"end":{"line":6,"column":3}}},"fnMap":{"0":{"name":"Layout","decl":{"start":{"line":3,"column":24},"end":{"line":3,"column":30}},"loc":{"start":{"line":3,"column":33},"end":{"line":7,"column":1}},"line":3}},"branchMap":{},"s":{"0":0},"f":{"0":0},"b":{}}
,"C:\\Users\\HUAWEI\\Desktop\\Nubian\\app\\(onboarding)\\index.tsx": {"path":"C:\\Users\\HUAWEI\\Desktop\\Nubian\\app\\(onboarding)\\index.tsx","statementMap":{"0":{"start":{"line":13,"column":19},"end":{"line":13,"column":30}},"1":{"start":{"line":15,"column":4},"end":{"line":70,"column":6}},"2":{"start":{"line":50,"column":18},"end":{"line":50,"column":42}}},"fnMap":{"0":{"name":"index","decl":{"start":{"line":12,"column":26},"end":{"line":12,"column":31}},"loc":{"start":{"line":12,"column":34},"end":{"line":71,"column":3}},"line":12},"1":{"name":"(anonymous_1)","decl":{"start":{"line":49,"column":25},"end":{"line":49,"column":26}},"loc":{"start":{"line":49,"column":31},"end":{"line":51,"column":17}},"line":49}},"branchMap":{},"s":{"0":0,"1":0,"2":0},"f":{"0":0,"1":0},"b":{}}
,"C:\\Users\\HUAWEI\\Desktop\\Nubian\\app\\(onboarding)\\welcom.tsx": {"path":"C:\\Users\\HUAWEI\\Desktop\\Nubian\\app\\(onboarding)\\welcom.tsx","statementMap":{"0":{"start":{"line":19,"column":17},"end":{"line":19,"column":28}},"1":{"start":{"line":20,"column":2},"end":{"line":69,"column":4}},"2":{"start":{"line":54,"column":14},"end":{"line":54,"column":42}}},"fnMap":{"0":{"name":"welcom","decl":{"start":{"line":17,"column":24},"end":{"line":17,"column":30}},"loc":{"start":{"line":17,"column":33},"end":{"line":70,"column":1}},"line":17},"1":{"name":"(anonymous_1)","decl":{"start":{"line":51,"column":21},"end":{"line":51,"column":22}},"loc":{"start":{"line":51,"column":27},"end":{"line":55,"column":13}},"line":51}},"branchMap":{},"s":{"0":0,"1":0,"2":0},"f":{"0":0,"1":0},"b":{}}
,"C:\\Users\\HUAWEI\\Desktop\\Nubian\\app\\(screens)\\[id].tsx": {"path":"C:\\Users\\HUAWEI\\Desktop\\Nubian\\app\\(screens)\\[id].tsx","statementMap":{"0":{"start":{"line":25,"column":17},"end":{"line":25,"column":39}},"1":{"start":{"line":35,"column":6},"end":{"line":35,"column":20}},"2":{"start":{"line":37,"column":64},"end":{"line":37,"column":76}},"3":{"start":{"line":39,"column":30},"end":{"line":39,"column":60}},"4":{"start":{"line":40,"column":28},"end":{"line":40,"column":52}},"5":{"start":{"line":42,"column":34},"end":{"line":44,"column":8}},"6":{"start":{"line":43,"column":4},"end":{"line":43,"column":43}},"7":{"start":{"line":46,"column":29},"end":{"line":53,"column":3}},"8":{"start":{"line":48,"column":6},"end":{"line":50,"column":7}},"9":{"start":{"line":49,"column":8},"end":{"line":49,"column":33}},"10":{"start":{"line":54,"column":17},"end":{"line":54,"column":28}},"11":{"start":{"line":57,"column":2},"end":{"line":61,"column":29}},"12":{"start":{"line":58,"column":4},"end":{"line":60,"column":5}},"13":{"start":{"line":59,"column":6},"end":{"line":59,"column":40}},"14":{"start":{"line":63,"column":20},"end":{"line":69,"column":10}},"15":{"start":{"line":64,"column":4},"end":{"line":66,"column":5}},"16":{"start":{"line":65,"column":6},"end":{"line":65,"column":46}},"17":{"start":{"line":67,"column":4},"end":{"line":67,"column":29}},"18":{"start":{"line":68,"column":4},"end":{"line":68,"column":27}},"19":{"start":{"line":71,"column":2},"end":{"line":73,"column":3}},"20":{"start":{"line":72,"column":4},"end":{"line":72,"column":59}},"21":{"start":{"line":75,"column":30},"end":{"line":79,"column":65}},"22":{"start":{"line":76,"column":4},"end":{"line":78,"column":5}},"23":{"start":{"line":77,"column":6},"end":{"line":77,"column":20}},"24":{"start":{"line":81,"column":2},"end":{"line":175,"column":4}},"25":{"start":{"line":97,"column":16},"end":{"line":101,"column":18}},"26":{"start":{"line":152,"column":38},"end":{"line":152,"column":46}},"27":{"start":{"line":177,"column":15},"end":{"line":191,"column":2}}},"fnMap":{"0":{"name":"CategoriesScreen","decl":{"start":{"line":24,"column":24},"end":{"line":24,"column":40}},"loc":{"start":{"line":24,"column":43},"end":{"line":176,"column":1}},"line":24},"1":{"name":"(anonymous_1)","decl":{"start":{"line":42,"column":46},"end":{"line":42,"column":47}},"loc":{"start":{"line":42,"column":52},"end":{"line":44,"column":3}},"line":42},"2":{"name":"(anonymous_2)","decl":{"start":{"line":47,"column":4},"end":{"line":47,"column":5}},"loc":{"start":{"line":47,"column":23},"end":{"line":51,"column":5}},"line":47},"3":{"name":"(anonymous_3)","decl":{"start":{"line":57,"column":12},"end":{"line":57,"column":13}},"loc":{"start":{"line":57,"column":18},"end":{"line":61,"column":3}},"line":57},"4":{"name":"(anonymous_4)","decl":{"start":{"line":63,"column":32},"end":{"line":63,"column":33}},"loc":{"start":{"line":63,"column":44},"end":{"line":69,"column":3}},"line":63},"5":{"name":"(anonymous_5)","decl":{"start":{"line":75,"column":42},"end":{"line":75,"column":43}},"loc":{"start":{"line":75,"column":48},"end":{"line":79,"column":3}},"line":75},"6":{"name":"(anonymous_6)","decl":{"start":{"line":96,"column":26},"end":{"line":96,"column":27}},"loc":{"start":{"line":97,"column":16},"end":{"line":101,"column":18}},"line":97},"7":{"name":"(anonymous_7)","decl":{"start":{"line":152,"column":28},"end":{"line":152,"column":29}},"loc":{"start":{"line":152,"column":38},"end":{"line":152,"column":46}},"line":152}},"branchMap":{"0":{"loc":{"start":{"line":31,"column":4},"end":{"line":31,"column":17}},"type":"default-arg","locations":[{"start":{"line":31,"column":15},"end":{"line":31,"column":17}}],"line":31},"1":{"loc":{"start":{"line":48,"column":6},"end":{"line":50,"column":7}},"type":"if","locations":[{"start":{"line":48,"column":6},"end":{"line":50,"column":7}},{"start":{},"end":{}}],"line":48},"2":{"loc":{"start":{"line":58,"column":4},"end":{"line":60,"column":5}},"type":"if","locations":[{"start":{"line":58,"column":4},"end":{"line":60,"column":5}},{"start":{},"end":{}}],"line":58},"3":{"loc":{"start":{"line":58,"column":8},"end":{"line":58,"column":37}},"type":"binary-expr","locations":[{"start":{"line":58,"column":8},"end":{"line":58,"column":10}},{"start":{"line":58,"column":14},"end":{"line":58,"column":37}}],"line":58},"4":{"loc":{"start":{"line":64,"column":4},"end":{"line":66,"column":5}},"type":"if","locations":[{"start":{"line":64,"column":4},"end":{"line":66,"column":5}},{"start":{},"end":{}}],"line":64},"5":{"loc":{"start":{"line":71,"column":2},"end":{"line":73,"column":3}},"type":"if","locations":[{"start":{"line":71,"column":2},"end":{"line":73,"column":3}},{"start":{},"end":{}}],"line":71},"6":{"loc":{"start":{"line":71,"column":6},"end":{"line":71,"column":40}},"type":"binary-expr","locations":[{"start":{"line":71,"column":6},"end":{"line":71,"column":18}},{"start":{"line":71,"column":22},"end":{"line":71,"column":40}}],"line":71},"7":{"loc":{"start":{"line":76,"column":4},"end":{"line":78,"column":5}},"type":"if","locations":[{"start":{"line":76,"column":4},"end":{"line":78,"column":5}},{"start":{},"end":{}}],"line":76},"8":{"loc":{"start":{"line":76,"column":8},"end":{"line":76,"column":57}},"type":"binary-expr","locations":[{"start":{"line":76,"column":8},"end":{"line":76,"column":26}},{"start":{"line":76,"column":30},"end":{"line":76,"column":37}},{"start":{"line":76,"column":41},"end":{"line":76,"column":57}}],"line":76},"9":{"loc":{"start":{"line":85,"column":11},"end":{"line":160,"column":11}},"type":"cond-expr","locations":[{"start":{"line":86,"column":12},"end":{"line":90,"column":14}},{"start":{"line":92,"column":12},"end":{"line":159,"column":14}}],"line":85},"10":{"loc":{"start":{"line":85,"column":11},"end":{"line":85,"column":53}},"type":"binary-expr","locations":[{"start":{"line":85,"column":11},"end":{"line":85,"column":28}},{"start":{"line":85,"column":32},"end":{"line":85,"column":53}}],"line":85},"11":{"loc":{"start":{"line":114,"column":16},"end":{"line":124,"column":24}},"type":"cond-expr","locations":[{"start":{"line":115,"column":18},"end":{"line":117,"column":25}},{"start":{"line":118,"column":20},"end":{"line":124,"column":24}}],"line":114},"12":{"loc":{"start":{"line":118,"column":20},"end":{"line":124,"column":24}},"type":"cond-expr","locations":[{"start":{"line":119,"column":18},"end":{"line":123,"column":20}},{"start":{"line":124,"column":20},"end":{"line":124,"column":24}}],"line":118},"13":{"loc":{"start":{"line":127,"column":16},"end":{"line":150,"column":24}},"type":"cond-expr","locations":[{"start":{"line":128,"column":18},"end":{"line":149,"column":25}},{"start":{"line":150,"column":20},"end":{"line":150,"column":24}}],"line":127}},"s":{"0":0,"1":0,"2":0,"3":0,"4":0,"5":0,"6":0,"7":0,"8":0,"9":0,"10":0,"11":0,"12":0,"13":0,"14":0,"15":0,"16":0,"17":0,"18":0,"19":0,"20":0,"21":0,"22":0,"23":0,"24":0,"25":0,"26":0,"27":0},"f":{"0":0,"1":0,"2":0,"3":0,"4":0,"5":0,"6":0,"7":0},"b":{"0":[0],"1":[0,0],"2":[0,0],"3":[0,0],"4":[0,0],"5":[0,0],"6":[0,0],"7":[0,0],"8":[0,0,0],"9":[0,0],"10":[0,0],"11":[0,0],"12":[0,0],"13":[0,0]}}
,"C:\\Users\\HUAWEI\\Desktop\\Nubian\\app\\(screens)\\_layout.tsx": {"path":"C:\\Users\\HUAWEI\\Desktop\\Nubian\\app\\(screens)\\_layout.tsx","statementMap":{"0":{"start":{"line":8,"column":2},"end":{"line":19,"column":4}}},"fnMap":{"0":{"name":"_layout","decl":{"start":{"line":7,"column":24},"end":{"line":7,"column":31}},"loc":{"start":{"line":7,"column":34},"end":{"line":20,"column":1}},"line":7}},"branchMap":{},"s":{"0":0},"f":{"0":0},"b":{}}
,"C:\\Users\\HUAWEI\\Desktop\\Nubian\\app\\(screens)\\editProfile.tsx": {"path":"C:\\Users\\HUAWEI\\Desktop\\Nubian\\app\\(screens)\\editProfile.tsx","statementMap":{"0":{"start":{"line":24,"column":40},"end":{"line":29,"column":4}},"1":{"start":{"line":30,"column":36},"end":{"line":30,"column":51}},"2":{"start":{"line":32,"column":28},"end":{"line":37,"column":3}},"3":{"start":{"line":33,"column":4},"end":{"line":36,"column":7}},"4":{"start":{"line":33,"column":28},"end":{"line":36,"column":5}},"5":{"start":{"line":39,"column":22},"end":{"line":56,"column":3}},"6":{"start":{"line":40,"column":4},"end":{"line":54,"column":5}},"7":{"start":{"line":42,"column":35},"end":{"line":42,"column":62}},"8":{"start":{"line":43,"column":23},"end":{"line":43,"column":60}},"9":{"start":{"line":44,"column":6},"end":{"line":53,"column":7}},"10":{"start":{"line":45,"column":8},"end":{"line":45,"column":27}},"11":{"start":{"line":46,"column":8},"end":{"line":46,"column":52}},"12":{"start":{"line":47,"column":8},"end":{"line":47,"column":66}},"13":{"start":{"line":49,"column":8},"end":{"line":49,"column":62}},"14":{"start":{"line":52,"column":8},"end":{"line":52,"column":28}},"15":{"start":{"line":58,"column":28},"end":{"line":60,"column":3}},"16":{"start":{"line":62,"column":19},"end":{"line":62,"column":28}},"17":{"start":{"line":63,"column":17},"end":{"line":63,"column":28}},"18":{"start":{"line":65,"column":2},"end":{"line":163,"column":3}},"19":{"start":{"line":72,"column":67},"end":{"line":72,"column":90}},"20":{"start":{"line":97,"column":36},"end":{"line":97,"column":67}},"21":{"start":{"line":122,"column":36},"end":{"line":122,"column":68}},"22":{"start":{"line":135,"column":36},"end":{"line":135,"column":71}},"23":{"start":{"line":166,"column":15},"end":{"line":355,"column":2}}},"fnMap":{"0":{"name":"EditProfile","decl":{"start":{"line":23,"column":24},"end":{"line":23,"column":35}},"loc":{"start":{"line":23,"column":38},"end":{"line":164,"column":1}},"line":23},"1":{"name":"(anonymous_1)","decl":{"start":{"line":32,"column":28},"end":{"line":32,"column":29}},"loc":{"start":{"line":32,"column":62},"end":{"line":37,"column":3}},"line":32},"2":{"name":"(anonymous_2)","decl":{"start":{"line":33,"column":19},"end":{"line":33,"column":20}},"loc":{"start":{"line":33,"column":28},"end":{"line":36,"column":5}},"line":33},"3":{"name":"(anonymous_3)","decl":{"start":{"line":39,"column":22},"end":{"line":39,"column":23}},"loc":{"start":{"line":39,"column":34},"end":{"line":56,"column":3}},"line":39},"4":{"name":"(anonymous_4)","decl":{"start":{"line":58,"column":28},"end":{"line":58,"column":29}},"loc":{"start":{"line":58,"column":34},"end":{"line":60,"column":3}},"line":58},"5":{"name":"(anonymous_5)","decl":{"start":{"line":72,"column":61},"end":{"line":72,"column":62}},"loc":{"start":{"line":72,"column":67},"end":{"line":72,"column":90}},"line":72},"6":{"name":"(anonymous_6)","decl":{"start":{"line":81,"column":35},"end":{"line":81,"column":36}},"loc":{"start":{"line":81,"column":39},"end":{"line":81,"column":41}},"line":81},"7":{"name":"(anonymous_7)","decl":{"start":{"line":97,"column":26},"end":{"line":97,"column":27}},"loc":{"start":{"line":97,"column":36},"end":{"line":97,"column":67}},"line":97},"8":{"name":"(anonymous_8)","decl":{"start":{"line":122,"column":26},"end":{"line":122,"column":27}},"loc":{"start":{"line":122,"column":36},"end":{"line":122,"column":68}},"line":122},"9":{"name":"(anonymous_9)","decl":{"start":{"line":135,"column":26},"end":{"line":135,"column":27}},"loc":{"start":{"line":135,"column":36},"end":{"line":135,"column":71}},"line":135}},"branchMap":{"0":{"loc":{"start":{"line":40,"column":4},"end":{"line":54,"column":5}},"type":"if","locations":[{"start":{"line":40,"column":4},"end":{"line":54,"column":5}},{"start":{},"end":{}}],"line":40},"1":{"loc":{"start":{"line":40,"column":8},"end":{"line":40,"column":32}},"type":"binary-expr","locations":[{"start":{"line":40,"column":8},"end":{"line":40,"column":12}},{"start":{"line":40,"column":16},"end":{"line":40,"column":32}}],"line":40},"2":{"loc":{"start":{"line":43,"column":23},"end":{"line":43,"column":60}},"type":"cond-expr","locations":[{"start":{"line":43,"column":41},"end":{"line":43,"column":55}},{"start":{"line":43,"column":58},"end":{"line":43,"column":60}}],"line":43},"3":{"loc":{"start":{"line":145,"column":13},"end":{"line":150,"column":20}},"type":"cond-expr","locations":[{"start":{"line":146,"column":14},"end":{"line":146,"column":61}},{"start":{"line":148,"column":13},"end":{"line":150,"column":20}}],"line":145},"4":{"loc":{"start":{"line":176,"column":16},"end":{"line":176,"column":47}},"type":"cond-expr","locations":[{"start":{"line":176,"column":40},"end":{"line":176,"column":42}},{"start":{"line":176,"column":45},"end":{"line":176,"column":47}}],"line":176}},"s":{"0":0,"1":0,"2":0,"3":0,"4":0,"5":0,"6":0,"7":0,"8":0,"9":0,"10":0,"11":0,"12":0,"13":0,"14":0,"15":0,"16":0,"17":0,"18":0,"19":0,"20":0,"21":0,"22":0,"23":0},"f":{"0":0,"1":0,"2":0,"3":0,"4":0,"5":0,"6":0,"7":0,"8":0,"9":0},"b":{"0":[0,0],"1":[0,0],"2":[0,0],"3":[0,0],"4":[0,0]}}
,"C:\\Users\\HUAWEI\\Desktop\\Nubian\\app\\(screens)\\index.tsx": {"path":"C:\\Users\\HUAWEI\\Desktop\\Nubian\\app\\(screens)\\index.tsx","statementMap":{"0":{"start":{"line":34,"column":6},"end":{"line":34,"column":20}},"1":{"start":{"line":35,"column":64},"end":{"line":35,"column":76}},"2":{"start":{"line":36,"column":30},"end":{"line":36,"column":60}},"3":{"start":{"line":38,"column":34},"end":{"line":40,"column":8}},"4":{"start":{"line":39,"column":4},"end":{"line":39,"column":43}},"5":{"start":{"line":42,"column":29},"end":{"line":49,"column":3}},"6":{"start":{"line":44,"column":6},"end":{"line":46,"column":7}},"7":{"start":{"line":45,"column":8},"end":{"line":45,"column":33}},"8":{"start":{"line":51,"column":2},"end":{"line":54,"column":9}},"9":{"start":{"line":52,"column":4},"end":{"line":53,"column":21}},"10":{"start":{"line":53,"column":4},"end":{"line":53,"column":21}},"11":{"start":{"line":56,"column":20},"end":{"line":60,"column":62}},"12":{"start":{"line":57,"column":4},"end":{"line":57,"column":27}},"13":{"start":{"line":58,"column":4},"end":{"line":58,"column":29}},"14":{"start":{"line":59,"column":4},"end":{"line":59,"column":27}},"15":{"start":{"line":62,"column":2},"end":{"line":64,"column":3}},"16":{"start":{"line":63,"column":4},"end":{"line":63,"column":59}},"17":{"start":{"line":66,"column":30},"end":{"line":70,"column":55}},"18":{"start":{"line":67,"column":4},"end":{"line":69,"column":5}},"19":{"start":{"line":68,"column":6},"end":{"line":68,"column":28}},"20":{"start":{"line":72,"column":2},"end":{"line":130,"column":4}},"21":{"start":{"line":81,"column":14},"end":{"line":89,"column":15}},"22":{"start":{"line":108,"column":43},"end":{"line":108,"column":115}},"23":{"start":{"line":133,"column":15},"end":{"line":145,"column":2}}},"fnMap":{"0":{"name":"Index","decl":{"start":{"line":26,"column":24},"end":{"line":26,"column":29}},"loc":{"start":{"line":26,"column":32},"end":{"line":131,"column":1}},"line":26},"1":{"name":"(anonymous_1)","decl":{"start":{"line":38,"column":46},"end":{"line":38,"column":47}},"loc":{"start":{"line":38,"column":52},"end":{"line":40,"column":3}},"line":38},"2":{"name":"(anonymous_2)","decl":{"start":{"line":43,"column":4},"end":{"line":43,"column":5}},"loc":{"start":{"line":43,"column":23},"end":{"line":47,"column":5}},"line":43},"3":{"name":"(anonymous_3)","decl":{"start":{"line":51,"column":12},"end":{"line":51,"column":13}},"loc":{"start":{"line":51,"column":18},"end":{"line":54,"column":3}},"line":51},"4":{"name":"(anonymous_4)","decl":{"start":{"line":56,"column":32},"end":{"line":56,"column":33}},"loc":{"start":{"line":56,"column":44},"end":{"line":60,"column":3}},"line":56},"5":{"name":"(anonymous_5)","decl":{"start":{"line":66,"column":42},"end":{"line":66,"column":43}},"loc":{"start":{"line":66,"column":48},"end":{"line":70,"column":3}},"line":66},"6":{"name":"(anonymous_6)","decl":{"start":{"line":80,"column":24},"end":{"line":80,"column":25}},"loc":{"start":{"line":81,"column":14},"end":{"line":89,"column":15}},"line":81},"7":{"name":"(anonymous_7)","decl":{"start":{"line":108,"column":26},"end":{"line":108,"column":27}},"loc":{"start":{"line":108,"column":43},"end":{"line":108,"column":115}},"line":108}},"branchMap":{"0":{"loc":{"start":{"line":31,"column":4},"end":{"line":31,"column":17}},"type":"default-arg","locations":[{"start":{"line":31,"column":15},"end":{"line":31,"column":17}}],"line":31},"1":{"loc":{"start":{"line":44,"column":6},"end":{"line":46,"column":7}},"type":"if","locations":[{"start":{"line":44,"column":6},"end":{"line":46,"column":7}},{"start":{},"end":{}}],"line":44},"2":{"loc":{"start":{"line":52,"column":4},"end":{"line":53,"column":21}},"type":"if","locations":[{"start":{"line":52,"column":4},"end":{"line":53,"column":21}},{"start":{},"end":{}}],"line":52},"3":{"loc":{"start":{"line":62,"column":2},"end":{"line":64,"column":3}},"type":"if","locations":[{"start":{"line":62,"column":2},"end":{"line":64,"column":3}},{"start":{},"end":{}}],"line":62},"4":{"loc":{"start":{"line":62,"column":6},"end":{"line":62,"column":40}},"type":"binary-expr","locations":[{"start":{"line":62,"column":6},"end":{"line":62,"column":18}},{"start":{"line":62,"column":22},"end":{"line":62,"column":40}}],"line":62},"5":{"loc":{"start":{"line":67,"column":4},"end":{"line":69,"column":5}},"type":"if","locations":[{"start":{"line":67,"column":4},"end":{"line":69,"column":5}},{"start":{},"end":{}}],"line":67},"6":{"loc":{"start":{"line":67,"column":8},"end":{"line":67,"column":37}},"type":"binary-expr","locations":[{"start":{"line":67,"column":8},"end":{"line":67,"column":26}},{"start":{"line":67,"column":30},"end":{"line":67,"column":37}}],"line":67},"7":{"loc":{"start":{"line":79,"column":18},"end":{"line":79,"column":99}},"type":"cond-expr","locations":[{"start":{"line":79,"column":63},"end":{"line":79,"column":88}},{"start":{"line":79,"column":91},"end":{"line":79,"column":99}}],"line":79},"8":{"loc":{"start":{"line":79,"column":18},"end":{"line":79,"column":60}},"type":"binary-expr","locations":[{"start":{"line":79,"column":18},"end":{"line":79,"column":35}},{"start":{"line":79,"column":39},"end":{"line":79,"column":60}}],"line":79},"9":{"loc":{"start":{"line":81,"column":14},"end":{"line":89,"column":15}},"type":"cond-expr","locations":[{"start":{"line":82,"column":16},"end":{"line":82,"column":36}},{"start":{"line":84,"column":16},"end":{"line":88,"column":18}}],"line":81},"10":{"loc":{"start":{"line":81,"column":14},"end":{"line":81,"column":56}},"type":"binary-expr","locations":[{"start":{"line":81,"column":14},"end":{"line":81,"column":31}},{"start":{"line":81,"column":35},"end":{"line":81,"column":56}}],"line":81},"11":{"loc":{"start":{"line":102,"column":14},"end":{"line":106,"column":22}},"type":"cond-expr","locations":[{"start":{"line":103,"column":16},"end":{"line":105,"column":23}},{"start":{"line":106,"column":18},"end":{"line":106,"column":22}}],"line":102},"12":{"loc":{"start":{"line":108,"column":43},"end":{"line":108,"column":115}},"type":"cond-expr","locations":[{"start":{"line":108,"column":88},"end":{"line":108,"column":104}},{"start":{"line":108,"column":107},"end":{"line":108,"column":115}}],"line":108},"13":{"loc":{"start":{"line":108,"column":43},"end":{"line":108,"column":85}},"type":"binary-expr","locations":[{"start":{"line":108,"column":43},"end":{"line":108,"column":60}},{"start":{"line":108,"column":64},"end":{"line":108,"column":85}}],"line":108}},"s":{"0":0,"1":0,"2":0,"3":0,"4":0,"5":0,"6":0,"7":0,"8":0,"9":0,"10":0,"11":0,"12":0,"13":0,"14":0,"15":0,"16":0,"17":0,"18":0,"19":0,"20":0,"21":0,"22":0,"23":0},"f":{"0":0,"1":0,"2":0,"3":0,"4":0,"5":0,"6":0,"7":0},"b":{"0":[0],"1":[0,0],"2":[0,0],"3":[0,0],"4":[0,0],"5":[0,0],"6":[0,0],"7":[0,0],"8":[0,0],"9":[0,0],"10":[0,0],"11":[0,0],"12":[0,0],"13":[0,0]}}
,"C:\\Users\\HUAWEI\\Desktop\\Nubian\\app\\(screens)\\notification.tsx": {"path":"C:\\Users\\HUAWEI\\Desktop\\Nubian\\app\\(screens)\\notification.tsx","statementMap":{"0":{"start":{"line":15,"column":28},"end":{"line":95,"column":1}},"1":{"start":{"line":16,"column":19},"end":{"line":16,"column":28}},"2":{"start":{"line":17,"column":44},"end":{"line":17,"column":76}},"3":{"start":{"line":18,"column":32},"end":{"line":18,"column":46}},"4":{"start":{"line":19,"column":38},"end":{"line":19,"column":53}},"5":{"start":{"line":20,"column":17},"end":{"line":20,"column":28}},"6":{"start":{"line":22,"column":29},"end":{"line":59,"column":1}},"7":{"start":{"line":23,"column":2},"end":{"line":58,"column":3}},"8":{"start":{"line":24,"column":4},"end":{"line":24,"column":21}},"9":{"start":{"line":25,"column":19},"end":{"line":25,"column":27}},"10":{"start":{"line":27,"column":19},"end":{"line":27,"column":23}},"11":{"start":{"line":28,"column":4},"end":{"line":31,"column":5}},"12":{"start":{"line":29,"column":21},"end":{"line":29,"column":66}},"13":{"start":{"line":30,"column":6},"end":{"line":30,"column":30}},"14":{"start":{"line":33,"column":4},"end":{"line":36,"column":5}},"15":{"start":{"line":34,"column":6},"end":{"line":34,"column":27}},"16":{"start":{"line":35,"column":6},"end":{"line":35,"column":13}},"17":{"start":{"line":38,"column":16},"end":{"line":40,"column":86}},"18":{"start":{"line":42,"column":16},"end":{"line":42,"column":32}},"19":{"start":{"line":44,"column":4},"end":{"line":48,"column":5}},"20":{"start":{"line":45,"column":24},"end":{"line":45,"column":40}},"21":{"start":{"line":46,"column":6},"end":{"line":46,"column":27}},"22":{"start":{"line":47,"column":6},"end":{"line":47,"column":13}},"23":{"start":{"line":50,"column":17},"end":{"line":50,"column":33}},"24":{"start":{"line":52,"column":17},"end":{"line":52,"column":33}},"25":{"start":{"line":53,"column":4},"end":{"line":53,"column":47}},"26":{"start":{"line":56,"column":4},"end":{"line":56,"column":22}},"27":{"start":{"line":57,"column":4},"end":{"line":57,"column":25}},"28":{"start":{"line":61,"column":2},"end":{"line":63,"column":13}},"29":{"start":{"line":62,"column":4},"end":{"line":62,"column":25}},"30":{"start":{"line":65,"column":20},"end":{"line":68,"column":12}},"31":{"start":{"line":66,"column":4},"end":{"line":66,"column":24}},"32":{"start":{"line":67,"column":4},"end":{"line":67,"column":25}},"33":{"start":{"line":70,"column":2},"end":{"line":72,"column":3}},"34":{"start":{"line":71,"column":4},"end":{"line":71,"column":68}},"35":{"start":{"line":74,"column":2},"end":{"line":94,"column":4}},"36":{"start":{"line":80,"column":32},"end":{"line":80,"column":40}},"37":{"start":{"line":82,"column":10},"end":{"line":86,"column":17}},"38":{"start":{"line":97,"column":15},"end":{"line":110,"column":2}}},"fnMap":{"0":{"name":"(anonymous_0)","decl":{"start":{"line":15,"column":28},"end":{"line":15,"column":29}},"loc":{"start":{"line":15,"column":34},"end":{"line":95,"column":1}},"line":15},"1":{"name":"(anonymous_1)","decl":{"start":{"line":22,"column":29},"end":{"line":22,"column":30}},"loc":{"start":{"line":22,"column":41},"end":{"line":59,"column":1}},"line":22},"2":{"name":"(anonymous_2)","decl":{"start":{"line":61,"column":12},"end":{"line":61,"column":13}},"loc":{"start":{"line":61,"column":18},"end":{"line":63,"column":3}},"line":61},"3":{"name":"(anonymous_3)","decl":{"start":{"line":65,"column":32},"end":{"line":65,"column":33}},"loc":{"start":{"line":65,"column":38},"end":{"line":68,"column":3}},"line":65},"4":{"name":"(anonymous_4)","decl":{"start":{"line":80,"column":22},"end":{"line":80,"column":23}},"loc":{"start":{"line":80,"column":32},"end":{"line":80,"column":40}},"line":80},"5":{"name":"(anonymous_5)","decl":{"start":{"line":81,"column":20},"end":{"line":81,"column":21}},"loc":{"start":{"line":82,"column":10},"end":{"line":86,"column":17}},"line":82}},"branchMap":{"0":{"loc":{"start":{"line":28,"column":4},"end":{"line":31,"column":5}},"type":"if","locations":[{"start":{"line":28,"column":4},"end":{"line":31,"column":5}},{"start":{},"end":{}}],"line":28},"1":{"loc":{"start":{"line":33,"column":4},"end":{"line":36,"column":5}},"type":"if","locations":[{"start":{"line":33,"column":4},"end":{"line":36,"column":5}},{"start":{},"end":{}}],"line":33},"2":{"loc":{"start":{"line":33,"column":8},"end":{"line":33,"column":28}},"type":"binary-expr","locations":[{"start":{"line":33,"column":8},"end":{"line":33,"column":15}},{"start":{"line":33,"column":19},"end":{"line":33,"column":28}}],"line":33},"3":{"loc":{"start":{"line":38,"column":16},"end":{"line":40,"column":86}},"type":"cond-expr","locations":[{"start":{"line":39,"column":8},"end":{"line":39,"column":82}},{"start":{"line":40,"column":8},"end":{"line":40,"column":86}}],"line":38},"4":{"loc":{"start":{"line":44,"column":4},"end":{"line":48,"column":5}},"type":"if","locations":[{"start":{"line":44,"column":4},"end":{"line":48,"column":5}},{"start":{},"end":{}}],"line":44},"5":{"loc":{"start":{"line":53,"column":21},"end":{"line":53,"column":45}},"type":"binary-expr","locations":[{"start":{"line":53,"column":21},"end":{"line":53,"column":39}},{"start":{"line":53,"column":43},"end":{"line":53,"column":45}}],"line":53},"6":{"loc":{"start":{"line":70,"column":2},"end":{"line":72,"column":3}},"type":"if","locations":[{"start":{"line":70,"column":2},"end":{"line":72,"column":3}},{"start":{},"end":{}}],"line":70},"7":{"loc":{"start":{"line":70,"column":6},"end":{"line":70,"column":28}},"type":"binary-expr","locations":[{"start":{"line":70,"column":6},"end":{"line":70,"column":13}},{"start":{"line":70,"column":17},"end":{"line":70,"column":28}}],"line":70}},"s":{"0":0,"1":0,"2":0,"3":0,"4":0,"5":0,"6":0,"7":0,"8":0,"9":0,"10":0,"11":0,"12":0,"13":0,"14":0,"15":0,"16":0,"17":0,"18":0,"19":0,"20":0,"21":0,"22":0,"23":0,"24":0,"25":0,"26":0,"27":0,"28":0,"29":0,"30":0,"31":0,"32":0,"33":0,"34":0,"35":0,"36":0,"37":0,"38":0},"f":{"0":0,"1":0,"2":0,"3":0,"4":0,"5":0},"b":{"0":[0,0],"1":[0,0],"2":[0,0],"3":[0,0],"4":[0,0],"5":[0,0],"6":[0,0],"7":[0,0]}}
,"C:\\Users\\HUAWEI\\Desktop\\Nubian\\app\\(screens)\\order.tsx": {"path":"C:\\Users\\HUAWEI\\Desktop\\Nubian\\app\\(screens)\\order.tsx","statementMap":{"0":{"start":{"line":10,"column":54},"end":{"line":10,"column":69}},"1":{"start":{"line":11,"column":23},"end":{"line":11,"column":32}},"2":{"start":{"line":12,"column":38},"end":{"line":12,"column":53}},"3":{"start":{"line":13,"column":46},"end":{"line":13,"column":86}},"4":{"start":{"line":14,"column":17},"end":{"line":14,"column":28}},"5":{"start":{"line":16,"column":22},"end":{"line":23,"column":3}},"6":{"start":{"line":17,"column":4},"end":{"line":22,"column":5}},"7":{"start":{"line":18,"column":20},"end":{"line":18,"column":36}},"8":{"start":{"line":19,"column":6},"end":{"line":19,"column":33}},"9":{"start":{"line":21,"column":6},"end":{"line":21,"column":49}},"10":{"start":{"line":25,"column":20},"end":{"line":29,"column":3}},"11":{"start":{"line":26,"column":4},"end":{"line":26,"column":24}},"12":{"start":{"line":27,"column":4},"end":{"line":27,"column":24}},"13":{"start":{"line":28,"column":4},"end":{"line":28,"column":25}},"14":{"start":{"line":31,"column":31},"end":{"line":36,"column":3}},"15":{"start":{"line":32,"column":4},"end":{"line":35,"column":8}},"16":{"start":{"line":32,"column":31},"end":{"line":35,"column":5}},"17":{"start":{"line":38,"column":21},"end":{"line":47,"column":3}},"18":{"start":{"line":39,"column":17},"end":{"line":39,"column":37}},"19":{"start":{"line":40,"column":4},"end":{"line":46,"column":7}},"20":{"start":{"line":49,"column":25},"end":{"line":51,"column":3}},"21":{"start":{"line":50,"column":4},"end":{"line":50,"column":44}},"22":{"start":{"line":53,"column":25},"end":{"line":66,"column":3}},"23":{"start":{"line":54,"column":4},"end":{"line":65,"column":5}},"24":{"start":{"line":56,"column":8},"end":{"line":56,"column":25}},"25":{"start":{"line":58,"column":8},"end":{"line":58,"column":25}},"26":{"start":{"line":60,"column":8},"end":{"line":60,"column":25}},"27":{"start":{"line":62,"column":8},"end":{"line":62,"column":25}},"28":{"start":{"line":64,"column":8},"end":{"line":64,"column":25}},"29":{"start":{"line":68,"column":24},"end":{"line":81,"column":3}},"30":{"start":{"line":69,"column":4},"end":{"line":80,"column":5}},"31":{"start":{"line":71,"column":8},"end":{"line":71,"column":29}},"32":{"start":{"line":73,"column":8},"end":{"line":73,"column":22}},"33":{"start":{"line":75,"column":8},"end":{"line":75,"column":28}},"34":{"start":{"line":77,"column":8},"end":{"line":77,"column":22}},"35":{"start":{"line":79,"column":8},"end":{"line":79,"column":22}},"36":{"start":{"line":83,"column":31},"end":{"line":94,"column":3}},"37":{"start":{"line":84,"column":4},"end":{"line":93,"column":5}},"38":{"start":{"line":86,"column":8},"end":{"line":86,"column":29}},"39":{"start":{"line":88,"column":8},"end":{"line":88,"column":23}},"40":{"start":{"line":90,"column":8},"end":{"line":90,"column":21}},"41":{"start":{"line":92,"column":8},"end":{"line":92,"column":29}},"42":{"start":{"line":96,"column":31},"end":{"line":107,"column":3}},"43":{"start":{"line":97,"column":4},"end":{"line":106,"column":5}},"44":{"start":{"line":99,"column":8},"end":{"line":99,"column":22}},"45":{"start":{"line":101,"column":8},"end":{"line":101,"column":23}},"46":{"start":{"line":103,"column":8},"end":{"line":103,"column":28}},"47":{"start":{"line":105,"column":8},"end":{"line":105,"column":22}},"48":{"start":{"line":110,"column":27},"end":{"line":113,"column":3}},"49":{"start":{"line":111,"column":4},"end":{"line":111,"column":56}},"50":{"start":{"line":111,"column":47},"end":{"line":111,"column":56}},"51":{"start":{"line":112,"column":4},"end":{"line":112,"column":83}},"52":{"start":{"line":112,"column":47},"end":{"line":112,"column":78}},"53":{"start":{"line":115,"column":2},"end":{"line":122,"column":3}},"54":{"start":{"line":116,"column":4},"end":{"line":121,"column":6}},"55":{"start":{"line":124,"column":2},"end":{"line":130,"column":3}},"56":{"start":{"line":125,"column":4},"end":{"line":129,"column":6}},"57":{"start":{"line":132,"column":2},"end":{"line":138,"column":3}},"58":{"start":{"line":133,"column":4},"end":{"line":137,"column":6}},"59":{"start":{"line":140,"column":2},"end":{"line":262,"column":4}},"60":{"start":{"line":150,"column":8},"end":{"line":259,"column":15}},"61":{"start":{"line":154,"column":27},"end":{"line":154,"column":58}},"62":{"start":{"line":222,"column":20},"end":{"line":246,"column":27}},"63":{"start":{"line":265,"column":15},"end":{"line":482,"column":2}}},"fnMap":{"0":{"name":"Order","decl":{"start":{"line":9,"column":24},"end":{"line":9,"column":29}},"loc":{"start":{"line":9,"column":32},"end":{"line":263,"column":1}},"line":9},"1":{"name":"(anonymous_1)","decl":{"start":{"line":16,"column":22},"end":{"line":16,"column":23}},"loc":{"start":{"line":16,"column":34},"end":{"line":23,"column":3}},"line":16},"2":{"name":"(anonymous_2)","decl":{"start":{"line":25,"column":20},"end":{"line":25,"column":21}},"loc":{"start":{"line":25,"column":32},"end":{"line":29,"column":3}},"line":25},"3":{"name":"(anonymous_3)","decl":{"start":{"line":31,"column":31},"end":{"line":31,"column":32}},"loc":{"start":{"line":31,"column":52},"end":{"line":36,"column":3}},"line":31},"4":{"name":"(anonymous_4)","decl":{"start":{"line":32,"column":22},"end":{"line":32,"column":23}},"loc":{"start":{"line":32,"column":31},"end":{"line":35,"column":5}},"line":32},"5":{"name":"(anonymous_5)","decl":{"start":{"line":38,"column":21},"end":{"line":38,"column":22}},"loc":{"start":{"line":38,"column":45},"end":{"line":47,"column":3}},"line":38},"6":{"name":"(anonymous_6)","decl":{"start":{"line":49,"column":25},"end":{"line":49,"column":26}},"loc":{"start":{"line":49,"column":45},"end":{"line":51,"column":3}},"line":49},"7":{"name":"(anonymous_7)","decl":{"start":{"line":53,"column":25},"end":{"line":53,"column":26}},"loc":{"start":{"line":53,"column":45},"end":{"line":66,"column":3}},"line":53},"8":{"name":"(anonymous_8)","decl":{"start":{"line":68,"column":24},"end":{"line":68,"column":25}},"loc":{"start":{"line":68,"column":44},"end":{"line":81,"column":3}},"line":68},"9":{"name":"(anonymous_9)","decl":{"start":{"line":83,"column":31},"end":{"line":83,"column":32}},"loc":{"start":{"line":83,"column":58},"end":{"line":94,"column":3}},"line":83},"10":{"name":"(anonymous_10)","decl":{"start":{"line":96,"column":31},"end":{"line":96,"column":32}},"loc":{"start":{"line":96,"column":51},"end":{"line":107,"column":3}},"line":96},"11":{"name":"(anonymous_11)","decl":{"start":{"line":110,"column":27},"end":{"line":110,"column":28}},"loc":{"start":{"line":110,"column":48},"end":{"line":113,"column":3}},"line":110},"12":{"name":"(anonymous_12)","decl":{"start":{"line":112,"column":27},"end":{"line":112,"column":28}},"loc":{"start":{"line":112,"column":47},"end":{"line":112,"column":78}},"line":112},"13":{"name":"(anonymous_13)","decl":{"start":{"line":149,"column":18},"end":{"line":149,"column":19}},"loc":{"start":{"line":150,"column":8},"end":{"line":259,"column":15}},"line":150},"14":{"name":"(anonymous_14)","decl":{"start":{"line":154,"column":21},"end":{"line":154,"column":22}},"loc":{"start":{"line":154,"column":27},"end":{"line":154,"column":58}},"line":154},"15":{"name":"(anonymous_15)","decl":{"start":{"line":221,"column":44},"end":{"line":221,"column":45}},"loc":{"start":{"line":222,"column":20},"end":{"line":246,"column":27}},"line":222}},"branchMap":{"0":{"loc":{"start":{"line":54,"column":4},"end":{"line":65,"column":5}},"type":"switch","locations":[{"start":{"line":55,"column":6},"end":{"line":56,"column":25}},{"start":{"line":57,"column":6},"end":{"line":58,"column":25}},{"start":{"line":59,"column":6},"end":{"line":60,"column":25}},{"start":{"line":61,"column":6},"end":{"line":62,"column":25}},{"start":{"line":63,"column":6},"end":{"line":64,"column":25}}],"line":54},"1":{"loc":{"start":{"line":69,"column":4},"end":{"line":80,"column":5}},"type":"switch","locations":[{"start":{"line":70,"column":6},"end":{"line":71,"column":29}},{"start":{"line":72,"column":6},"end":{"line":73,"column":22}},{"start":{"line":74,"column":6},"end":{"line":75,"column":28}},{"start":{"line":76,"column":6},"end":{"line":77,"column":22}},{"start":{"line":78,"column":6},"end":{"line":79,"column":22}}],"line":69},"2":{"loc":{"start":{"line":84,"column":4},"end":{"line":93,"column":5}},"type":"switch","locations":[{"start":{"line":85,"column":6},"end":{"line":86,"column":29}},{"start":{"line":87,"column":6},"end":{"line":88,"column":23}},{"start":{"line":89,"column":6},"end":{"line":90,"column":21}},{"start":{"line":91,"column":6},"end":{"line":92,"column":29}}],"line":84},"3":{"loc":{"start":{"line":97,"column":4},"end":{"line":106,"column":5}},"type":"switch","locations":[{"start":{"line":98,"column":6},"end":{"line":99,"column":22}},{"start":{"line":100,"column":6},"end":{"line":101,"column":23}},{"start":{"line":102,"column":6},"end":{"line":103,"column":28}},{"start":{"line":104,"column":6},"end":{"line":105,"column":22}}],"line":97},"4":{"loc":{"start":{"line":111,"column":4},"end":{"line":111,"column":56}},"type":"if","locations":[{"start":{"line":111,"column":4},"end":{"line":111,"column":56}},{"start":{},"end":{}}],"line":111},"5":{"loc":{"start":{"line":111,"column":8},"end":{"line":111,"column":45}},"type":"binary-expr","locations":[{"start":{"line":111,"column":8},"end":{"line":111,"column":17}},{"start":{"line":111,"column":21},"end":{"line":111,"column":45}}],"line":111},"6":{"loc":{"start":{"line":112,"column":56},"end":{"line":112,"column":77}},"type":"binary-expr","locations":[{"start":{"line":112,"column":56},"end":{"line":112,"column":72}},{"start":{"line":112,"column":76},"end":{"line":112,"column":77}}],"line":112},"7":{"loc":{"start":{"line":115,"column":2},"end":{"line":122,"column":3}},"type":"if","locations":[{"start":{"line":115,"column":2},"end":{"line":122,"column":3}},{"start":{},"end":{}}],"line":115},"8":{"loc":{"start":{"line":115,"column":6},"end":{"line":115,"column":38}},"type":"binary-expr","locations":[{"start":{"line":115,"column":6},"end":{"line":115,"column":15}},{"start":{"line":115,"column":19},"end":{"line":115,"column":38}}],"line":115},"9":{"loc":{"start":{"line":124,"column":2},"end":{"line":130,"column":3}},"type":"if","locations":[{"start":{"line":124,"column":2},"end":{"line":130,"column":3}},{"start":{},"end":{}}],"line":124},"10":{"loc":{"start":{"line":132,"column":2},"end":{"line":138,"column":3}},"type":"if","locations":[{"start":{"line":132,"column":2},"end":{"line":138,"column":3}},{"start":{},"end":{}}],"line":132},"11":{"loc":{"start":{"line":163,"column":15},"end":{"line":163,"column":76}},"type":"cond-expr","locations":[{"start":{"line":163,"column":43},"end":{"line":163,"column":59}},{"start":{"line":163,"column":62},"end":{"line":163,"column":76}}],"line":163},"12":{"loc":{"start":{"line":186,"column":11},"end":{"line":258,"column":11}},"type":"binary-expr","locations":[{"start":{"line":186,"column":11},"end":{"line":186,"column":36}},{"start":{"line":187,"column":12},"end":{"line":257,"column":19}}],"line":186},"13":{"loc":{"start":{"line":210,"column":27},"end":{"line":210,"column":81}},"type":"cond-expr","locations":[{"start":{"line":210,"column":60},"end":{"line":210,"column":69}},{"start":{"line":210,"column":72},"end":{"line":210,"column":81}}],"line":210},"14":{"loc":{"start":{"line":220,"column":17},"end":{"line":250,"column":17}},"type":"cond-expr","locations":[{"start":{"line":221,"column":18},"end":{"line":247,"column":20}},{"start":{"line":249,"column":18},"end":{"line":249,"column":82}}],"line":220},"15":{"loc":{"start":{"line":220,"column":17},"end":{"line":220,"column":74}},"type":"binary-expr","locations":[{"start":{"line":220,"column":17},"end":{"line":220,"column":38}},{"start":{"line":220,"column":42},"end":{"line":220,"column":74}}],"line":220},"16":{"loc":{"start":{"line":222,"column":31},"end":{"line":222,"column":51}},"type":"binary-expr","locations":[{"start":{"line":222,"column":31},"end":{"line":222,"column":42}},{"start":{"line":222,"column":46},"end":{"line":222,"column":51}}],"line":222},"17":{"loc":{"start":{"line":225,"column":25},"end":{"line":231,"column":25}},"type":"binary-expr","locations":[{"start":{"line":225,"column":25},"end":{"line":225,"column":39}},{"start":{"line":225,"column":43},"end":{"line":225,"column":72}},{"start":{"line":225,"column":76},"end":{"line":225,"column":93}},{"start":{"line":226,"column":26},"end":{"line":230,"column":28}}],"line":225},"18":{"loc":{"start":{"line":234,"column":29},"end":{"line":234,"column":83}},"type":"binary-expr","locations":[{"start":{"line":234,"column":29},"end":{"line":234,"column":41}},{"start":{"line":234,"column":45},"end":{"line":234,"column":64}},{"start":{"line":234,"column":68},"end":{"line":234,"column":83}}],"line":234},"19":{"loc":{"start":{"line":238,"column":31},"end":{"line":238,"column":95}},"type":"cond-expr","locations":[{"start":{"line":238,"column":47},"end":{"line":238,"column":76}},{"start":{"line":238,"column":79},"end":{"line":238,"column":95}}],"line":238},"20":{"loc":{"start":{"line":238,"column":100},"end":{"line":238,"column":121}},"type":"binary-expr","locations":[{"start":{"line":238,"column":100},"end":{"line":238,"column":116}},{"start":{"line":238,"column":120},"end":{"line":238,"column":121}}],"line":238},"21":{"loc":{"start":{"line":241,"column":49},"end":{"line":241,"column":67}},"type":"binary-expr","locations":[{"start":{"line":241,"column":49},"end":{"line":241,"column":62}},{"start":{"line":241,"column":66},"end":{"line":241,"column":67}}],"line":241},"22":{"loc":{"start":{"line":241,"column":72},"end":{"line":241,"column":93}},"type":"binary-expr","locations":[{"start":{"line":241,"column":72},"end":{"line":241,"column":88}},{"start":{"line":241,"column":92},"end":{"line":241,"column":93}}],"line":241}},"s":{"0":0,"1":0,"2":0,"3":0,"4":0,"5":0,"6":0,"7":0,"8":0,"9":0,"10":0,"11":0,"12":0,"13":0,"14":0,"15":0,"16":0,"17":0,"18":0,"19":0,"20":0,"21":0,"22":0,"23":0,"24":0,"25":0,"26":0,"27":0,"28":0,"29":0,"30":0,"31":0,"32":0,"33":0,"34":0,"35":0,"36":0,"37":0,"38":0,"39":0,"40":0,"41":0,"42":0,"43":0,"44":0,"45":0,"46":0,"47":0,"48":0,"49":0,"50":0,"51":0,"52":0,"53":0,"54":0,"55":0,"56":0,"57":0,"58":0,"59":0,"60":0,"61":0,"62":0,"63":0},"f":{"0":0,"1":0,"2":0,"3":0,"4":0,"5":0,"6":0,"7":0,"8":0,"9":0,"10":0,"11":0,"12":0,"13":0,"14":0,"15":0},"b":{"0":[0,0,0,0,0],"1":[0,0,0,0,0],"2":[0,0,0,0],"3":[0,0,0,0],"4":[0,0],"5":[0,0],"6":[0,0],"7":[0,0],"8":[0,0],"9":[0,0],"10":[0,0],"11":[0,0],"12":[0,0],"13":[0,0],"14":[0,0],"15":[0,0],"16":[0,0],"17":[0,0,0,0],"18":[0,0,0],"19":[0,0],"20":[0,0],"21":[0,0],"22":[0,0]}}
,"C:\\Users\\HUAWEI\\Desktop\\Nubian\\app\\(screens)\\details\\[details].tsx": {"path":"C:\\Users\\HUAWEI\\Desktop\\Nubian\\app\\(screens)\\details\\[details].tsx","statementMap":{"0":{"start":{"line":24,"column":31},"end":{"line":24,"column":55}},"1":{"start":{"line":27,"column":22},"end":{"line":27,"column":36}},"2":{"start":{"line":28,"column":42},"end":{"line":28,"column":71}},"3":{"start":{"line":29,"column":60},"end":{"line":29,"column":75}},"4":{"start":{"line":30,"column":52},"end":{"line":30,"column":63}},"5":{"start":{"line":31,"column":19},"end":{"line":31,"column":56}},"6":{"start":{"line":32,"column":20},"end":{"line":32,"column":58}},"7":{"start":{"line":33,"column":42},"end":{"line":33,"column":57}},"8":{"start":{"line":34,"column":44},"end":{"line":34,"column":73}},"9":{"start":{"line":35,"column":22},"end":{"line":35,"column":44}},"10":{"start":{"line":37,"column":17},"end":{"line":37,"column":28}},"11":{"start":{"line":39,"column":2},"end":{"line":59,"column":16}},"12":{"start":{"line":40,"column":4},"end":{"line":42,"column":5}},"13":{"start":{"line":41,"column":6},"end":{"line":41,"column":40}},"14":{"start":{"line":47,"column":4},"end":{"line":58,"column":15}},"15":{"start":{"line":61,"column":33},"end":{"line":65,"column":12}},"16":{"start":{"line":62,"column":4},"end":{"line":64,"column":5}},"17":{"start":{"line":63,"column":6},"end":{"line":63,"column":51}},"18":{"start":{"line":67,"column":27},"end":{"line":83,"column":3}},"19":{"start":{"line":68,"column":4},"end":{"line":68,"column":67}},"20":{"start":{"line":68,"column":55},"end":{"line":68,"column":67}},"21":{"start":{"line":70,"column":4},"end":{"line":82,"column":6}},"22":{"start":{"line":73,"column":10},"end":{"line":79,"column":12}},"23":{"start":{"line":85,"column":2},"end":{"line":100,"column":3}},"24":{"start":{"line":86,"column":19},"end":{"line":86,"column":30}},"25":{"start":{"line":87,"column":4},"end":{"line":99,"column":6}},"26":{"start":{"line":93,"column":12},"end":{"line":93,"column":41}},"27":{"start":{"line":102,"column":22},"end":{"line":108,"column":3}},"28":{"start":{"line":103,"column":4},"end":{"line":107,"column":21}},"29":{"start":{"line":110,"column":29},"end":{"line":139,"column":3}},"30":{"start":{"line":111,"column":4},"end":{"line":138,"column":11}},"31":{"start":{"line":119,"column":10},"end":{"line":135,"column":22}},"32":{"start":{"line":125,"column":27},"end":{"line":125,"column":48}},"33":{"start":{"line":141,"column":29},"end":{"line":174,"column":3}},"34":{"start":{"line":142,"column":4},"end":{"line":173,"column":11}},"35":{"start":{"line":176,"column":28},"end":{"line":208,"column":3}},"36":{"start":{"line":178,"column":29},"end":{"line":178,"column":68}},"37":{"start":{"line":182,"column":27},"end":{"line":182,"column":98}},"38":{"start":{"line":184,"column":4},"end":{"line":207,"column":6}},"39":{"start":{"line":190,"column":10},"end":{"line":192,"column":17}},"40":{"start":{"line":199,"column":27},"end":{"line":199,"column":75}},"41":{"start":{"line":210,"column":2},"end":{"line":351,"column":4}},"42":{"start":{"line":222,"column":38},"end":{"line":222,"column":42}},"43":{"start":{"line":227,"column":16},"end":{"line":241,"column":35}},"44":{"start":{"line":230,"column":20},"end":{"line":230,"column":42}},"45":{"start":{"line":231,"column":20},"end":{"line":231,"column":42}},"46":{"start":{"line":327,"column":30},"end":{"line":327,"column":52}},"47":{"start":{"line":337,"column":27},"end":{"line":337,"column":49}},"48":{"start":{"line":354,"column":15},"end":{"line":604,"column":2}}},"fnMap":{"0":{"name":"Details","decl":{"start":{"line":26,"column":24},"end":{"line":26,"column":31}},"loc":{"start":{"line":26,"column":34},"end":{"line":352,"column":1}},"line":26},"1":{"name":"(anonymous_1)","decl":{"start":{"line":39,"column":12},"end":{"line":39,"column":13}},"loc":{"start":{"line":39,"column":18},"end":{"line":59,"column":3}},"line":39},"2":{"name":"(anonymous_2)","decl":{"start":{"line":61,"column":40},"end":{"line":61,"column":41}},"loc":{"start":{"line":61,"column":68},"end":{"line":65,"column":3}},"line":61},"3":{"name":"(anonymous_3)","decl":{"start":{"line":67,"column":27},"end":{"line":67,"column":28}},"loc":{"start":{"line":67,"column":33},"end":{"line":83,"column":3}},"line":67},"4":{"name":"(anonymous_4)","decl":{"start":{"line":72,"column":28},"end":{"line":72,"column":29}},"loc":{"start":{"line":73,"column":10},"end":{"line":79,"column":12}},"line":73},"5":{"name":"(anonymous_5)","decl":{"start":{"line":92,"column":19},"end":{"line":92,"column":20}},"loc":{"start":{"line":92,"column":25},"end":{"line":94,"column":11}},"line":92},"6":{"name":"(anonymous_6)","decl":{"start":{"line":102,"column":22},"end":{"line":102,"column":23}},"loc":{"start":{"line":102,"column":41},"end":{"line":108,"column":3}},"line":102},"7":{"name":"(anonymous_7)","decl":{"start":{"line":110,"column":29},"end":{"line":110,"column":30}},"loc":{"start":{"line":111,"column":4},"end":{"line":138,"column":11}},"line":111},"8":{"name":"(anonymous_8)","decl":{"start":{"line":118,"column":27},"end":{"line":118,"column":28}},"loc":{"start":{"line":119,"column":10},"end":{"line":135,"column":22}},"line":119},"9":{"name":"(anonymous_9)","decl":{"start":{"line":125,"column":21},"end":{"line":125,"column":22}},"loc":{"start":{"line":125,"column":27},"end":{"line":125,"column":48}},"line":125},"10":{"name":"(anonymous_10)","decl":{"start":{"line":141,"column":29},"end":{"line":141,"column":30}},"loc":{"start":{"line":142,"column":4},"end":{"line":173,"column":11}},"line":142},"11":{"name":"(anonymous_11)","decl":{"start":{"line":176,"column":28},"end":{"line":176,"column":29}},"loc":{"start":{"line":176,"column":34},"end":{"line":208,"column":3}},"line":176},"12":{"name":"(anonymous_12)","decl":{"start":{"line":189,"column":28},"end":{"line":189,"column":29}},"loc":{"start":{"line":190,"column":10},"end":{"line":192,"column":17}},"line":190},"13":{"name":"(anonymous_13)","decl":{"start":{"line":199,"column":21},"end":{"line":199,"column":22}},"loc":{"start":{"line":199,"column":27},"end":{"line":199,"column":75}},"line":199},"14":{"name":"(anonymous_14)","decl":{"start":{"line":222,"column":28},"end":{"line":222,"column":29}},"loc":{"start":{"line":222,"column":38},"end":{"line":222,"column":42}},"line":222},"15":{"name":"(anonymous_15)","decl":{"start":{"line":226,"column":26},"end":{"line":226,"column":27}},"loc":{"start":{"line":227,"column":16},"end":{"line":241,"column":35}},"line":227},"16":{"name":"(anonymous_16)","decl":{"start":{"line":229,"column":27},"end":{"line":229,"column":28}},"loc":{"start":{"line":229,"column":33},"end":{"line":232,"column":19}},"line":229},"17":{"name":"(anonymous_17)","decl":{"start":{"line":327,"column":24},"end":{"line":327,"column":25}},"loc":{"start":{"line":327,"column":30},"end":{"line":327,"column":52}},"line":327},"18":{"name":"(anonymous_18)","decl":{"start":{"line":337,"column":21},"end":{"line":337,"column":22}},"loc":{"start":{"line":337,"column":27},"end":{"line":337,"column":49}},"line":337}},"branchMap":{"0":{"loc":{"start":{"line":40,"column":4},"end":{"line":42,"column":5}},"type":"if","locations":[{"start":{"line":40,"column":4},"end":{"line":42,"column":5}},{"start":{},"end":{}}],"line":40},"1":{"loc":{"start":{"line":40,"column":8},"end":{"line":40,"column":50}},"type":"binary-expr","locations":[{"start":{"line":40,"column":8},"end":{"line":40,"column":22}},{"start":{"line":40,"column":26},"end":{"line":40,"column":50}}],"line":40},"2":{"loc":{"start":{"line":62,"column":4},"end":{"line":64,"column":5}},"type":"if","locations":[{"start":{"line":62,"column":4},"end":{"line":64,"column":5}},{"start":{},"end":{}}],"line":62},"3":{"loc":{"start":{"line":68,"column":4},"end":{"line":68,"column":67}},"type":"if","locations":[{"start":{"line":68,"column":4},"end":{"line":68,"column":67}},{"start":{},"end":{}}],"line":68},"4":{"loc":{"start":{"line":68,"column":8},"end":{"line":68,"column":53}},"type":"binary-expr","locations":[{"start":{"line":68,"column":8},"end":{"line":68,"column":23}},{"start":{"line":68,"column":27},"end":{"line":68,"column":53}}],"line":68},"5":{"loc":{"start":{"line":77,"column":14},"end":{"line":77,"column":61}},"type":"binary-expr","locations":[{"start":{"line":77,"column":14},"end":{"line":77,"column":41}},{"start":{"line":77,"column":45},"end":{"line":77,"column":61}}],"line":77},"6":{"loc":{"start":{"line":85,"column":2},"end":{"line":100,"column":3}},"type":"if","locations":[{"start":{"line":85,"column":2},"end":{"line":100,"column":3}},{"start":{},"end":{}}],"line":85},"7":{"loc":{"start":{"line":123,"column":14},"end":{"line":123,"column":61}},"type":"binary-expr","locations":[{"start":{"line":123,"column":14},"end":{"line":123,"column":35}},{"start":{"line":123,"column":39},"end":{"line":123,"column":61}}],"line":123},"8":{"loc":{"start":{"line":130,"column":16},"end":{"line":130,"column":64}},"type":"binary-expr","locations":[{"start":{"line":130,"column":16},"end":{"line":130,"column":37}},{"start":{"line":130,"column":41},"end":{"line":130,"column":64}}],"line":130},"9":{"loc":{"start":{"line":145,"column":9},"end":{"line":154,"column":9}},"type":"binary-expr","locations":[{"start":{"line":145,"column":9},"end":{"line":145,"column":34}},{"start":{"line":146,"column":10},"end":{"line":153,"column":17}}],"line":145},"10":{"loc":{"start":{"line":161,"column":31},"end":{"line":161,"column":72}},"type":"cond-expr","locations":[{"start":{"line":161,"column":51},"end":{"line":161,"column":60}},{"start":{"line":161,"column":63},"end":{"line":161,"column":72}}],"line":161},"11":{"loc":{"start":{"line":167,"column":21},"end":{"line":167,"column":62}},"type":"cond-expr","locations":[{"start":{"line":167,"column":41},"end":{"line":167,"column":50}},{"start":{"line":167,"column":53},"end":{"line":167,"column":62}}],"line":167},"12":{"loc":{"start":{"line":170,"column":11},"end":{"line":170,"column":62}},"type":"cond-expr","locations":[{"start":{"line":170,"column":31},"end":{"line":170,"column":48}},{"start":{"line":170,"column":51},"end":{"line":170,"column":62}}],"line":170},"13":{"loc":{"start":{"line":178,"column":29},"end":{"line":178,"column":68}},"type":"binary-expr","locations":[{"start":{"line":178,"column":29},"end":{"line":178,"column":62}},{"start":{"line":178,"column":66},"end":{"line":178,"column":68}}],"line":178},"14":{"loc":{"start":{"line":182,"column":27},"end":{"line":182,"column":98}},"type":"cond-expr","locations":[{"start":{"line":182,"column":51},"end":{"line":182,"column":67}},{"start":{"line":182,"column":70},"end":{"line":182,"column":98}}],"line":182},"15":{"loc":{"start":{"line":196,"column":9},"end":{"line":205,"column":9}},"type":"binary-expr","locations":[{"start":{"line":196,"column":9},"end":{"line":196,"column":36}},{"start":{"line":197,"column":10},"end":{"line":204,"column":22}}],"line":196},"16":{"loc":{"start":{"line":202,"column":15},"end":{"line":202,"column":65}},"type":"cond-expr","locations":[{"start":{"line":202,"column":39},"end":{"line":202,"column":49}},{"start":{"line":202,"column":52},"end":{"line":202,"column":65}}],"line":202},"17":{"loc":{"start":{"line":275,"column":11},"end":{"line":275,"column":76}},"type":"binary-expr","locations":[{"start":{"line":275,"column":11},"end":{"line":275,"column":24}},{"start":{"line":275,"column":28},"end":{"line":275,"column":52}},{"start":{"line":275,"column":56},"end":{"line":275,"column":76}}],"line":275},"18":{"loc":{"start":{"line":278,"column":11},"end":{"line":278,"column":53}},"type":"binary-expr","locations":[{"start":{"line":278,"column":11},"end":{"line":278,"column":30}},{"start":{"line":278,"column":34},"end":{"line":278,"column":53}}],"line":278},"19":{"loc":{"start":{"line":313,"column":26},"end":{"line":313,"column":44}},"type":"binary-expr","locations":[{"start":{"line":313,"column":26},"end":{"line":313,"column":38}},{"start":{"line":313,"column":42},"end":{"line":313,"column":44}}],"line":313},"20":{"loc":{"start":{"line":317,"column":14},"end":{"line":317,"column":58}},"type":"binary-expr","locations":[{"start":{"line":317,"column":14},"end":{"line":317,"column":33}},{"start":{"line":317,"column":37},"end":{"line":317,"column":58}}],"line":317},"21":{"loc":{"start":{"line":341,"column":11},"end":{"line":347,"column":11}},"type":"binary-expr","locations":[{"start":{"line":341,"column":11},"end":{"line":341,"column":24}},{"start":{"line":342,"column":12},"end":{"line":346,"column":14}}],"line":341},"22":{"loc":{"start":{"line":442,"column":15},"end":{"line":442,"column":51}},"type":"cond-expr","locations":[{"start":{"line":442,"column":35},"end":{"line":442,"column":42}},{"start":{"line":442,"column":45},"end":{"line":442,"column":51}}],"line":442},"23":{"loc":{"start":{"line":504,"column":15},"end":{"line":504,"column":51}},"type":"cond-expr","locations":[{"start":{"line":504,"column":35},"end":{"line":504,"column":42}},{"start":{"line":504,"column":45},"end":{"line":504,"column":51}}],"line":504},"24":{"loc":{"start":{"line":540,"column":15},"end":{"line":540,"column":51}},"type":"cond-expr","locations":[{"start":{"line":540,"column":35},"end":{"line":540,"column":42}},{"start":{"line":540,"column":45},"end":{"line":540,"column":51}}],"line":540}},"s":{"0":0,"1":0,"2":0,"3":0,"4":0,"5":0,"6":0,"7":0,"8":0,"9":0,"10":0,"11":0,"12":0,"13":0,"14":0,"15":0,"16":0,"17":0,"18":0,"19":0,"20":0,"21":0,"22":0,"23":0,"24":0,"25":0,"26":0,"27":0,"28":0,"29":0,"30":0,"31":0,"32":0,"33":0,"34":0,"35":0,"36":0,"37":0,"38":0,"39":0,"40":0,"41":0,"42":0,"43":0,"44":0,"45":0,"46":0,"47":0,"48":0},"f":{"0":0,"1":0,"2":0,"3":0,"4":0,"5":0,"6":0,"7":0,"8":0,"9":0,"10":0,"11":0,"12":0,"13":0,"14":0,"15":0,"16":0,"17":0,"18":0},"b":{"0":[0,0],"1":[0,0],"2":[0,0],"3":[0,0],"4":[0,0],"5":[0,0],"6":[0,0],"7":[0,0],"8":[0,0],"9":[0,0],"10":[0,0],"11":[0,0],"12":[0,0],"13":[0,0],"14":[0,0],"15":[0,0],"16":[0,0],"17":[0,0,0],"18":[0,0],"19":[0,0],"20":[0,0],"21":[0,0],"22":[0,0],"23":[0,0],"24":[0,0]}}
,"C:\\Users\\HUAWEI\\Desktop\\Nubian\\app\\(tabs)\\_layout.tsx": {"path":"C:\\Users\\HUAWEI\\Desktop\\Nubian\\app\\(tabs)\\_layout.tsx","statementMap":{"0":{"start":{"line":19,"column":18},"end":{"line":33,"column":1}},"1":{"start":{"line":41,"column":40},"end":{"line":58,"column":1}},"2":{"start":{"line":42,"column":2},"end":{"line":57,"column":9}},"3":{"start":{"line":61,"column":2},"end":{"line":69,"column":4}},"4":{"start":{"line":73,"column":30},"end":{"line":73,"column":44}},"5":{"start":{"line":75,"column":2},"end":{"line":86,"column":24}},"6":{"start":{"line":76,"column":4},"end":{"line":85,"column":7}},"7":{"start":{"line":88,"column":2},"end":{"line":160,"column":4}},"8":{"start":{"line":107,"column":24},"end":{"line":107,"column":43}},"9":{"start":{"line":110,"column":12},"end":{"line":114,"column":14}},"10":{"start":{"line":124,"column":12},"end":{"line":128,"column":14}},"11":{"start":{"line":138,"column":12},"end":{"line":142,"column":14}},"12":{"start":{"line":151,"column":12},"end":{"line":155,"column":14}},"13":{"start":{"line":163,"column":15},"end":{"line":274,"column":2}}},"fnMap":{"0":{"name":"(anonymous_0)","decl":{"start":{"line":41,"column":40},"end":{"line":41,"column":41}},"loc":{"start":{"line":42,"column":2},"end":{"line":57,"column":9}},"line":42},"1":{"name":"CustomTabButton","decl":{"start":{"line":60,"column":9},"end":{"line":60,"column":24}},"loc":{"start":{"line":60,"column":57},"end":{"line":70,"column":1}},"line":60},"2":{"name":"TabsLayout","decl":{"start":{"line":72,"column":24},"end":{"line":72,"column":34}},"loc":{"start":{"line":72,"column":37},"end":{"line":161,"column":1}},"line":72},"3":{"name":"(anonymous_3)","decl":{"start":{"line":75,"column":12},"end":{"line":75,"column":13}},"loc":{"start":{"line":75,"column":18},"end":{"line":86,"column":3}},"line":75},"4":{"name":"(anonymous_4)","decl":{"start":{"line":107,"column":18},"end":{"line":107,"column":19}},"loc":{"start":{"line":107,"column":24},"end":{"line":107,"column":43}},"line":107},"5":{"name":"(anonymous_5)","decl":{"start":{"line":109,"column":22},"end":{"line":109,"column":23}},"loc":{"start":{"line":110,"column":12},"end":{"line":114,"column":14}},"line":110},"6":{"name":"(anonymous_6)","decl":{"start":{"line":123,"column":22},"end":{"line":123,"column":23}},"loc":{"start":{"line":124,"column":12},"end":{"line":128,"column":14}},"line":124},"7":{"name":"(anonymous_7)","decl":{"start":{"line":137,"column":22},"end":{"line":137,"column":23}},"loc":{"start":{"line":138,"column":12},"end":{"line":142,"column":14}},"line":138},"8":{"name":"(anonymous_8)","decl":{"start":{"line":150,"column":22},"end":{"line":150,"column":23}},"loc":{"start":{"line":151,"column":12},"end":{"line":155,"column":14}},"line":151}},"branchMap":{"0":{"loc":{"start":{"line":43,"column":38},"end":{"line":43,"column":74}},"type":"binary-expr","locations":[{"start":{"line":43,"column":38},"end":{"line":43,"column":45}},{"start":{"line":43,"column":49},"end":{"line":43,"column":74}}],"line":43},"1":{"loc":{"start":{"line":49,"column":23},"end":{"line":51,"column":42}},"type":
[...]
,"78":{"start":{"line":202,"column":4},"end":{"line":205,"column":5}},"79":{"start":{"line":203,"column":6},"end":{"line":203,"column":41}},"80":{"start":{"line":204,"column":6},"end":{"line":204,"column":33}}},"fnMap":{"0":{"name":"(anonymous_0)","decl":{"start":{"line":22,"column":2},"end":{"line":22,"column":3}},"loc":{"start":{"line":22,"column":24},"end":{"line":24,"column":3}},"line":22},"1":{"name":"(anonymous_1)","decl":{"start":{"line":26,"column":2},"end":{"line":26,"column":3}},"loc":{"start":{"line":26,"column":38},"end":{"line":31,"column":3}},"line":26},"2":{"name":"(anonymous_2)","decl":{"start":{"line":34,"column":2},"end":{"line":34,"column":3}},"loc":{"start":{"line":34,"column":28},"end":{"line":41,"column":3}},"line":34},"3":{"name":"(anonymous_3)","decl":{"start":{"line":38,"column":38},"end":{"line":38,"column":39}},"loc":{"start":{"line":38,"column":44},"end":{"line":40,"column":5}},"line":38},"4":{"name":"(anonymous_4)","decl":{"start":{"line":44,"column":2},"end":{"line":44,"column":3}},"loc":{"start":{"line":44,"column":51},"end":{"line":81,"column":3}},"line":44},"5":{"name":"(anonymous_5)","decl":{"start":{"line":84,"column":2},"end":{"line":84,"column":3}},"loc":{"start":{"line":84,"column":64},"end":{"line":106,"column":3}},"line":84},"6":{"name":"(anonymous_6)","decl":{"start":{"line":109,"column":2},"end":{"line":109,"column":3}},"loc":{"start":{"line":109,"column":54},"end":{"line":120,"column":3}},"line":109},"7":{"name":"(anonymous_7)","decl":{"start":{"line":123,"column":2},"end":{"line":123,"column":3}},"loc":{"start":{"line":123,"column":47},"end":{"line":142,"column":3}},"line":123},"8":{"name":"(anonymous_8)","decl":{"start":{"line":145,"column":2},"end":{"line":145,"column":3}},"loc":{"start":{"line":145,"column":57},"end":{"line":155,"column":3}},"line":145},"9":{"name":"(anonymous_9)","decl":{"start":{"line":158,"column":2},"end":{"line":158,"column":3}},"loc":{"start":{"line":158,"column":83},"end":{"line":168,"column":3}},"line":158},"10":{"name":"(anonymous_10)","decl":{"start":{"line":171,"column":2},"end":{"line":171,"column":3}},"loc":{"start":{"line":171,"column":41},"end":{"line":181,"column":3}},"line":171},"11":{"name":"(anonymous_11)","decl":{"start":{"line":184,"column":2},"end":{"line":184,"column":3}},"loc":{"start":{"line":189,"column":5},"end":{"line":198,"column":3}},"line":189},"12":{"name":"(anonymous_12)","decl":{"start":{"line":201,"column":2},"end":{"line":201,"column":3}},"loc":{"start":{"line":201,"column":12},"end":{"line":206,"column":3}},"line":201}},"branchMap":{"0":{"loc":{"start":{"line":27,"column":4},"end":{"line":29,"column":5}},"type":"if","locations":[{"start":{"line":27,"column":4},"end":{"line":29,"column":5}},{"start":{},"end":{}}],"line":27},"1":{"loc":{"start":{"line":35,"column":4},"end":{"line":35,"column":32}},"type":"if","locations":[{"start":{"line":35,"column":4},"end":{"line":35,"column":32}},{"start":{},"end":{}}],"line":35},"2":{"loc":{"start":{"line":53,"column":10},"end":{"line":55,"column":11}},"type":"if","locations":[{"start":{"line":53,"column":10},"end":{"line":55,"column":11}},{"start":{},"end":{}}],"line":53},"3":{"loc":{"start":{"line":87,"column":6},"end":{"line":89,"column":7}},"type":"if","locations":[{"start":{"line":87,"column":6},"end":{"line":89,"column":7}},{"start":{},"end":{}}],"line":87},"4":{"loc":{"start":{"line":112,"column":6},"end":{"line":114,"column":7}},"type":"if","locations":[{"start":{"line":112,"column":6},"end":{"line":114,"column":7}},{"start":{},"end":{}}],"line":112},"5":{"loc":{"start":{"line":126,"column":6},"end":{"line":129,"column":7}},"type":"if","locations":[{"start":{"line":126,"column":6},"end":{"line":129,"column":7}},{"start":{},"end":{}}],"line":126},"6":{"loc":{"start":{"line":158,"column":26},"end":{"line":158,"column":66}},"type":"default-arg","locations":[{"start":{"line":158,"column":43},"end":{"line":158,"column":66}}],"line":158},"7":{"loc":{"start":{"line":161,"column":6},"end":{"line":164,"column":7}},"type":"if","locations":[{"start":{"line":161,"column":6},"end":{"line":164,"column":7}},{"start":{},"end":{}}],"line":161},"8":{"loc":{"start":{"line":161,"column":10},"end":{"line":161,"column":58}},"type":"binary-expr","locations":[{"start":{"line":161,"column":10},"end":{"line":161,"column":16}},{"start":{"line":161,"column":20},"end":{"line":161,"column":58}}],"line":161},"9":{"loc":{"start":{"line":174,"column":4},"end":{"line":180,"column":5}},"type":"if","locations":[{"start":{"line":174,"column":4},"end":{"line":180,"column":5}},{"start":{"line":177,"column":11},"end":{"line":180,"column":5}}],"line":174},"10":{"loc":{"start":{"line":177,"column":11},"end":{"line":180,"column":5}},"type":"if","locations":[{"start":{"line":177,"column":11},"end":{"line":180,"column":5}},{"start":{},"end":{}}],"line":177},"11":{"loc":{"start":{"line":194,"column":22},"end":{"line":194,"column":47}},"type":"binary-expr","locations":[{"start":{"line":194,"column":22},"end":{"line":194,"column":39}},{"start":{"line":194,"column":43},"end":{"line":194,"column":47}}],"line":194},"12":{"loc":{"start":{"line":195,"column":18},"end":{"line":195,"column":53}},"type":"binary-expr","locations":[{"start":{"line":195,"column":18},"end":{"line":195,"column":45}},{"start":{"line":195,"column":49},"end":{"line":195,"column":53}}],"line":195},"13":{"loc":{"start":{"line":202,"column":4},"end":{"line":205,"column":5}},"type":"if","locations":[{"start":{"line":202,"column":4},"end":{"line":205,"column":5}},{"start":{},"end":{}}],"line":202}},"s":{"0":1,"1":1,"2":1,"3":1,"4":1,"5":1,"6":1,"7":1,"8":2,"9":0,"10":2,"11":0,"12":6,"13":6,"14":6,"15":6,"16":6,"17":6,"18":6,"19":6,"20":0,"21":6,"22":6,"23":6,"24":6,"25":0,"26":0,"27":2,"28":2,"29":0,"30":2,"31":3,"32":3,"33":0,"34":2,"35":2,"36":0,"37":0,"38":4,"39":4,"40":4,"41":4,"42":0,"43":0,"44":0,"45":1,"46":1,"47":1,"48":0,"49":0,"50":1,"51":1,"52":1,"53":1,"54":1,"55":0,"56":0,"57":1,"58":1,"59":1,"60":1,"61":0,"62":0,"63":1,"64":1,"65":1,"66":1,"67":1,"68":0,"69":2,"70":2,"71":1,"72":1,"73":1,"74":1,"75":1,"76":1,"77":1,"78":0,"79":0,"80":0},"f":{"0":1,"1":1,"2":2,"3":0,"4":6,"5":2,"6":4,"7":1,"8":1,"9":1,"10":2,"11":1,"12":0},"b":{"0":[1,0],"1":[0,2],"2":[6,0],"3":[0,2],"4":[4,0],"5":[0,1],"6":[1],"7":[1,0],"8":[1,1],"9":[1,1],"10":[1,0],"11":[1,0],"12":[1,0],"13":[0,0]},"_coverageSchema":"1a1c01bbd47fc00a2c39e90264f33305004495a9","hash":"810338714afaa8af19c17bec88df2828332c5c31"}
,"C:\\Users\\HUAWEI\\Desktop\\Nubian\\utils\\performance.ts": {"path":"C:\\Users\\HUAWEI\\Desktop\\Nubian\\utils\\performance.ts","statementMap":{"0":{"start":{"line":18,"column":42},"end":{"line":18,"column":44}},"1":{"start":{"line":19,"column":45},"end":{"line":19,"column":47}},"2":{"start":{"line":20,"column":31},"end":{"line":20,"column":38}},"3":{"start":{"line":23,"column":4},"end":{"line":23,"column":36}},"4":{"start":{"line":27,"column":4},"end":{"line":29,"column":5}},"5":{"start":{"line":28,"column":6},"end":{"line":28,"column":61}},"6":{"start":{"line":30,"column":4},"end":{"line":30,"column":39}},"7":{"start":{"line":34,"column":4},"end":{"line":34,"column":32}},"8":{"start":{"line":34,"column":25},"end":{"line":34,"column":32}},"9":{"start":{"line":36,"column":4},"end":{"line":43,"column":5}},"10":{"start":{"line":38,"column":6},"end":{"line":40,"column":7}},"11":{"start":{"line":39,"column":8},"end":{"line":39,"column":54}},"12":{"start":{"line":42,"column":6},"end":{"line":42,"column":65}},"13":{"start":{"line":47,"column":4},"end":{"line":54,"column":5}},"14":{"start":{"line":48,"column":6},"end":{"line":53,"column":9}},"15":{"start":{"line":59,"column":4},"end":{"line":62,"column":5}},"16":{"start":{"line":60,"column":6},"end":{"line":60,"column":17}},"17":{"start":{"line":61,"column":6},"end":{"line":61,"column":13}},"18":{"start":{"line":64,"column":22},"end":{"line":64,"column":32}},"19":{"start":{"line":65,"column":4},"end":{"line":65,"column":15}},"20":{"start":{"line":66,"column":20},"end":{"line":66,"column":30}},"21":{"start":{"line":68,"column":4},"end":{"line":73,"column":7}},"22":{"start":{"line":78,"column":4},"end":{"line":78,"column":32}},"23":{"start":{"line":78,"column":25},"end":{"line":78,"column":32}},"24":{"start":{"line":80,"column":4},"end":{"line":86,"column":7}},"25":{"start":{"line":91,"column":4},"end":{"line":91,"column":47}},"26":{"start":{"line":91,"column":35},"end":{"line":91,"column":47}},"27":{"start":{"line":93,"column":26},"end":{"line":93,"column":112}},"28":{"start":{"line":93,"column":63},"end":{"line":93,"column":86}},"29":{"start":{"line":94,"column":29},"end":{"line":96,"column":5}},"30":{"start":{"line":95,"column":6},"end":{"line":95,"column":63}},"31":{"start":{"line":98,"column":4},"end":{"line":106,"column":6}},"32":{"start":{"line":111,"column":4},"end":{"line":111,"column":54}},"33":{"start":{"line":111,"column":42},"end":{"line":111,"column":54}},"34":{"start":{"line":113,"column":24},"end":{"line":113,"column":122}},"35":{"start":{"line":113,"column":68},"end":{"line":113,"column":89}},"36":{"start":{"line":114,"column":27},"end":{"line":116,"column":5}},"37":{"start":{"line":115,"column":6},"end":{"line":115,"column":59}},"38":{"start":{"line":118,"column":4},"end":{"line":127,"column":6}},"39":{"start":{"line":132,"column":23},"end":{"line":132,"column":52}},"40":{"start":{"line":133,"column":4},"end":{"line":133,"column":80}},"41":{"start":{"line":133,"column":49},"end":{"line":133,"column":78}},"42":{"start":{"line":134,"column":4},"end":{"line":134,"column":94}},"43":{"start":{"line":134,"column":63},"end":{"line":134,"column":92}},"44":{"start":{"line":139,"column":4},"end":{"line":139,"column":29}},"45":{"start":{"line":144,"column":4},"end":{"line":149,"column":6}},"46":{"start":{"line":154,"column":37},"end":{"line":162,"column":1}},"47":{"start":{"line":155,"column":18},"end":{"line":155,"column":50}},"48":{"start":{"line":157,"column":24},"end":{"line":159,"column":3}},"49":{"start":{"line":158,"column":4},"end":{"line":158,"column":54}},"50":{"start":{"line":161,"column":2},"end":{"line":161,"column":27}},"51":{"start":{"line":165,"column":33},"end":{"line":173,"column":1}},"52":{"start":{"line":166,"column":18},"end":{"line":166,"column":50}},"53":{"start":{"line":168,"column":25},"end":{"line":170,"column":3}},"54":{"start":{"line":169,"column":4},"end":{"line":169,"column":75}},"55":{"start":{"line":172,"column":2},"end":{"line":172,"column":28}}},"fnMap":{"0":{"name":"(anonymous_0)","decl":{"start":{"line":22,"column":2},"end":{"line":22,"column":3}},"loc":{"start":{"line":22,"column":24},"end":{"line":24,"column":3}},"line":22},"1":{"name":"(anonymous_1)","decl":{"start":{"line":26,"column":2},"end":{"line":26,"column":3}},"loc":{"start":{"line":26,"column":43},"end":{"line":31,"column":3}},"line":26},"2":{"name":"(anonymous_2)","decl":{"start":{"line":33,"column":2},"end":{"line":33,"column":3}},"loc":{"start":{"line":33,"column":37},"end":{"line":44,"column":3}},"line":33},"3":{"name":"(anonymous_3)","decl":{"start":{"line":46,"column":2},"end":{"line":46,"column":3}},"loc":{"start":{"line":46,"column":58},"end":{"line":55,"column":3}},"line":46},"4":{"name":"(anonymous_4)","decl":{"start":{"line":58,"column":2},"end":{"line":58,"column":3}},"loc":{"start":{"line":58,"column":64},"end":{"line":74,"column":3}},"line":58},"5":{"name":"(anonymous_5)","decl":{"start":{"line":77,"column":2},"end":{"line":77,"column":3}},"loc":{"start":{"line":77,"column":105},"end":{"line":87,"column":3}},"line":77},"6":{"name":"(anonymous_6)","decl":{"start":{"line":90,"column":2},"end":{"line":90,"column":3}},"loc":{"start":{"line":90,"column":24},"end":{"line":107,"column":3}},"line":90},"7":{"name":"(anonymous_7)","decl":{"start":{"line":93,"column":46},"end":{"line":93,"column":47}},"loc":{"start":{"line":93,"column":63},"end":{"line":93,"column":86}},"line":93},"8":{"name":"(anonymous_8)","decl":{"start":{"line":94,"column":49},"end":{"line":94,"column":50}},"loc":{"start":{"line":95,"column":6},"end":{"line":95,"column":63}},"line":95},"9":{"name":"(anonymous_9)","decl":{"start":{"line":110,"column":2},"end":{"line":110,"column":3}},"loc":{"start":{"line":110,"column":20},"end":{"line":128,"column":3}},"line":110},"10":{"name":"(anonymous_10)","decl":{"start":{"line":113,"column":51},"end":{"line":113,"column":52}},"loc":{"start":{"line":113,"column":68},"end":{"line":113,"column":89}},"line":113},"11":{"name":"(anonymous_11)","decl":{"start":{"line":114,"column":54},"end":{"line":114,"column":55}},"loc":{"start":{"line":115,"column":6},"end":{"line":115,"column":59}},"line":115},"12":{"name":"(anonymous_12)","decl":{"start":{"line":131,"column":2},"end":{"line":131,"column":3}},"loc":{"start":{"line":131,"column":12},"end":{"line":135,"column":3}},"line":131},"13":{"name":"(anonymous_13)","decl":{"start":{"line":133,"column":39},"end":{"line":133,"column":40}},"loc":{"start":{"line":133,"column":49},"end":{"line":133,"column":78}},"line":133},"14":{"name":"(anonymous_14)","decl":{"start":{"line":134,"column":53},"end":{"line":134,"column":54}},"loc":{"start":{"line":134,"column":63},"end":{"line":134,"column":92}},"line":134},"15":{"name":"(anonymous_15)","decl":{"start":{"line":138,"column":2},"end":{"line":138,"column":3}},"loc":{"start":{"line":138,"column":31},"end":{"line":140,"column":3}},"line":138},"16":{"name":"(anonymous_16)","decl":{"start":{"line":143,"column":2},"end":{"line":143,"column":3}},"loc":{"start":{"line":143,"column":15},"end":{"line":150,"column":3}},"line":143},"17":{"name":"(anonymous_17)","decl":{"start":{"line":154,"column":37},"end":{"line":154,"column":38}},"loc":{"start":{"line":154,"column":64},"end":{"line":162,"column":1}},"line":154},"18":{"name":"(anonymous_18)","decl":{"start":{"line":157,"column":24},"end":{"line":157,"column":25}},"loc":{"start":{"line":157,"column":50},"end":{"line":159,"column":3}},"line":157},"19":{"name":"(anonymous_19)","decl":{"start":{"line":165,"column":33},"end":{"line":165,"column":34}},"loc":{"start":{"line":165,"column":39},"end":{"line":173,"column":1}},"line":165},"20":{"name":"(anonymous_20)","decl":{"start":{"line":168,"column":25},"end":{"line":168,"column":26}},"loc":{"start":{"line":168,"column":110},"end":{"line":170,"column":3}},"line":168}},"branchMap":{"0":{"loc":{"start":{"line":27,"column":4},"end":{"line":29,"column":5}},"type":"if","locations":[{"start":{"line":27,"column":4},"end":{"line":29,"column":5}},{"start":{},"end":{}}],"line":27},"1":{"loc":{"start":{"line":34,"column":4},"end":{"line":34,"column":32}},"type":"if","locations":[{"start":{"line":34,"column":4},"end":{"line":34,"column":32}},{"start":{},"end":{}}],"line":34},"2":{"loc":{"start":{"line":38,"column":6},"end":{"line":40,"column":7}},"type":"if","locations":[{"start":{"line":38,"column":6},"end":{"line":40,"column":7}},{"start":{},"end":{}}],"line":38},"3":{"loc":{"start":{"line":47,"column":4},"end":{"line":54,"column":5}},"type":"if","locations":[{"start":{"line":47,"column":4},"end":{"line":54,"column":5}},{"start":{},"end":{}}],"line":47},"4":{"loc":{"start":{"line":59,"column":4},"end":{"line":62,"column":5}},"type":"if","locations":[{"start":{"line":59,"column":4},"end":{"line":62,"column":5}},{"start":{},"end":{}}],"line":59},"5":{"loc":{"start":{"line":78,"column":4},"end":{"line":78,"column":32}},"type":"if","locations":[{"start":{"line":78,"column":4},"end":{"line":78,"column":32}},{"start":{},"end":{}}],"line":78},"6":{"loc":{"start":{"line":91,"column":4},"end":{"line":91,"column":47}},"type":"if","locations":[{"start":{"line":91,"column":4},"end":{"line":91,"column":47}},{"start":{},"end":{}}],"line":91},"7":{"loc":{"start":{"line":95,"column":6},"end":{"line":95,"column":63}},"type":"cond-expr","locations":[{"start":{"line":95,"column":47},"end":{"line":95,"column":53}},{"start":{"line":95,"column":56},"end":{"line":95,"column":63}}],"line":95},"8":{"loc":{"start":{"line":111,"column":4},"end":{"line":111,"column":54}},"type":"if","locations":[{"start":{"line":111,"column":4},"end":{"line":111,"column":54}},{"start":{},"end":{}}],"line":111},"9":{"loc":{"start":{"line":115,"column":6},"end":{"line":115,"column":59}},"type":"cond-expr","locations":[{"start":{"line":115,"column":43},"end":{"line":115,"column":49}},{"start":{"line":115,"column":52},"end":{"line":115,"column":59}}],"line":115}},"s":{"0":1,"1":1,"2":1,"3":1,"4":5,"5":1,"6":5,"7":1,"8":0,"9":1,"10":1,"11":1,"12":0,"13":0,"14":0,"15":5,"16":1,"17":1,"18":4,"19":4,"20":4,"21":4,"22":3,"23":0,"24":3,"25":3,"26":0,"27":3,"28":7,"29":3,"30":4,"31":3,"32":3,"33":0,"34":3,"35":5,"36":3,"37":2,"38":3,"39":1,"40":1,"41":3,"42":1,"43":2,"44":13,"45":1,"46":1,"47":2,"48":2,"49":1,"50":2,"51":1,"52":2,"53":2,"54":1,"55":2},"f":{"0":1,"1":5,"2":1,"3":0,"4":5,"5":3,"6":3,"7":7,"8":4,"9":3,"10":5,"11":2,"12":1,"13":3,"14":2,"15":13,"16":1,"17":2,"18":1,"19":2,"20":1},"b":{"0":[1,4],"1":[0,1],"2":[1,0],"3":[0,0],"4":[1,4],"5":[0,3],"6":[0,3],"7":[0,4],"8":[0,3],"9":[0,2]},"_coverageSchema":"1a1c01bbd47fc00a2c39e90264f33305004495a9","hash":"ec4629c168f586c0e3614b28bf542f168f1a4c94"}
,"C:\\Users\\HUAWEI\\Desktop\\Nubian\\utils\\pushToken.ts": {"path":"C:\\Users\\HUAWEI\\Desktop\\Nubian\\utils\\pushToken.ts","statementMap":{"0":{"start":{"line":7,"column":2},"end":{"line":53,"column":3}},"1":{"start":{"line":8,"column":4},"end":{"line":11,"column":5}},"2":{"start":{"line":9,"column":6},"end":{"line":9,"column":51}},"3":{"start":{"line":10,"column":6},"end":{"line":10,"column":18}},"4":{"start":{"line":13,"column":39},"end":{"line":13,"column":80}},"5":{"start":{"line":14,"column":22},"end":{"line":14,"column":36}},"6":{"start":{"line":16,"column":4},"end":{"line":19,"column":5}},"7":{"start":{"line":17,"column":25},"end":{"line":17,"column":70}},"8":{"start":{"line":18,"column":6},"end":{"line":18,"column":27}},"9":{"start":{"line":21,"column":4},"end":{"line":24,"column":5}},"10":{"start":{"line":22,"column":6},"end":{"line":22,"column":57}},"11":{"start":{"line":23,"column":6},"end":{"line":23,"column":18}},"12":{"start":{"line":26,"column":26},"end":{"line":26,"column":69}},"13":{"start":{"line":27,"column":18},"end":{"line":27,"column":36}},"14":{"start":{"line":29,"column":4},"end":{"line":39,"column":7}},"15":{"start":{"line":41,"column":4},"end":{"line":48,"column":5}},"16":{"start":{"line":42,"column":6},"end":{"line":47,"column":9}},"17":{"start":{"line":50,"column":4},"end":{"line":50,"column":17}},"18":{"start":{"line":52,"column":4},"end":{"line":52,"column":16}}},"fnMap":{"0":{"name":"registerForPushNotificationsAsync","decl":{"start":{"line":6,"column":22},"end":{"line":6,"column":55}},"loc":{"start":{"line":6,"column":58},"end":{"line":54,"column":1}},"line":6}},"branchMap":{"0":{"loc":{"start":{"line":8,"column":4},"end":{"line":11,"column":5}},"type":"if","locations":[{"start":{"line":8,"column":4},"end":{"line":11,"column":5}},{"start":{},"end":{}}],"line":8},"1":{"loc":{"start":{"line":16,"column":4},"end":{"line":19,"column":5}},"type":"if","locations":[{"start":{"line":16,"column":4},"end":{"line":19,"column":5}},{"start":{},"end":{}}],"line":16},"2":{"loc":{"start":{"line":21,"column":4},"end":{"line":24,"column":5}},"type":"if","locations":[{"start":{"line":21,"column":4},"end":{"line":24,"column":5}},{"start":{},"end":{}}],"line":21},"3":{"loc":{"start":{"line":37,"column":18},"end":{"line":37,"column":62}},"type":"binary-expr","locations":[{"start":{"line":37,"column":18},"end":{"line":37,"column":42}},{"start":{"line":37,"column":46},"end":{"line":37,"column":62}}],"line":37},"4":{"loc":{"start":{"line":41,"column":4},"end":{"line":48,"column":5}},"type":"if","locations":[{"start":{"line":41,"column":4},"end":{"line":48,"column":5}},{"start":{},"end":{}}],"line":41}},"s":{"0":0,"1":0,"2":0,"3":0,"4":0,"5":0,"6":0,"7":0,"8":0,"9":0,"10":0,"11":0,"12":0,"13":0,"14":0,"15":0,"16":0,"17":0,"18":0},"f":{"0":0},"b":{"0":[0,0],"1":[0,0],"2":[0,0],"3":[0,0],"4":[0,0]}}
}
