TN:
SF:app\NoNetworkScreen.tsx
FN:8,NoNetworkScreen
FNF:1
FNH:0
FNDA:0,NoNetworkScreen
DA:6,0
DA:9,0
DA:34,0
LF:3
LH:0
BRF:0
BRH:0
end_of_record
TN:
SF:app\_layout.tsx
FN:26,(anonymous_0)
FN:37,AppLoaderWithClerk
FN:46,(anonymous_2)
FN:47,onFetchUpdateAsync
FN:63,(anonymous_4)
FN:69,(anonymous_5)
FN:95,(anonymous_6)
FN:99,(anonymous_7)
FN:104,(anonymous_8)
FN:105,hideSplash
FN:113,(anonymous_10)
FN:121,(anonymous_11)
FN:126,(anonymous_12)
FN:131,(anonymous_13)
FN:157,RootLayout
FNF:15
FNH:0
FNDA:0,(anonymous_0)
FNDA:0,AppLoaderWithClerk
FNDA:0,(anonymous_2)
FNDA:0,onFetchUpdateAsync
FNDA:0,(anonymous_4)
FNDA:0,(anonymous_5)
FNDA:0,(anonymous_6)
FNDA:0,(anonymous_7)
FNDA:0,(anonymous_8)
FNDA:0,hideSplash
FNDA:0,(anonymous_10)
FNDA:0,(anonymous_11)
FNDA:0,(anonymous_12)
FNDA:0,(anonymous_13)
FNDA:0,RootLayout
DA:25,0
DA:26,0
DA:35,0
DA:38,0
DA:39,0
DA:40,0
DA:41,0
DA:43,0
DA:46,0
DA:48,0
DA:49,0
DA:50,0
DA:51,0
DA:53,0
DA:54,0
DA:56,0
DA:64,0
DA:70,0
DA:77,0
DA:80,0
DA:81,0
DA:83,0
DA:84,0
DA:86,0
DA:90,0
DA:91,0
DA:95,0
DA:96,0
DA:99,0
DA:100,0
DA:104,0
DA:106,0
DA:107,0
DA:109,0
DA:110,0
DA:112,0
DA:113,0
DA:114,0
DA:117,0
DA:121,0
DA:122,0
DA:123,0
DA:126,0
DA:127,0
DA:130,0
DA:131,0
DA:134,0
DA:135,0
DA:138,0
DA:139,0
DA:142,0
DA:158,0
LF:52
LH:0
BRDA:48,0,0,0
BRDA:48,0,1,0
BRDA:48,1,0,0
BRDA:48,1,1,0
BRDA:53,2,0,0
BRDA:53,2,1,0
BRDA:83,3,0,0
BRDA:83,3,1,0
BRDA:90,4,0,0
BRDA:90,4,1,0
BRDA:106,5,0,0
BRDA:106,5,1,0
BRDA:109,6,0,0
BRDA:109,6,1,0
BRDA:109,7,0,0
BRDA:109,7,1,0
BRDA:109,7,2,0
BRDA:109,7,3,0
BRDA:112,8,0,0
BRDA:112,8,1,0
BRDA:130,9,0,0
BRDA:130,9,1,0
BRDA:134,10,0,0
BRDA:134,10,1,0
BRDA:138,11,0,0
BRDA:138,11,1,0
BRDA:138,12,0,0
BRDA:138,12,1,0
BRDA:138,12,2,0
BRF:29
BRH:0
end_of_record
TN:
SF:app\index.tsx
FN:3,Index
FNF:1
FNH:0
FNDA:0,Index
DA:5,0
LF:1
LH:0
BRF:0
BRH:0
end_of_record
TN:
SF:app\sso-callback.tsx
FN:10,SSOCallback
FN:15,(anonymous_1)
FN:16,(anonymous_2)
FNF:3
FNH:0
FNDA:0,SSOCallback
FNDA:0,(anonymous_1)
FNDA:0,(anonymous_2)
DA:8,0
DA:11,0
DA:12,0
DA:13,0
DA:15,0
DA:16,0
DA:18,0
DA:19,0
DA:21,0
DA:22,0
DA:25,0
DA:26,0
DA:27,0
DA:29,0
DA:30,0
DA:31,0
DA:40,0
DA:43,0
LF:18
LH:0
BRDA:18,0,0,0
BRDA:18,0,1,0
BRDA:19,1,0,0
BRDA:19,1,1,0
BRDA:19,2,0,0
BRDA:19,2,1,0
BRDA:26,3,0,0
BRDA:26,3,1,0
BRF:8
BRH:0
end_of_record
TN:
SF:app\(auth)\_layout.tsx
FN:5,AuthRoutesLayout
FNF:1
FNH:0
FNDA:0,AuthRoutesLayout
DA:6,0
LF:1
LH:0
BRF:0
BRH:0
end_of_record
TN:
SF:app\(auth)\signin.tsx
FN:13,(anonymous_0)
FN:23,(anonymous_1)
FNF:2
FNH:0
FNDA:0,(anonymous_0)
FNDA:0,(anonymous_1)
DA:11,0
DA:13,0
DA:14,0
DA:15,0
DA:16,0
DA:17,0
DA:19,0
DA:23,0
DA:24,0
DA:25,0
DA:26,0
DA:31,0
DA:37,0
DA:39,0
DA:40,0
DA:41,0
DA:44,0
DA:47,0
DA:51,0
DA:54,0
DA:62,0
DA:68,0
DA:73,0
DA:78,0
DA:81,0
DA:82,0
DA:83,0
DA:84,0
DA:85,0
DA:86,0
DA:89,0
DA:90,0
DA:95,0
DA:99,0
DA:143,0
LF:35
LH:0
BRDA:39,0,0,0
BRDA:39,0,1,0
BRDA:39,1,0,0
BRDA:39,1,1,0
BRDA:44,2,0,0
BRDA:44,2,1,0
BRDA:51,3,0,0
BRDA:51,3,1,0
BRDA:81,4,0,0
BRDA:81,4,1,0
BRDA:83,5,0,0
BRDA:83,5,1,0
BRDA:85,6,0,0
BRDA:85,6,1,0
BRDA:101,7,0,0
BRDA:101,7,1,0
BRDA:116,8,0,0
BRDA:116,8,1,0
BRDA:120,9,0,0
BRDA:120,9,1,0
BRF:20
BRH:0
end_of_record
TN:
SF:app\(onboarding)\_layout.tsx
FN:3,Layout
FNF:1
FNH:0
FNDA:0,Layout
DA:4,0
LF:1
LH:0
BRF:0
BRH:0
end_of_record
TN:
SF:app\(onboarding)\index.tsx
FN:12,index
FN:49,(anonymous_1)
FNF:2
FNH:0
FNDA:0,index
FNDA:0,(anonymous_1)
DA:13,0
DA:15,0
DA:50,0
LF:3
LH:0
BRF:0
BRH:0
end_of_record
TN:
SF:app\(onboarding)\welcom.tsx
FN:17,welcom
FN:51,(anonymous_1)
FNF:2
FNH:0
FNDA:0,welcom
FNDA:0,(anonymous_1)
DA:19,0
DA:20,0
DA:54,0
LF:3
LH:0
BRF:0
BRH:0
end_of_record
TN:
SF:app\(screens)\[id].tsx
FN:24,CategoriesScreen
FN:42,(anonymous_1)
FN:47,(anonymous_2)
FN:57,(anonymous_3)
FN:63,(anonymous_4)
FN:75,(anonymous_5)
FN:96,(anonymous_6)
FN:152,(anonymous_7)
FNF:8
FNH:0
FNDA:0,CategoriesScreen
FNDA:0,(anonymous_1)
FNDA:0,(anonymous_2)
FNDA:0,(anonymous_3)
FNDA:0,(anonymous_4)
FNDA:0,(anonymous_5)
FNDA:0,(anonymous_6)
FNDA:0,(anonymous_7)
DA:25,0
DA:35,0
DA:37,0
DA:39,0
DA:40,0
DA:42,0
DA:43,0
DA:46,0
DA:48,0
DA:49,0
DA:54,0
DA:57,0
DA:58,0
DA:59,0
DA:63,0
DA:64,0
DA:65,0
DA:67,0
DA:68,0
DA:71,0
DA:72,0
DA:75,0
DA:76,0
DA:77,0
DA:81,0
DA:97,0
DA:152,0
DA:177,0
LF:28
LH:0
BRDA:31,0,0,0
BRDA:48,1,0,0
BRDA:48,1,1,0
BRDA:58,2,0,0
BRDA:58,2,1,0
BRDA:58,3,0,0
BRDA:58,3,1,0
BRDA:64,4,0,0
BRDA:64,4,1,0
BRDA:71,5,0,0
BRDA:71,5,1,0
BRDA:71,6,0,0
BRDA:71,6,1,0
BRDA:76,7,0,0
BRDA:76,7,1,0
BRDA:76,8,0,0
BRDA:76,8,1,0
BRDA:76,8,2,0
BRDA:85,9,0,0
BRDA:85,9,1,0
BRDA:85,10,0,0
BRDA:85,10,1,0
BRDA:114,11,0,0
BRDA:114,11,1,0
BRDA:118,12,0,0
BRDA:118,12,1,0
BRDA:127,13,0,0
BRDA:127,13,1,0
BRF:28
BRH:0
end_of_record
TN:
SF:app\(screens)\_layout.tsx
FN:7,_layout
FNF:1
FNH:0
FNDA:0,_layout
DA:8,0
LF:1
LH:0
BRF:0
BRH:0
end_of_record
TN:
SF:app\(screens)\editProfile.tsx
FN:23,EditProfile
FN:32,(anonymous_1)
FN:33,(anonymous_2)
FN:39,(anonymous_3)
FN:58,(anonymous_4)
FN:72,(anonymous_5)
FN:81,(anonymous_6)
FN:97,(anonymous_7)
FN:122,(anonymous_8)
FN:135,(anonymous_9)
FNF:10
FNH:0
FNDA:0,EditProfile
FNDA:0,(anonymous_1)
FNDA:0,(anonymous_2)
FNDA:0,(anonymous_3)
FNDA:0,(anonymous_4)
FNDA:0,(anonymous_5)
FNDA:0,(anonymous_6)
FNDA:0,(anonymous_7)
FNDA:0,(anonymous_8)
FNDA:0,(anonymous_9)
DA:24,0
DA:30,0
DA:32,0
DA:33,0
DA:39,0
DA:40,0
DA:42,0
DA:43,0
DA:44,0
DA:45,0
DA:46,0
DA:47,0
DA:49,0
DA:52,0
DA:58,0
DA:62,0
DA:63,0
DA:65,0
DA:72,0
DA:97,0
DA:122,0
DA:135,0
DA:166,0
LF:23
LH:0
BRDA:40,0,0,0
BRDA:40,0,1,0
BRDA:40,1,0,0
BRDA:40,1,1,0
BRDA:43,2,0,0
BRDA:43,2,1,0
BRDA:145,3,0,0
BRDA:145,3,1,0
BRDA:176,4,0,0
BRDA:176,4,1,0
BRF:10
BRH:0
end_of_record
TN:
SF:app\(screens)\index.tsx
FN:26,Index
FN:38,(anonymous_1)
FN:43,(anonymous_2)
FN:51,(anonymous_3)
FN:56,(anonymous_4)
FN:66,(anonymous_5)
FN:80,(anonymous_6)
FN:108,(anonymous_7)
FNF:8
FNH:0
FNDA:0,Index
FNDA:0,(anonymous_1)
FNDA:0,(anonymous_2)
FNDA:0,(anonymous_3)
FNDA:0,(anonymous_4)
FNDA:0,(anonymous_5)
FNDA:0,(anonymous_6)
FNDA:0,(anonymous_7)
DA:34,0
DA:35,0
DA:36,0
DA:38,0
DA:39,0
DA:42,0
DA:44,0
DA:45,0
DA:51,0
DA:52,0
DA:53,0
DA:56,0
DA:57,0
DA:58,0
DA:59,0
DA:62,0
DA:63,0
DA:66,0
DA:67,0
DA:68,0
DA:72,0
DA:81,0
DA:108,0
DA:133,0
LF:24
LH:0
BRDA:31,0,0,0
BRDA:44,1,0,0
BRDA:44,1,1,0
BRDA:52,2,0,0
BRDA:52,2,1,0
BRDA:62,3,0,0
BRDA:62,3,1,0
BRDA:62,4,0,0
BRDA:62,4,1,0
BRDA:67,5,0,0
BRDA:67,5,1,0
BRDA:67,6,0,0
BRDA:67,6,1,0
BRDA:79,7,0,0
BRDA:79,7,1,0
BRDA:79,8,0,0
BRDA:79,8,1,0
BRDA:81,9,0,0
BRDA:81,9,1,0
BRDA:81,10,0,0
BRDA:81,10,1,0
BRDA:102,11,0,0
BRDA:102,11,1,0
BRDA:108,12,0,0
BRDA:108,12,1,0
BRDA:108,13,0,0
BRDA:108,13,1,0
BRF:27
BRH:0
end_of_record
TN:
SF:app\(screens)\notification.tsx
FN:15,(anonymous_0)
FN:22,(anonymous_1)
FN:61,(anonymous_2)
FN:65,(anonymous_3)
FN:80,(anonymous_4)
FN:81,(anonymous_5)
FNF:6
FNH:0
FNDA:0,(anonymous_0)
FNDA:0,(anonymous_1)
FNDA:0,(anonymous_2)
FNDA:0,(anonymous_3)
FNDA:0,(anonymous_4)
FNDA:0,(anonymous_5)
DA:15,0
DA:16,0
DA:17,0
DA:18,0
DA:19,0
DA:20,0
DA:22,0
DA:23,0
DA:24,0
DA:25,0
DA:27,0
DA:28,0
DA:29,0
DA:30,0
DA:33,0
DA:34,0
DA:35,0
DA:38,0
DA:42,0
DA:44,0
DA:45,0
DA:46,0
DA:47,0
DA:50,0
DA:52,0
DA:53,0
DA:56,0
DA:57,0
DA:61,0
DA:62,0
DA:65,0
DA:66,0
DA:67,0
DA:70,0
DA:71,0
DA:74,0
DA:80,0
DA:82,0
DA:97,0
LF:39
LH:0
BRDA:28,0,0,0
BRDA:28,0,1,0
BRDA:33,1,0,0
BRDA:33,1,1,0
BRDA:33,2,0,0
BRDA:33,2,1,0
BRDA:38,3,0,0
BRDA:38,3,1,0
BRDA:44,4,0,0
BRDA:44,4,1,0
BRDA:53,5,0,0
BRDA:53,5,1,0
BRDA:70,6,0,0
BRDA:70,6,1,0
BRDA:70,7,0,0
BRDA:70,7,1,0
BRF:16
BRH:0
end_of_record
TN:
SF:app\(screens)\order.tsx
FN:9,Order
FN:16,(anonymous_1)
FN:25,(anonymous_2)
FN:31,(anonymous_3)
FN:32,(anonymous_4)
FN:38,(anonymous_5)
FN:49,(anonymous_6)
FN:53,(anonymous_7)
FN:68,(anonymous_8)
FN:83,(anonymous_9)
FN:96,(anonymous_10)
FN:110,(anonymous_11)
FN:112,(anonymous_12)
FN:149,(anonymous_13)
FN:154,(anonymous_14)
FN:221,(anonymous_15)
FNF:16
FNH:0
FNDA:0,Order
FNDA:0,(anonymous_1)
FNDA:0,(anonymous_2)
FNDA:0,(anonymous_3)
FNDA:0,(anonymous_4)
FNDA:0,(anonymous_5)
FNDA:0,(anonymous_6)
FNDA:0,(anonymous_7)
FNDA:0,(anonymous_8)
FNDA:0,(anonymous_9)
FNDA:0,(anonymous_10)
FNDA:0,(anonymous_11)
FNDA:0,(anonymous_12)
FNDA:0,(anonymous_13)
FNDA:0,(anonymous_14)
FNDA:0,(anonymous_15)
DA:10,0
DA:11,0
DA:12,0
DA:13,0
DA:14,0
DA:16,0
DA:17,0
DA:18,0
DA:19,0
DA:21,0
DA:25,0
DA:26,0
DA:27,0
DA:28,0
DA:31,0
DA:32,0
DA:38,0
DA:39,0
DA:40,0
DA:49,0
DA:50,0
DA:53,0
DA:54,0
DA:56,0
DA:58,0
DA:60,0
DA:62,0
DA:64,0
DA:68,0
DA:69,0
DA:71,0
DA:73,0
DA:75,0
DA:77,0
DA:79,0
DA:83,0
DA:84,0
DA:86,0
DA:88,0
DA:90,0
DA:92,0
DA:96,0
DA:97,0
DA:99,0
DA:101,0
DA:103,0
DA:105,0
DA:110,0
DA:111,0
DA:112,0
DA:115,0
DA:116,0
DA:124,0
DA:125,0
DA:132,0
DA:133,0
DA:140,0
DA:150,0
DA:154,0
DA:222,0
DA:265,0
LF:61
LH:0
BRDA:54,0,0,0
BRDA:54,0,1,0
BRDA:54,0,2,0
BRDA:54,0,3,0
BRDA:54,0,4,0
BRDA:69,1,0,0
BRDA:69,1,1,0
BRDA:69,1,2,0
BRDA:69,1,3,0
BRDA:69,1,4,0
BRDA:84,2,0,0
BRDA:84,2,1,0
BRDA:84,2,2,0
BRDA:84,2,3,0
BRDA:97,3,0,0
BRDA:97,3,1,0
BRDA:97,3,2,0
BRDA:97,3,3,0
BRDA:111,4,0,0
BRDA:111,4,1,0
BRDA:111,5,0,0
BRDA:111,5,1,0
BRDA:112,6,0,0
BRDA:112,6,1,0
BRDA:115,7,0,0
BRDA:115,7,1,0
BRDA:115,8,0,0
BRDA:115,8,1,0
BRDA:124,9,0,0
BRDA:124,9,1,0
BRDA:132,10,0,0
BRDA:132,10,1,0
BRDA:163,11,0,0
BRDA:163,11,1,0
BRDA:186,12,0,0
BRDA:186,12,1,0
BRDA:210,13,0,0
BRDA:210,13,1,0
BRDA:220,14,0,0
BRDA:220,14,1,0
BRDA:220,15,0,0
BRDA:220,15,1,0
BRDA:222,16,0,0
BRDA:222,16,1,0
BRDA:225,17,0,0
BRDA:225,17,1,0
BRDA:225,17,2,0
BRDA:225,17,3,0
BRDA:234,18,0,0
BRDA:234,18,1,0
BRDA:234,18,2,0
BRDA:238,19,0,0
BRDA:238,19,1,0
BRDA:238,20,0,0
BRDA:238,20,1,0
BRDA:241,21,0,0
BRDA:241,21,1,0
BRDA:241,22,0,0
BRDA:241,22,1,0
BRF:59
BRH:0
end_of_record
TN:
SF:app\(screens)\details\[details].tsx
FN:26,Details
FN:39,(anonymous_1)
FN:61,(anonymous_2)
FN:67,(anonymous_3)
FN:72,(anonymous_4)
FN:92,(anonymous_5)
FN:102,(anonymous_6)
FN:110,(anonymous_7)
FN:118,(anonymous_8)
FN:125,(anonymous_9)
FN:141,(anonymous_10)
FN:176,(anonymous_11)
FN:189,(anonymous_12)
FN:199,(anonymous_13)
FN:222,(anonymous_14)
FN:226,(anonymous_15)
FN:229,(anonymous_16)
FN:327,(anonymous_17)
FN:337,(anonymous_18)
FNF:19
FNH:0
FNDA:0,Details
FNDA:0,(anonymous_1)
FNDA:0,(anonymous_2)
FNDA:0,(anonymous_3)
FNDA:0,(anonymous_4)
FNDA:0,(anonymous_5)
FNDA:0,(anonymous_6)
FNDA:0,(anonymous_7)
FNDA:0,(anonymous_8)
FNDA:0,(anonymous_9)
FNDA:0,(anonymous_10)
FNDA:0,(anonymous_11)
FNDA:0,(anonymous_12)
FNDA:0,(anonymous_13)
FNDA:0,(anonymous_14)
FNDA:0,(anonymous_15)
FNDA:0,(anonymous_16)
FNDA:0,(anonymous_17)
FNDA:0,(anonymous_18)
DA:24,0
DA:27,0
DA:28,0
DA:29,0
DA:30,0
DA:31,0
DA:32,0
DA:33,0
DA:34,0
DA:35,0
DA:37,0
DA:39,0
DA:40,0
DA:41,0
DA:47,0
DA:61,0
DA:62,0
DA:63,0
DA:67,0
DA:68,0
DA:70,0
DA:73,0
DA:85,0
DA:86,0
DA:87,0
DA:93,0
DA:102,0
DA:103,0
DA:110,0
DA:111,0
DA:119,0
DA:125,0
DA:141,0
DA:142,0
DA:176,0
DA:178,0
DA:182,0
DA:184,0
DA:190,0
DA:199,0
DA:210,0
DA:222,0
DA:227,0
DA:230,0
DA:231,0
DA:327,0
DA:337,0
DA:354,0
LF:48
LH:0
BRDA:40,0,0,0
BRDA:40,0,1,0
BRDA:40,1,0,0
BRDA:40,1,1,0
BRDA:62,2,0,0
BRDA:62,2,1,0
BRDA:68,3,0,0
BRDA:68,3,1,0
BRDA:68,4,0,0
BRDA:68,4,1,0
BRDA:77,5,0,0
BRDA:77,5,1,0
BRDA:85,6,0,0
BRDA:85,6,1,0
BRDA:123,7,0,0
BRDA:123,7,1,0
BRDA:130,8,0,0
BRDA:130,8,1,0
BRDA:145,9,0,0
BRDA:145,9,1,0
BRDA:161,10,0,0
BRDA:161,10,1,0
BRDA:167,11,0,0
BRDA:167,11,1,0
BRDA:170,12,0,0
BRDA:170,12,1,0
BRDA:178,13,0,0
BRDA:178,13,1,0
BRDA:182,14,0,0
BRDA:182,14,1,0
BRDA:196,15,0,0
BRDA:196,15,1,0
BRDA:202,16,0,0
BRDA:202,16,1,0
BRDA:275,17,0,0
BRDA:275,17,1,0
BRDA:275,17,2,0
BRDA:278,18,0,0
BRDA:278,18,1,0
BRDA:313,19,0,0
BRDA:313,19,1,0
BRDA:317,20,0,0
BRDA:317,20,1,0
BRDA:341,21,0,0
BRDA:341,21,1,0
BRDA:442,22,0,0
BRDA:442,22,1,0
BRDA:504,23,0,0
BRDA:504,23,1,0
BRDA:540,24,0,0
BRDA:540,24,1,0
BRF:51
BRH:0
end_of_record
TN:
SF:app\(tabs)\_layout.tsx
FN:41,(anonymous_0)
FN:60,CustomTabButton
FN:72,TabsLayout
FN:75,(anonymous_3)
FN:107,(anonymous_4)
FN:109,(anonymous_5)
FN:123,(anonymous_6)
FN:137,(anonymous_7)
FN:150,(anonymous_8)
FNF:9
FNH:0
FNDA:0,(anonymous_0)
FNDA:0,CustomTabButton
FNDA:0,TabsLayout
FNDA:0,(anonymous_3)
FNDA:0,(anonymous_4)
FNDA:0,(anonymous_5)
FNDA:0,(anonymous_6)
FNDA:0,(anonymous_7)
FNDA:0,(anonymous_8)
DA:19,0
DA:41,0
DA:42,0
DA:61,0
DA:73,0
DA:75,0
DA:76,0
DA:88,0
DA:107,0
DA:110,0
DA:124,0
DA:138,0
DA:151,0
DA:163,0
LF:14
LH:0
BRDA:43,0,0,0
BRDA:43,0,1,0
BRDA:49,1,0,0
BRDA:49,1,1,0
BRF:4
BRH:0
end_of_record
TN:
SF:app\(tabs)\cart.tsx
FN:25,CartScreen
FN:34,(anonymous_1)
FN:38,(anonymous_2)
FN:44,(anonymous_3)
FN:45,(anonymous_4)
FN:54,(anonymous_5)
FN:67,(anonymous_6)
FN:81,(anonymous_7)
FN:90,(anonymous_8)
FN:146,(anonymous_9)
FN:157,(anonymous_10)
FN:182,(anonymous_11)
FNF:12
FNH:0
FNDA:0,CartScreen
FNDA:0,(anonymous_1)
FNDA:0,(anonymous_2)
FNDA:0,(anonymous_3)
FNDA:0,(anonymous_4)
FNDA:0,(anonymous_5)
FNDA:0,(anonymous_6)
FNDA:0,(anonymous_7)
FNDA:0,(anonymous_8)
FNDA:0,(anonymous_9)
FNDA:0,(anonymous_10)
FNDA:0,(anonymous_11)
DA:27,0
DA:28,0
DA:29,0
DA:30,0
DA:34,0
DA:35,0
DA:38,0
DA:39,0
DA:40,0
DA:44,0
DA:45,0
DA:46,0
DA:47,0
DA:48,0
DA:51,0
DA:54,0
DA:55,0
DA:56,0
DA:57,0
DA:58,0
DA:67,0
DA:68,0
DA:69,0
DA:70,0
DA:72,0
DA:81,0
DA:82,0
DA:83,0
DA:84,0
DA:86,0
DA:90,0
DA:91,0
DA:95,0
DA:97,0
DA:98,0
DA:106,0
DA:107,0
DA:131,0
DA:147,0
DA:157,0
DA:182,0
DA:191,0
LF:42
LH:0
BRDA:39,0,0,0
BRDA:39,0,1,0
BRDA:47,1,0,0
BRDA:47,1,1,0
BRDA:56,2,0,0
BRDA:56,2,1,0
BRDA:57,3,0,0
BRDA:57,3,1,0
BRDA:57,4,0,0
BRDA:57,4,1,0
BRDA:57,4,2,0
BRDA:57,4,3,0
BRDA:69,5,0,0
BRDA:69,5,1,0
BRDA:70,6,0,0
BRDA:70,6,1,0
BRDA:70,7,0,0
BRDA:70,7,1,0
BRDA:70,7,2,0
BRDA:70,7,3,0
BRDA:83,8,0,0
BRDA:83,8,1,0
BRDA:84,9,0,0
BRDA:84,9,1,0
BRDA:84,10,0,0
BRDA:84,10,1,0
BRDA:84,10,2,0
BRDA:84,10,3,0
BRDA:95,11,0,0
BRDA:95,11,1,0
BRDA:95,11,2,0
BRDA:97,12,0,0
BRDA:97,12,1,0
BRDA:106,13,0,0
BRDA:106,13,1,0
BRDA:139,14,0,0
BRDA:139,14,1,0
BRDA:145,15,0,0
BRDA:145,15,1,0
BRDA:147,16,0,0
BRDA:147,16,1,0
BRDA:147,17,0,0
BRDA:147,17,1,0
BRDA:147,17,2,0
BRDA:157,18,0,0
BRDA:157,18,1,0
BRDA:157,19,0,0
BRDA:157,19,1,0
BRDA:157,19,2,0
BRF:49
BRH:0
end_of_record
TN:
SF:app\(tabs)\explor.tsx
FN:30,(anonymous_0)
FN:40,(anonymous_1)
FN:41,(anonymous_2)
FN:45,(anonymous_3)
FN:140,(anonymous_4)
FN:161,(anonymous_5)
FN:168,(anonymous_6)
FN:176,(anonymous_7)
FN:184,(anonymous_8)
FN:188,(anonymous_9)
FN:192,(anonymous_10)
FN:200,(anonymous_11)
FN:210,(anonymous_12)
FN:220,(anonymous_13)
FN:233,(anonymous_14)
FN:236,(anonymous_15)
FN:257,(anonymous_16)
FN:263,(anonymous_17)
FN:269,(anonymous_18)
FN:276,(anonymous_19)
FN:288,(anonymous_20)
FN:300,(anonymous_21)
FN:307,(anonymous_22)
FN:309,(anonymous_23)
FN:320,(anonymous_24)
FN:325,(anonymous_25)
FN:339,(anonymous_26)
FN:341,(anonymous_27)
FN:370,flattenCategories
FN:372,(anonymous_29)
FN:419,(anonymous_30)
FN:442,(anonymous_31)
FN:505,(anonymous_32)
FN:505,(anonymous_33)
FN:527,(anonymous_34)
FN:528,(anonymous_35)
FN:548,(anonymous_36)
FN:549,(anonymous_37)
FN:577,(anonymous_38)
FN:586,(anonymous_39)
FN:593,(anonymous_40)
FNF:41
FNH:0
FNDA:0,(anonymous_0)
FNDA:0,(anonymous_1)
FNDA:0,(anonymous_2)
FNDA:0,(anonymous_3)
FNDA:0,(anonymous_4)
FNDA:0,(anonymous_5)
FNDA:0,(anonymous_6)
FNDA:0,(anonymous_7)
FNDA:0,(anonymous_8)
FNDA:0,(anonymous_9)
FNDA:0,(anonymous_10)
FNDA:0,(anonymous_11)
FNDA:0,(anonymous_12)
FNDA:0,(anonymous_13)
FNDA:0,(anonymous_14)
FNDA:0,(anonymous_15)
FNDA:0,(anonymous_16)
FNDA:0,(anonymous_17)
FNDA:0,(anonymous_18)
FNDA:0,(anonymous_19)
FNDA:0,(anonymous_20)
FNDA:0,(anonymous_21)
FNDA:0,(anonymous_22)
FNDA:0,(anonymous_23)
FNDA:0,(anonymous_24)
FNDA:0,(anonymous_25)
FNDA:0,(anonymous_26)
FNDA:0,(anonymous_27)
FNDA:0,flattenCategories
FNDA:0,(anonymous_29)
FNDA:0,(anonymous_30)
FNDA:0,(anonymous_31)
FNDA:0,(anonymous_32)
FNDA:0,(anonymous_33)
FNDA:0,(anonymous_34)
FNDA:0,(anonymous_35)
FNDA:0,(anonymous_36)
FNDA:0,(anonymous_37)
FNDA:0,(anonymous_38)
FNDA:0,(anonymous_39)
FNDA:0,(anonymous_40)
DA:25,0
DA:26,0
DA:27,0
DA:30,0
DA:37,0
DA:40,0
DA:41,0
DA:42,0
DA:45,0
DA:48,0
DA:140,0
DA:141,0
DA:142,0
DA:143,0
DA:144,0
DA:145,0
DA:146,0
DA:147,0
DA:148,0
DA:149,0
DA:150,0
DA:151,0
DA:152,0
DA:153,0
DA:156,0
DA:157,0
DA:158,0
DA:161,0
DA:162,0
DA:168,0
DA:169,0
DA:176,0
DA:177,0
DA:178,0
DA:184,0
DA:185,0
DA:188,0
DA:192,0
DA:193,0
DA:194,0
DA:196,0
DA:200,0
DA:201,0
DA:202,0
DA:210,0
DA:211,0
DA:212,0
DA:213,0
DA:215,0
DA:220,0
DA:221,0
DA:222,0
DA:223,0
DA:224,0
DA:226,0
DA:228,0
DA:233,0
DA:234,0
DA:236,0
DA:237,0
DA:239,0
DA:240,0
DA:241,0
DA:245,0
DA:247,0
DA:249,0
DA:250,0
DA:255,0
DA:257,0
DA:258,0
DA:263,0
DA:264,0
DA:265,0
DA:268,0
DA:269,0
DA:270,0
DA:275,0
DA:276,0
DA:277,0
DA:278,0
DA:279,0
DA:280,0
DA:282,0
DA:287,0
DA:288,0
DA:289,0
DA:290,0
DA:291,0
DA:292,0
DA:294,0
DA:299,0
DA:300,0
DA:301,0
DA:306,0
DA:307,0
DA:308,0
DA:309,0
DA:312,0
DA:314,0
DA:315,0
DA:320,0
DA:321,0
DA:326,0
DA:327,0
DA:328,0
DA:330,0
DA:339,0
DA:341,0
DA:342,0
DA:343,0
DA:351,0
DA:371,0
DA:372,0
DA:373,0
DA:374,0
DA:375,0
DA:378,0
DA:381,0
DA:383,0
DA:419,0
DA:443,0
DA:444,0
DA:445,0
DA:446,0
DA:447,0
DA:449,0
DA:505,0
DA:528,0
DA:529,0
DA:549,0
DA:550,0
DA:577,0
DA:587,0
DA:593,0
DA:667,0
LF:135
LH:0
BRDA:77,0,0,0
BRDA:77,0,1,0
BRDA:88,1,0,0
BRDA:88,1,1,0
BRDA:88,1,2,0
BRDA:88,2,0,0
BRDA:88,2,1,0
BRDA:88,3,0,0
BRDA:88,3,1,0
BRDA:96,4,0,0
BRDA:96,4,1,0
BRDA:96,5,0,0
BRDA:96,5,1,0
BRDA:109,6,0,0
BRDA:109,6,1,0
BRDA:116,7,0,0
BRDA:116,7,1,0
BRDA:123,8,0,0
BRDA:123,8,1,0
BRDA:123,9,0,0
BRDA:123,9,1,0
BRDA:125,10,0,0
BRDA:125,10,1,0
BRDA:130,11,0,0
BRDA:130,11,1,0
BRDA:130,12,0,0
BRDA:130,12,1,0
BRDA:193,13,0,0
BRDA:193,13,1,0
BRDA:200,14,0,0
BRDA:212,15,0,0
BRDA:212,15,1,0
BRDA:212,16,0,0
BRDA:212,16,1,0
BRDA:212,16,2,0
BRDA:212,16,3,0
BRDA:237,17,0,0
BRDA:237,17,1,0
BRDA:237,18,0,0
BRDA:237,18,1,0
BRDA:249,19,0,0
BRDA:249,19,1,0
BRDA:265,20,0,0
BRDA:265,20,1,0
BRDA:268,21,0,0
BRDA:268,21,1,0
BRDA:275,22,0,0
BRDA:275,22,1,0
BRDA:277,23,0,0
BRDA:277,23,1,0
BRDA:279,24,0,0
BRDA:279,24,1,0
BRDA:279,25,0,0
BRDA:279,25,1,0
BRDA:287,26,0,0
BRDA:287,26,1,0
BRDA:289,27,0,0
BRDA:289,27,1,0
BRDA:291,28,0,0
BRDA:291,28,1,0
BRDA:291,29,0,0
BRDA:291,29,1,0
BRDA:299,30,0,0
BRDA:299,30,1,0
BRDA:301,31,0,0
BRDA:301,31,1,0
BRDA:306,32,0,0
BRDA:306,32,1,0
BRDA:307,33,0,0
BRDA:307,33,1,0
BRDA:307,34,0,0
BRDA:307,34,1,0
BRDA:308,35,0,0
BRDA:308,35,1,0
BRDA:309,36,0,0
BRDA:309,36,1,0
BRDA:309,37,0,0
BRDA:309,37,1,0
BRDA:339,38,0,0
BRDA:339,38,1,0
BRDA:342,39,0,0
BRDA:342,39,1,0
BRDA:342,40,0,0
BRDA:342,40,1,0
BRDA:357,41,0,0
BRDA:357,41,1,0
BRDA:360,42,0,0
BRDA:360,42,1,0
BRDA:374,43,0,0
BRDA:374,43,1,0
BRDA:374,44,0,0
BRDA:374,44,1,0
BRDA:417,45,0,0
BRDA:417,45,1,0
BRDA:435,46,0,0
BRDA:435,46,1,0
BRDA:435,46,2,0
BRDA:435,46,3,0
BRDA:435,46,4,0
BRDA:443,47,0,0
BRDA:443,47,1,0
BRDA:443,48,0,0
BRDA:443,48,1,0
BRDA:445,49,0,0
BRDA:445,49,1,0
BRDA:454,50,0,0
BRDA:454,50,1,0
BRDA:459,51,0,0
BRDA:459,51,1,0
BRDA:459,52,0,0
BRDA:459,52,1,0
BRDA:513,53,0,0
BRDA:513,53,1,0
BRDA:515,54,0,0
BRDA:515,54,1,0
BRDA:529,55,0,0
BRDA:529,55,1,0
BRDA:538,56,0,0
BRDA:538,56,1,0
BRDA:540,57,0,0
BRDA:540,57,1,0
BRDA:550,58,0,0
BRDA:550,58,1,0
BRDA:559,59,0,0
BRDA:559,59,1,0
BRDA:561,60,0,0
BRDA:561,60,1,0
BRDA:575,61,0,0
BRDA:575,61,1,0
BRDA:581,62,0,0
BRDA:581,62,1,0
BRDA:591,63,0,0
BRDA:591,63,1,0
BRDA:597,64,0,0
BRDA:597,64,1,0
BRDA:632,65,0,0
BRDA:632,65,1,0
BRDA:635,66,0,0
BRDA:635,66,1,0
BRDA:648,67,0,0
BRDA:648,67,1,0
BRDA:648,68,0,0
BRDA:648,68,1,0
BRF:143
BRH:0
end_of_record
TN:
SF:app\(tabs)\index.tsx
FN:33,index
FN:38,(anonymous_1)
FN:41,(anonymous_2)
FN:46,(anonymous_3)
FN:54,(anonymous_4)
FN:64,(anonymous_5)
FN:74,(anonymous_6)
FN:75,(anonymous_7)
FN:84,(anonymous_8)
FN:85,(anonymous_9)
FN:88,(anonymous_10)
FN:96,(anonymous_11)
FN:100,(anonymous_12)
FN:110,(anonymous_13)
FN:146,(anonymous_14)
FN:180,(anonymous_15)
FN:228,(anonymous_16)
FN:240,(anonymous_17)
FN:246,(anonymous_18)
FN:250,(anonymous_19)
FNF:20
FNH:0
FNDA:0,index
FNDA:0,(anonymous_1)
FNDA:0,(anonymous_2)
FNDA:0,(anonymous_3)
FNDA:0,(anonymous_4)
FNDA:0,(anonymous_5)
FNDA:0,(anonymous_6)
FNDA:0,(anonymous_7)
FNDA:0,(anonymous_8)
FNDA:0,(anonymous_9)
FNDA:0,(anonymous_10)
FNDA:0,(anonymous_11)
FNDA:0,(anonymous_12)
FNDA:0,(anonymous_13)
FNDA:0,(anonymous_14)
FNDA:0,(anonymous_15)
FNDA:0,(anonymous_16)
FNDA:0,(anonymous_17)
FNDA:0,(anonymous_18)
FNDA:0,(anonymous_19)
DA:29,0
DA:30,0
DA:31,0
DA:34,0
DA:35,0
DA:36,0
DA:37,0
DA:38,0
DA:39,0
DA:41,0
DA:42,0
DA:45,0
DA:47,0
DA:48,0
DA:54,0
DA:55,0
DA:56,0
DA:57,0
DA:60,0
DA:64,0
DA:65,0
DA:66,0
DA:67,0
DA:70,0
DA:74,0
DA:75,0
DA:76,0
DA:81,0
DA:84,0
DA:85,0
DA:86,0
DA:87,0
DA:88,0
DA:90,0
DA:93,0
DA:96,0
DA:97,0
DA:100,0
DA:101,0
DA:110,0
DA:146,0
DA:152,0
DA:168,0
DA:181,0
DA:228,0
DA:240,0
DA:246,0
DA:250,0
DA:276,0
LF:49
LH:0
BRDA:47,0,0,0
BRDA:47,0,1,0
BRDA:106,1,0,0
BRDA:106,1,1,0
BRDA:107,2,0,0
BRDA:107,2,1,0
BRDA:150,3,0,0
BRDA:155,4,0,0
BRDA:155,4,1,0
BRDA:157,5,0,0
BRDA:157,5,1,0
BRDA:192,6,0,0
BRDA:192,6,1,0
BRDA:244,7,0,0
BRDA:244,7,1,0
BRF:15
BRH:0
end_of_record
TN:
SF:app\(tabs)\profile.tsx
FN:38,Profile
FN:51,(anonymous_1)
FN:54,(anonymous_2)
FN:60,(anonymous_3)
FN:68,(anonymous_4)
FN:76,(anonymous_5)
FN:88,(anonymous_6)
FN:96,(anonymous_7)
FN:104,(anonymous_8)
FN:112,(anonymous_9)
FN:120,(anonymous_10)
FN:154,(anonymous_11)
FN:162,(anonymous_12)
FN:261,(anonymous_13)
FN:272,(anonymous_14)
FN:287,(anonymous_15)
FN:304,(anonymous_16)
FN:322,(anonymous_17)
FNF:18
FNH:0
FNDA:0,Profile
FNDA:0,(anonymous_1)
FNDA:0,(anonymous_2)
FNDA:0,(anonymous_3)
FNDA:0,(anonymous_4)
FNDA:0,(anonymous_5)
FNDA:0,(anonymous_6)
FNDA:0,(anonymous_7)
FNDA:0,(anonymous_8)
FNDA:0,(anonymous_9)
FNDA:0,(anonymous_10)
FNDA:0,(anonymous_11)
FNDA:0,(anonymous_12)
FNDA:0,(anonymous_13)
FNDA:0,(anonymous_14)
FNDA:0,(anonymous_15)
FNDA:0,(anonymous_16)
FNDA:0,(anonymous_17)
DA:36,0
DA:39,0
DA:40,0
DA:41,0
DA:42,0
DA:43,0
DA:44,0
DA:45,0
DA:46,0
DA:47,0
DA:48,0
DA:51,0
DA:52,0
DA:54,0
DA:57,0
DA:61,0
DA:69,0
DA:77,0
DA:85,0
DA:112,0
DA:113,0
DA:120,0
DA:121,0
DA:123,0
DA:124,0
DA:140,0
DA:141,0
DA:151,0
DA:154,0
DA:155,0
DA:156,0
DA:158,0
DA:162,0
DA:163,0
DA:188,0
DA:189,0
DA:196,0
DA:262,0
DA:273,0
DA:287,0
DA:304,0
DA:322,0
DA:357,0
LF:43
LH:0
BRDA:123,0,0,0
BRDA:123,0,1,0
BRDA:123,1,0,0
BRDA:123,1,1,0
BRDA:140,2,0,0
BRDA:140,2,1,0
BRDA:140,3,0,0
BRDA:140,3,1,0
BRDA:155,4,0,0
BRDA:155,4,1,0
BRDA:155,5,0,0
BRDA:155,5,1,0
BRDA:155,5,2,0
BRDA:181,6,0,0
BRDA:181,6,1,0
BRDA:188,7,0,0
BRDA:188,7,1,0
BRDA:213,8,0,0
BRDA:213,8,1,0
BRDA:213,9,0,0
BRDA:213,9,1,0
BRDA:257,10,0,0
BRDA:257,10,1,0
BRDA:257,10,2,0
BRDA:285,11,0,0
BRDA:285,11,1,0
BRDA:293,12,0,0
BRDA:293,12,1,0
BRDA:302,13,0,0
BRDA:302,13,1,0
BRDA:310,14,0,0
BRDA:310,14,1,0
BRDA:320,15,0,0
BRDA:320,15,1,0
BRDA:320,15,2,0
BRDA:333,16,0,0
BRDA:333,16,1,0
BRDA:458,17,0,0
BRDA:458,17,1,0
BRDA:459,18,0,0
BRDA:459,18,1,0
BRDA:469,19,0,0
BRDA:469,19,1,0
BRF:43
BRH:0
end_of_record
TN:
SF:app\components\AddToCartButton.tsx
FN:34,(anonymous_0)
FN:48,(anonymous_1)
FN:96,(anonymous_2)
FNF:3
FNH:0
FNDA:0,(anonymous_0)
FNDA:0,(anonymous_1)
FNDA:0,(anonymous_2)
DA:34,0
DA:42,0
DA:43,0
DA:44,0
DA:45,0
DA:46,0
DA:48,0
DA:49,0
DA:50,0
DA:53,0
DA:54,0
DA:58,0
DA:61,0
DA:62,0
DA:63,0
DA:67,0
DA:70,0
DA:71,0
DA:73,0
DA:74,0
DA:75,0
DA:79,0
DA:80,0
DA:83,0
DA:84,0
DA:85,0
DA:89,0
DA:90,0
DA:93,0
DA:96,0
DA:97,0
DA:98,0
DA:100,0
DA:104,0
DA:109,0
DA:114,0
DA:118,0
DA:139,0
LF:38
LH:0
BRDA:36,0,0,0
BRDA:49,1,0,0
BRDA:49,1,1,0
BRDA:53,2,0,0
BRDA:53,2,1,0
BRDA:53,3,0,0
BRDA:53,3,1,0
BRDA:62,4,0,0
BRDA:62,4,1,0
BRDA:62,5,0,0
BRDA:62,5,1,0
BRDA:73,6,0,0
BRDA:73,6,1,0
BRDA:84,7,0,0
BRDA:84,7,1,0
BRDA:93,8,0,0
BRDA:93,8,1,0
BRDA:124,9,0,0
BRDA:124,9,1,0
BRDA:124,9,2,0
BRDA:127,10,0,0
BRDA:127,10,1,0
BRDA:129,11,0,0
BRDA:129,11,1,0
BRF:24
BRH:0
end_of_record
TN:
SF:app\components\BottomSheet.tsx
FN:10,(anonymous_0)
FN:14,(anonymous_1)
FN:20,(anonymous_2)
FN:46,(anonymous_3)
FN:69,(anonymous_4)
FN:72,(anonymous_5)
FNF:6
FNH:0
FNDA:0,(anonymous_0)
FNDA:0,(anonymous_1)
FNDA:0,(anonymous_2)
FNDA:0,(anonymous_3)
FNDA:0,(anonymous_4)
FNDA:0,(anonymous_5)
DA:8,0
DA:10,0
DA:11,0
DA:12,0
DA:14,0
DA:15,0
DA:16,0
DA:20,0
DA:21,0
DA:25,0
DA:26,0
DA:33,0
DA:47,0
DA:70,0
DA:73,0
DA:123,0
LF:16
LH:0
BRDA:15,0,0,0
BRDA:15,0,1,0
BRDA:15,1,0,0
BRDA:15,1,1,0
BRDA:21,2,0,0
BRDA:21,2,1,0
BRDA:25,3,0,0
BRDA:25,3,1,0
BRDA:45,4,0,0
BRDA:45,4,1,0
BRDA:65,5,0,0
BRDA:65,5,1,0
BRDA:77,6,0,0
BRDA:77,6,1,0
BRDA:79,7,0,0
BRDA:79,7,1,0
BRDA:86,8,0,0
BRDA:86,8,1,0
BRDA:99,9,0,0
BRDA:99,9,1,0
BRDA:117,10,0,0
BRDA:117,10,1,0
BRF:22
BRH:0
end_of_record
TN:
SF:app\components\Card.tsx
FN:23,ItemCard
FN:31,(anonymous_1)
FN:38,(anonymous_2)
FN:63,(anonymous_3)
FN:68,(anonymous_4)
FN:69,(anonymous_5)
FN:84,(anonymous_6)
FN:90,(anonymous_7)
FN:95,(anonymous_8)
FN:115,(anonymous_9)
FN:121,(anonymous_10)
FNF:11
FNH:0
FNDA:0,ItemCard
FNDA:0,(anonymous_1)
FNDA:0,(anonymous_2)
FNDA:0,(anonymous_3)
FNDA:0,(anonymous_4)
FNDA:0,(anonymous_5)
FNDA:0,(anonymous_6)
FNDA:0,(anonymous_7)
FNDA:0,(anonymous_8)
FNDA:0,(anonymous_9)
FNDA:0,(anonymous_10)
DA:24,0
DA:25,0
DA:26,0
DA:27,0
DA:28,0
DA:29,0
DA:31,0
DA:32,0
DA:38,0
DA:42,0
DA:48,0
DA:51,0
DA:52,0
DA:54,0
DA:55,0
DA:58,0
DA:63,0
DA:64,0
DA:65,0
DA:68,0
DA:69,0
DA:84,0
DA:85,0
DA:86,0
DA:90,0
DA:91,0
DA:93,0
DA:96,0
DA:108,0
DA:115,0
DA:121,0
DA:164,0
LF:32
LH:0
BRDA:42,0,0,0
BRDA:42,0,1,0
BRDA:43,1,0,0
BRDA:43,1,1,0
BRDA:43,1,2,0
BRDA:43,1,3,0
BRDA:51,2,0,0
BRDA:51,2,1,0
BRDA:60,3,0,0
BRDA:60,3,1,0
BRDA:85,4,0,0
BRDA:85,4,1,0
BRDA:91,5,0,0
BRDA:91,5,1,0
BRDA:91,6,0,0
BRDA:91,6,1,0
BRDA:100,7,0,0
BRDA:100,7,1,0
BRDA:113,8,0,0
BRDA:113,8,1,0
BRDA:134,9,0,0
BRDA:134,9,1,0
BRDA:136,10,0,0
BRDA:136,10,1,0
BRDA:144,11,0,0
BRDA:144,11,1,0
BRDA:148,12,0,0
BRDA:148,12,1,0
BRDA:150,13,0,0
BRDA:150,13,1,0
BRDA:152,14,0,0
BRDA:152,14,1,0
BRF:32
BRH:0
end_of_record
TN:
SF:app\components\CartBadge.tsx
FN:11,(anonymous_0)
FN:20,(anonymous_1)
FN:21,(anonymous_2)
FN:23,(anonymous_3)
FN:36,(anonymous_4)
FN:37,(anonymous_5)
FNF:6
FNH:0
FNDA:0,(anonymous_0)
FNDA:0,(anonymous_1)
FNDA:0,(anonymous_2)
FNDA:0,(anonymous_3)
FNDA:0,(anonymous_4)
FNDA:0,(anonymous_5)
DA:11,0
DA:15,0
DA:16,0
DA:17,0
DA:20,0
DA:21,0
DA:22,0
DA:23,0
DA:24,0
DA:26,0
DA:28,0
DA:32,0
DA:36,0
DA:37,0
DA:38,0
DA:39,0
DA:40,0
DA:41,0
DA:44,0
DA:48,0
DA:51,0
DA:52,0
DA:55,0
DA:64,0
LF:24
LH:0
BRDA:12,0,0,0
BRDA:13,1,0,0
BRDA:22,2,0,0
BRDA:22,2,1,0
BRDA:22,3,0,0
BRDA:22,3,1,0
BRDA:24,4,0,0
BRDA:24,4,1,0
BRDA:40,5,0,0
BRDA:40,5,1,0
BRDA:51,6,0,0
BRDA:51,6,1,0
BRDA:58,7,0,0
BRDA:58,7,1,0
BRF:14
BRH:0
end_of_record
TN:
SF:app\components\CategoryAccordion.tsx
FN:21,(anonymous_0)
FN:24,(anonymous_1)
FN:33,(anonymous_2)
FN:41,(anonymous_3)
FN:49,(anonymous_4)
FN:50,(anonymous_5)
FN:61,(anonymous_6)
FN:77,(anonymous_7)
FN:84,(anonymous_8)
FN:88,(anonymous_9)
FNF:10
FNH:0
FNDA:0,(anonymous_0)
FNDA:0,(anonymous_1)
FNDA:0,(anonymous_2)
FNDA:0,(anonymous_3)
FNDA:0,(anonymous_4)
FNDA:0,(anonymous_5)
FNDA:0,(anonymous_6)
FNDA:0,(anonymous_7)
FNDA:0,(anonymous_8)
FNDA:0,(anonymous_9)
DA:5,0
DA:6,0
DA:21,0
DA:22,0
DA:24,0
DA:25,0
DA:26,0
DA:27,0
DA:29,0
DA:33,0
DA:34,0
DA:35,0
DA:37,0
DA:41,0
DA:42,0
DA:43,0
DA:45,0
DA:49,0
DA:50,0
DA:61,0
DA:68,0
DA:77,0
DA:85,0
DA:88,0
DA:100,0
LF:25
LH:0
BRDA:5,0,0,0
BRDA:5,0,1,0
BRDA:5,1,0,0
BRDA:5,1,1,0
BRDA:26,2,0,0
BRDA:26,2,1,0
BRDA:34,3,0,0
BRDA:34,3,1,0
BRDA:41,4,0,0
BRDA:48,5,0,0
BRDA:48,5,1,0
BRDA:50,6,0,0
BRDA:50,6,1,0
BRDA:50,6,2,0
BRDA:52,7,0,0
BRDA:52,7,1,0
BRDA:55,8,0,0
BRDA:55,8,1,0
BRDA:55,8,2,0
BRDA:56,9,0,0
BRDA:56,9,1,0
BRDA:59,10,0,0
BRDA:59,10,1,0
BRDA:59,10,2,0
BRDA:59,10,3,0
BRDA:76,11,0,0
BRDA:76,11,1,0
BRDA:79,12,0,0
BRDA:79,12,1,0
BRDA:87,13,0,0
BRDA:87,13,1,0
BRDA:90,14,0,0
BRDA:90,14,1,0
BRF:33
BRH:0
end_of_record
TN:
SF:app\components\Devider.tsx
FN:3,Divider
FNF:1
FNH:0
FNDA:0,Divider
DA:4,0
LF:1
LH:0
BRF:0
BRH:0
end_of_record
TN:
SF:app\components\ImageSlide.tsx
FN:17,ImageSlider
FN:21,(anonymous_1)
FN:33,(anonymous_2)
FN:39,(anonymous_3)
FN:41,(anonymous_4)
FN:59,(anonymous_5)
FN:65,(anonymous_6)
FNF:7
FNH:0
FNDA:0,ImageSlider
FNDA:0,(anonymous_1)
FNDA:0,(anonymous_2)
FNDA:0,(anonymous_3)
FNDA:0,(anonymous_4)
FNDA:0,(anonymous_5)
FNDA:0,(anonymous_6)
DA:4,0
DA:18,0
DA:19,0
DA:21,0
DA:22,0
DA:33,0
DA:34,0
DA:35,0
DA:39,0
DA:40,0
DA:42,0
DA:53,0
DA:59,0
DA:65,0
DA:76,0
LF:15
LH:0
BRDA:24,0,0,0
BRDA:24,0,1,0
BRDA:24,0,2,0
BRDA:26,1,0,0
BRDA:26,1,1,0
BRDA:27,2,0,0
BRDA:27,2,1,0
BRDA:34,3,0,0
BRDA:34,3,1,0
BRDA:46,4,0,0
BRDA:46,4,1,0
BRF:11
BRH:0
end_of_record
TN:
SF:app\components\ItemCardSkeleton.tsx
FN:6,ItemCardSkeleton
FNF:1
FNH:0
FNDA:0,ItemCardSkeleton
DA:7,0
DA:8,0
DA:10,0
DA:21,0
LF:4
LH:0
BRF:0
BRH:0
end_of_record
TN:
SF:app\components\Review.tsx
FN:11,(anonymous_0)
FN:23,(anonymous_1)
FN:27,(anonymous_2)
FN:30,(anonymous_3)
FN:33,(anonymous_4)
FN:40,(anonymous_5)
FN:75,(anonymous_6)
FN:91,(anonymous_7)
FN:105,(anonymous_8)
FN:109,(anonymous_9)
FNF:10
FNH:0
FNDA:0,(anonymous_0)
FNDA:0,(anonymous_1)
FNDA:0,(anonymous_2)
FNDA:0,(anonymous_3)
FNDA:0,(anonymous_4)
FNDA:0,(anonymous_5)
FNDA:0,(anonymous_6)
FNDA:0,(anonymous_7)
FNDA:0,(anonymous_8)
FNDA:0,(anonymous_9)
DA:11,0
DA:12,0
DA:13,0
DA:14,0
DA:15,0
DA:16,0
DA:17,0
DA:18,0
DA:23,0
DA:24,0
DA:25,0
DA:26,0
DA:28,0
DA:31,0
DA:33,0
DA:35,0
DA:36,0
DA:40,0
DA:41,0
DA:42,0
DA:43,0
DA:45,0
DA:46,0
DA:47,0
DA:48,0
DA:61,0
DA:62,0
DA:64,0
DA:65,0
DA:66,0
DA:68,0
DA:70,0
DA:75,0
DA:76,0
DA:77,0
DA:78,0
DA:83,0
DA:92,0
DA:106,0
DA:109,0
DA:136,0
LF:41
LH:0
BRDA:24,0,0,0
BRDA:24,0,1,0
BRDA:41,1,0,0
BRDA:41,1,1,0
BRDA:41,2,0,0
BRDA:41,2,1,0
BRDA:68,3,0,0
BRDA:68,3,1,0
BRDA:86,4,0,0
BRDA:86,4,1,0
BRDA:88,5,0,0
BRDA:88,5,1,0
BRDA:92,6,0,0
BRDA:92,6,1,0
BRDA:93,7,0,0
BRDA:93,7,1,0
BRDA:101,8,0,0
BRDA:101,8,1,0
BRDA:108,9,0,0
BRDA:108,9,1,0
BRDA:123,10,0,0
BRDA:123,10,1,0
BRDA:125,11,0,0
BRDA:125,11,1,0
BRDA:129,12,0,0
BRDA:129,12,1,0
BRDA:146,13,0,0
BRDA:146,13,1,0
BRDA:151,14,0,0
BRDA:151,14,1,0
BRDA:160,15,0,0
BRDA:160,15,1,0
BRDA:179,16,0,0
BRDA:179,16,1,0
BRDA:192,17,0,0
BRDA:192,17,1,0
BRDA:207,18,0,0
BRDA:207,18,1,0
BRF:38
BRH:0
end_of_record
TN:
SF:app\components\cartItem.tsx
FN:6,CartItem
FN:37,(anonymous_1)
FN:46,(anonymous_2)
FN:60,(anonymous_3)
FNF:4
FNH:0
FNDA:0,CartItem
FNDA:0,(anonymous_1)
FNDA:0,(anonymous_2)
FNDA:0,(anonymous_3)
DA:6,0
DA:14,0
DA:16,0
DA:17,0
DA:38,0
DA:47,0
DA:61,0
DA:79,0
LF:8
LH:0
BRDA:16,0,0,0
BRDA:16,0,1,0
BRDA:29,1,0,0
BRDA:29,1,1,0
BRDA:31,2,0,0
BRDA:31,2,1,0
BRDA:43,3,0,0
BRDA:43,3,1,0
BRDA:54,4,0,0
BRDA:54,4,1,0
BRDA:66,5,0,0
BRDA:66,5,1,0
BRF:12
BRH:0
end_of_record
TN:
SF:app\components\categories.tsx
FN:4,categories
FNF:1
FNH:0
FNDA:0,categories
DA:5,0
LF:1
LH:0
BRF:0
BRH:0
end_of_record
TN:
SF:app\components\checkOutModal.tsx
FN:18,CheckOutModal
FN:34,(anonymous_1)
FN:39,(anonymous_2)
FN:59,(anonymous_3)
FN:109,(anonymous_4)
FN:167,(anonymous_5)
FN:172,(anonymous_6)
FN:179,(anonymous_7)
FN:186,(anonymous_8)
FN:188,(anonymous_9)
FN:194,(anonymous_10)
FNF:11
FNH:0
FNDA:0,CheckOutModal
FNDA:0,(anonymous_1)
FNDA:0,(anonymous_2)
FNDA:0,(anonymous_3)
FNDA:0,(anonymous_4)
FNDA:0,(anonymous_5)
FNDA:0,(anonymous_6)
FNDA:0,(anonymous_7)
FNDA:0,(anonymous_8)
FNDA:0,(anonymous_9)
FNDA:0,(anonymous_10)
DA:23,0
DA:24,0
DA:25,0
DA:26,0
DA:27,0
DA:28,0
DA:29,0
DA:30,0
DA:32,0
DA:34,0
DA:35,0
DA:36,0
DA:39,0
DA:40,0
DA:41,0
DA:42,0
DA:44,0
DA:45,0
DA:46,0
DA:48,0
DA:49,0
DA:50,0
DA:52,0
DA:53,0
DA:54,0
DA:56,0
DA:59,0
DA:60,0
DA:61,0
DA:62,0
DA:63,0
DA:66,0
DA:76,0
DA:77,0
DA:78,0
DA:79,0
DA:80,0
DA:82,0
DA:86,0
DA:87,0
DA:88,0
DA:90,0
DA:94,0
DA:109,0
DA:167,0
DA:172,0
DA:179,0
DA:186,0
DA:189,0
DA:194,0
DA:219,0
LF:51
LH:0
BRDA:40,0,0,0
BRDA:40,0,1,0
BRDA:44,1,0,0
BRDA:44,1,1,0
BRDA:48,2,0,0
BRDA:48,2,1,0
BRDA:52,3,0,0
BRDA:52,3,1,0
BRDA:60,4,0,0
BRDA:60,4,1,0
BRDA:76,5,0,0
BRDA:76,5,1,0
BRDA:108,6,0,0
BRDA:108,6,1,0
BRDA:115,7,0,0
BRDA:115,7,1,0
BRDA:118,8,0,0
BRDA:118,8,1,0
BRDA:127,9,0,0
BRDA:127,9,1,0
BRDA:141,10,0,0
BRDA:141,10,1,0
BRDA:152,11,0,0
BRDA:152,11,1,0
BRDA:158,12,0,0
BRDA:158,12,1,0
BRDA:192,13,0,0
BRDA:192,13,1,0
BRDA:200,14,0,0
BRDA:200,14,1,0
BRDA:205,15,0,0
BRDA:205,15,1,0
BRF:32
BRH:0
end_of_record
TN:
SF:app\components\chekoutBotton.tsx
FN:4,Chekout
FNF:1
FNH:0
FNDA:0,Chekout
DA:5,0
DA:12,0
LF:2
LH:0
BRF:0
BRH:0
end_of_record
TN:
FN:21,HeaderComponent
FN:28,(anonymous_1)
FN:29,(anonymous_2)
FN:31,(anonymous_3)
FN:44,(anonymous_4)
FN:45,(anonymous_5)
FN:73,(anonymous_6)
FN:87,(anonymous_7)
FN:95,(anonymous_8)
FNF:9
FNH:0
FNDA:0,HeaderComponent
FNDA:0,(anonymous_1)
FNDA:0,(anonymous_2)
FNDA:0,(anonymous_3)
FNDA:0,(anonymous_4)
FNDA:0,(anonymous_5)
FNDA:0,(anonymous_6)
FNDA:0,(anonymous_7)
FNDA:0,(anonymous_8)
DA:19,0
DA:22,0
DA:23,0
DA:24,0
DA:25,0
DA:28,0
DA:29,0
DA:30,0
DA:31,0
DA:32,0
DA:34,0
DA:36,0
DA:40,0
DA:44,0
DA:45,0
DA:46,0
DA:47,0
DA:48,0
DA:49,0
DA:52,0
DA:56,0
DA:59,0
DA:73,0
DA:87,0
DA:95,0
DA:108,0
LF:26
LH:0
BRDA:30,0,0,0
BRDA:30,0,1,0
BRDA:30,1,0,0
BRDA:30,1,1,0
BRDA:32,2,0,0
BRDA:32,2,1,0
BRDA:48,3,0,0
BRDA:48,3,1,0
BRF:8
BRH:0
end_of_record
TN:
SF:app\components\styles.ts
FNF:0
FNH:0
DA:5,0
DA:6,0
DA:7,0
LF:3
LH:0
BRF:0
BRH:0
end_of_record
TN:
SF:components\ui\badge\index.tsx
FN:115,Badge
FN:144,BadgeText
FN:170,BadgeIcon
FNF:3
FNH:0
FNDA:0,Badge
FNDA:0,BadgeText
FNDA:0,BadgeIcon
DA:14,0
DA:16,0
DA:38,0
DA:80,0
DA:98,0
DA:100,0
DA:123,0
DA:141,0
DA:145,0
DA:146,0
DA:167,0
DA:171,0
DA:173,0
DA:174,0
DA:182,0
DA:186,0
DA:194,0
DA:210,0
DA:211,0
DA:212,0
LF:20
LH:0
BRDA:117,0,0,0
BRDA:118,1,0,0
BRDA:119,2,0,0
BRDA:173,3,0,0
BRDA:173,3,1,0
BRDA:182,4,0,0
BRDA:182,4,1,0
BRDA:183,5,0,0
BRDA:183,5,1,0
BRDA:183,5,2,0
BRF:10
BRH:0
end_of_record
TN:
SF:components\ui\box\index.tsx
FN:11,Box
FNF:1
FNH:0
FNDA:0,Box
DA:10,0
DA:12,0
DA:18,0
LF:3
LH:0
BRF:0
BRH:0
end_of_record
TN:
SF:components\ui\box\index.web.tsx
FN:9,Box
FNF:1
FNH:0
FNDA:0,Box
DA:9,0
DA:13,0
DA:18,0
LF:3
LH:0
BRF:0
BRH:0
end_of_record
TN:
SF:components\ui\box\styles.tsx
FNF:0
FNH:0
DA:4,0
DA:8,0
LF:2
LH:0
BRDA:4,0,0,0
BRDA:4,0,1,0
BRF:2
BRH:0
end_of_record
TN:
SF:components\ui\button\index.tsx
FN:290,Button
FN:310,ButtonText
FN:349,ButtonIcon
FN:400,ButtonGroup
FNF:4
FNH:0
FNDA:0,Button
FNDA:0,ButtonText
FNDA:0,ButtonIcon
FNDA:0,ButtonGroup
DA:14,0
DA:16,0
DA:18,0
DA:26,0
DA:39,0
DA:121,0
DA:200,0
DA:256,0
DA:287,0
DA:294,0
DA:307,0
DA:315,0
DA:317,0
DA:336,0
DA:346,0
DA:354,0
DA:356,0
DA:357,0
DA:365,0
DA:369,0
DA:377,0
DA:397,0
DA:410,0
DA:424,0
DA:425,0
DA:426,0
DA:427,0
DA:428,0
LF:28
LH:0
BRDA:291,0,0,0
BRDA:291,1,0,0
BRDA:291,2,0,0
BRDA:356,3,0,0
BRDA:356,3,1,0
BRDA:365,4,0,0
BRDA:365,4,1,0
BRDA:366,5,0,0
BRDA:366,5,1,0
BRDA:366,5,2,0
BRDA:403,6,0,0
BRDA:404,7,0,0
BRDA:405,8,0,0
BRF:13
BRH:0
end_of_record
TN:
SF:components\ui\card\index.tsx
FN:10,Card
FNF:1
FNH:0
FNDA:0,Card
DA:9,0
DA:14,0
DA:24,0
LF:3
LH:0
BRDA:11,0,0,0
BRDA:11,1,0,0
BRF:2
BRH:0
end_of_record
TN:
SF:components\ui\card\index.web.tsx
FN:8,Card
FNF:1
FNH:0
FNDA:0,Card
DA:8,0
DA:12,0
DA:21,0
LF:3
LH:0
BRDA:9,0,0,0
BRDA:9,1,0,0
BRF:2
BRH:0
end_of_record
TN:
SF:components\ui\card\styles.tsx
FNF:0
FNH:0
DA:3,0
DA:5,0
LF:2
LH:0
BRDA:3,0,0,0
BRDA:3,0,1,0
BRF:2
BRH:0
end_of_record
TN:
SF:components\ui\gluestack-ui-provider\config.ts
FNF:0
FNH:0
DA:4,0
LF:1
LH:0
BRF:0
BRH:0
end_of_record
TN:
SF:components\ui\gluestack-ui-provider\index.tsx
FN:10,GluestackUIProvider
FN:20,(anonymous_1)
FNF:2
FNH:0
FNDA:0,GluestackUIProvider
FNDA:0,(anonymous_1)
DA:18,0
DA:20,0
DA:21,0
DA:25,0
LF:4
LH:0
BRDA:11,0,0,0
BRF:1
BRH:0
end_of_record
TN:
SF:components\ui\gluestack-ui-provider\index.web.tsx
FN:12,(anonymous_0)
FN:22,GluestackUIProvider
FN:30,(anonymous_2)
FN:35,(anonymous_3)
FN:44,(anonymous_4)
FN:48,(anonymous_5)
FN:59,(anonymous_6)
FN:65,(anonymous_7)
FN:68,(anonymous_8)
FNF:9
FNH:0
FNDA:0,(anonymous_0)
FNDA:0,GluestackUIProvider
FNDA:0,(anonymous_2)
FNDA:0,(anonymous_3)
FNDA:0,(anonymous_4)
FNDA:0,(anonymous_5)
FNDA:0,(anonymous_6)
FNDA:0,(anonymous_7)
FNDA:0,(anonymous_8)
DA:11,0
DA:12,0
DA:13,0
DA:14,0
DA:15,0
DA:16,0
DA:20,0
DA:29,0
DA:30,0
DA:31,0
DA:33,0
DA:36,0
DA:37,0
DA:39,0
DA:42,0
DA:44,0
DA:45,0
DA:48,0
DA:49,0
DA:50,0
DA:51,0
DA:52,0
DA:53,0
DA:54,0
DA:59,0
DA:60,0
DA:61,0
DA:63,0
DA:65,0
DA:68,0
DA:69,0
DA:70,0
DA:71,0
DA:72,0
DA:73,0
DA:74,0
DA:75,0
DA:76,0
DA:77,0
DA:83,0
LF:40
LH:0
BRDA:20,0,0,0
BRDA:20,0,1,0
BRDA:23,1,0,0
BRDA:32,2,0,0
BRDA:32,2,1,0
BRDA:45,3,0,0
BRDA:45,3,1,0
BRDA:49,4,0,0
BRDA:49,4,1,0
BRDA:51,5,0,0
BRDA:51,5,1,0
BRDA:53,6,0,0
BRDA:53,6,1,0
BRDA:60,7,0,0
BRDA:60,7,1,0
BRDA:69,8,0,0
BRDA:69,8,1,0
BRDA:71,9,0,0
BRDA:71,9,1,0
BRDA:74,10,0,0
BRDA:74,10,1,0
BRDA:77,11,0,0
BRDA:77,11,1,0
BRF:23
BRH:0
end_of_record
TN:
SF:components\ui\gluestack-ui-provider\script.ts
FN:1,(anonymous_0)
FN:4,getSystemColorMode
FNF:2
FNH:0
FNDA:0,(anonymous_0)
FNDA:0,getSystemColorMode
DA:1,0
DA:2,0
DA:5,0
DA:10,0
DA:11,0
DA:12,0
DA:13,0
DA:14,0
DA:15,0
LF:9
LH:0
BRDA:5,0,0,0
BRDA:5,0,1,0
BRDA:12,1,0,0
BRDA:12,1,1,0
BRDA:13,2,0,0
BRDA:13,2,1,0
BRF:6
BRH:0
end_of_record
TN:
SF:components\ui\heading\index.tsx
FN:21,MappedHeading
FN:179,Heading
FNF:2
FNH:0
FNDA:0,MappedHeading
FNDA:0,Heading
DA:12,0
DA:13,0
DA:14,0
DA:15,0
DA:16,0
DA:17,0
DA:19,0
DA:36,0
DA:40,0
DA:59,0
DA:78,0
DA:97,0
DA:116,0
DA:136,0
DA:155,0
DA:178,0
DA:191,0
DA:193,0
DA:194,0
DA:212,0
DA:218,0
LF:21
LH:0
BRDA:36,0,0,0
BRDA:36,0,1,0
BRDA:36,0,2,0
BRDA:36,0,3,0
BRDA:36,0,4,0
BRDA:36,0,5,0
BRDA:36,0,6,0
BRDA:36,0,7,0
BRDA:36,0,8,0
BRDA:36,0,9,0
BRDA:180,1,0,0
BRDA:193,2,0,0
BRDA:193,2,1,0
BRF:13
BRH:0
end_of_record
TN:
SF:components\ui\heading\index.web.tsx
FN:10,MappedHeading
FN:160,Heading
FNF:2
FNH:0
FNDA:0,MappedHeading
FNDA:0,Heading
DA:9,0
DA:25,0
DA:29,0
DA:47,0
DA:65,0
DA:83,0
DA:101,0
DA:120,0
DA:138,0
DA:159,0
DA:172,0
DA:174,0
DA:175,0
DA:194,0
DA:200,0
LF:15
LH:0
BRDA:25,0,0,0
BRDA:25,0,1,0
BRDA:25,0,2,0
BRDA:25,0,3,0
BRDA:25,0,4,0
BRDA:25,0,5,0
BRDA:25,0,6,0
BRDA:25,0,7,0
BRDA:25,0,8,0
BRDA:25,0,9,0
BRDA:161,1,0,0
BRDA:174,2,0,0
BRDA:174,2,1,0
BRF:13
BRH:0
end_of_record
TN:
SF:components\ui\heading\styles.tsx
FNF:0
FNH:0
DA:3,0
DA:7,0
LF:2
LH:0
BRDA:3,0,0,0
BRDA:3,0,1,0
BRF:2
BRH:0
end_of_record
TN:
SF:components\ui\hstack\index.tsx
FN:10,HStack
FNF:1
FNH:0
FNDA:0,HStack
DA:9,0
DA:11,0
DA:21,0
LF:3
LH:0
BRF:0
BRH:0
end_of_record
TN:
SF:components\ui\hstack\index.web.tsx
FN:9,HStack
FNF:1
FNH:0
FNDA:0,HStack
DA:8,0
DA:10,0
DA:20,0
LF:3
LH:0
BRF:0
BRH:0
end_of_record
TN:
SF:components\ui\hstack\styles.tsx
FNF:0
FNH:0
DA:4,0
DA:8,0
LF:2
LH:0
BRDA:4,0,0,0
BRDA:4,0,1,0
BRF:2
BRH:0
end_of_record
TN:
SF:components\ui\icon\index.tsx
FN:49,Icon
FN:85,(anonymous_1)
FN:94,UIIcon
FNF:3
FNH:0
FNDA:0,Icon
FNDA:0,(anonymous_1)
FNDA:0,UIIcon
DA:10,0
DA:17,0
DA:31,0
DA:48,0
DA:50,0
DA:51,0
DA:59,0
DA:63,0
DA:71,0
DA:85,0
DA:86,0
DA:94,0
DA:103,0
DA:114,0
DA:135,0
DA:138,0
DA:165,0
DA:168,0
DA:189,0
DA:211,0
DA:233,0
DA:254,0
DA:255,0
DA:256,0
DA:257,0
DA:261,0
DA:284,0
DA:288,0
DA:309,0
DA:313,0
DA:382,0
DA:386,0
DA:401,0
DA:422,0
DA:423,0
DA:427,0
DA:443,0
DA:458,0
DA:473,0
DA:489,0
DA:511,0
DA:533,0
DA:555,0
DA:556,0
DA:557,0
DA:558,0
DA:559,0
DA:560,0
DA:561,0
DA:573,0
DA:588,0
DA:592,0
DA:613,0
DA:617,0
DA:638,0
DA:665,0
DA:666,0
DA:670,0
DA:691,0
DA:695,0
DA:722,0
DA:725,0
DA:746,0
DA:749,0
DA:770,0
DA:772,0
DA:805,0
DA:808,0
DA:823,0
DA:826,0
DA:853,0
DA:856,0
DA:901,0
DA:904,0
DA:931,0
DA:934,0
DA:961,0
DA:964,0
DA:985,0
DA:987,0
DA:1014,0
DA:1017,0
DA:1032,0
DA:1035,0
DA:1056,0
DA:1059,0
DA:1080,0
DA:1083,0
DA:1110,0
DA:1113,0
DA:1128,0
DA:1132,0
DA:1147,0
DA:1150,0
DA:1165,0
DA:1168,0
DA:1183,0
DA:1186,0
DA:1207,0
DA:1210,0
DA:1225,0
DA:1228,0
DA:1261,0
DA:1263,0
DA:1302,0
DA:1305,0
DA:1326,0
DA:1329,0
DA:1350,0
DA:1353,0
DA:1392,0
DA:1395,0
DA:1416,0
DA:1419,0
DA:1434,0
DA:1437,0
DA:1500,0
DA:1503,0
DA:1530,0
DA:1533,0
DA:1560,0
DA:1563,0
DA:1584,0
LF:123
LH:0
BRDA:49,0,0,0
BRDA:50,1,0,0
BRDA:50,1,1,0
BRDA:59,2,0,0
BRDA:59,2,1,0
BRDA:60,3,0,0
BRDA:60,3,1,0
BRDA:60,3,2,0
BRF:8
BRH:0
end_of_record
TN:
SF:components\ui\icon\index.web.tsx
FN:33,Icon
FN:69,(anonymous_1)
FN:75,(anonymous_2)
FN:84,UIIcon
FN:85,(anonymous_4)
FNF:5
FNH:0
FNDA:0,Icon
FNDA:0,(anonymous_1)
FNDA:0,(anonymous_2)
FNDA:0,UIIcon
FNDA:0,(anonymous_4)
DA:8,0
DA:12,0
DA:26,0
DA:34,0
DA:35,0
DA:44,0
DA:48,0
DA:57,0
DA:69,0
DA:70,0
DA:71,0
DA:72,0
DA:75,0
DA:76,0
DA:77,0
DA:85,0
DA:86,0
DA:90,0
DA:104,0
DA:125,0
DA:128,0
DA:155,0
DA:158,0
DA:179,0
DA:201,0
DA:223,0
DA:244,0
DA:245,0
DA:246,0
DA:247,0
DA:251,0
DA:274,0
DA:278,0
DA:299,0
DA:303,0
DA:372,0
DA:376,0
DA:391,0
DA:412,0
DA:413,0
DA:417,0
DA:433,0
DA:448,0
DA:463,0
DA:479,0
DA:501,0
DA:523,0
DA:545,0
DA:546,0
DA:547,0
DA:548,0
DA:549,0
DA:550,0
DA:551,0
DA:563,0
DA:578,0
DA:581,0
DA:602,0
DA:606,0
DA:627,0
DA:654,0
DA:655,0
DA:659,0
DA:680,0
DA:684,0
DA:711,0
DA:714,0
DA:735,0
DA:738,0
DA:759,0
DA:761,0
DA:794,0
DA:797,0
DA:812,0
DA:815,0
DA:842,0
DA:845,0
DA:890,0
DA:893,0
DA:920,0
DA:923,0
DA:950,0
DA:953,0
DA:974,0
DA:976,0
DA:1003,0
DA:1006,0
DA:1021,0
DA:1024,0
DA:1045,0
DA:1048,0
DA:1069,0
DA:1072,0
DA:1099,0
DA:1102,0
DA:1117,0
DA:1121,0
DA:1136,0
DA:1139,0
DA:1154,0
DA:1157,0
DA:1172,0
DA:1175,0
DA:1196,0
DA:1199,0
DA:1214,0
DA:1217,0
DA:1250,0
DA:1252,0
DA:1291,0
DA:1294,0
DA:1315,0
DA:1318,0
DA:1339,0
DA:1342,0
DA:1381,0
DA:1384,0
DA:1405,0
DA:1408,0
DA:1423,0
DA:1426,0
DA:1489,0
DA:1492,0
DA:1519,0
DA:1522,0
DA:1549,0
DA:1552,0
DA:1573,0
LF:128
LH:0
BRDA:33,0,0,0
BRDA:34,1,0,0
BRDA:34,1,1,0
BRDA:44,2,0,0
BRDA:44,2,1,0
BRDA:45,3,0,0
BRDA:45,3,1,0
BRDA:45,3,2,0
BRDA:70,4,0,0
BRDA:70,4,1,0
BRDA:86,5,0,0
BRDA:86,5,1,0
BRF:12
BRH:0
end_of_record
TN:
SF:components\ui\image\index.tsx
FN:32,Image
FNF:1
FNH:0
FNDA:0,Image
DA:8,0
DA:25,0
DA:29,0
DA:33,0
DA:48,0
LF:5
LH:0
BRDA:32,0,0,0
BRDA:40,1,0,0
BRDA:40,1,1,0
BRF:3
BRH:0
end_of_record
TN:
SF:components\ui\link\index.tsx
FN:69,Link
FN:86,LinkText
FNF:2
FNH:0
FNDA:0,Link
FNDA:0,LinkText
DA:12,0
DA:17,0
DA:18,0
DA:20,0
DA:24,0
DA:68,0
DA:70,0
DA:83,0
DA:87,0
DA:99,0
DA:100,0
LF:11
LH:0
BRDA:86,0,0,0
BRF:1
BRH:0
end_of_record
TN:
SF:components\ui\text\index.tsx
FN:11,Text
FNF:1
FNH:0
FNDA:0,Text
DA:10,0
DA:26,0
DA:46,0
LF:3
LH:0
BRDA:18,0,0,0
BRF:1
BRH:0
end_of_record
TN:
SF:components\ui\text\index.web.tsx
FN:8,Text
FNF:1
FNH:0
FNDA:0,Text
DA:7,0
DA:23,0
DA:43,0
LF:3
LH:0
BRDA:15,0,0,0
BRF:1
BRH:0
end_of_record
TN:
SF:components\ui\text\styles.tsx
FNF:0
FNH:0
DA:4,0
DA:8,0
LF:2
LH:0
BRDA:4,0,0,0
BRDA:4,0,1,0
BRF:2
BRH:0
end_of_record
TN:
SF:components\ui\vstack\index.tsx
FN:11,VStack
FNF:1
FNH:0
FNDA:0,VStack
DA:10,0
DA:12,0
DA:22,0
LF:3
LH:0
BRF:0
BRH:0
end_of_record
TN:
SF:components\ui\vstack\index.web.tsx
FN:10,VStack
FNF:1
FNH:0
FNDA:0,VStack
DA:9,0
DA:11,0
DA:21,0
LF:3
LH:0
BRF:0
BRH:0
end_of_record
TN:
SF:components\ui\vstack\styles.tsx
FNF:0
FNH:0
DA:4,0
DA:8,0
LF:2
LH:0
BRDA:4,0,0,0
BRDA:4,0,1,0
BRF:2
BRH:0
end_of_record
TN:
SF:utils\backup.ts
FN:22,(anonymous_0)
FN:26,(anonymous_1)
FN:34,(anonymous_2)
FN:38,(anonymous_3)
FN:44,(anonymous_4)
FN:84,(anonymous_5)
FN:109,(anonymous_6)
FN:123,(anonymous_7)
FN:145,(anonymous_8)
FN:158,(anonymous_9)
FN:171,(anonymous_10)
FN:184,(anonymous_11)
FN:201,(anonymous_12)
FNF:13
FNH:11
FNDA:1,(anonymous_0)
FNDA:1,(anonymous_1)
FNDA:2,(anonymous_2)
FNDA:0,(anonymous_3)
FNDA:6,(anonymous_4)
FNDA:2,(anonymous_5)
FNDA:4,(anonymous_6)
FNDA:1,(anonymous_7)
FNDA:1,(anonymous_8)
FNDA:1,(anonymous_9)
FNDA:2,(anonymous_10)
FNDA:1,(anonymous_11)
FNDA:0,(anonymous_12)
DA:17,1
DA:18,1
DA:19,1
DA:20,1
DA:23,1
DA:27,1
DA:28,1
DA:30,1
DA:35,2
DA:38,2
DA:39,0
DA:45,6
DA:47,6
DA:48,6
DA:50,6
DA:51,6
DA:52,6
DA:53,6
DA:54,6
DA:57,0
DA:61,6
DA:73,6
DA:75,6
DA:76,6
DA:78,0
DA:79,0
DA:85,2
DA:87,2
DA:88,0
DA:92,2
DA:93,3
DA:94,3
DA:96,0
DA:100,2
DA:101,2
DA:103,0
DA:104,0
DA:110,4
DA:111,4
DA:112,4
DA:113,4
DA:115,0
DA:117,0
DA:118,0
DA:124,1
DA:125,1
DA:126,1
DA:127,0
DA:128,0
DA:131,1
DA:132,1
DA:134,1
DA:136,1
DA:137,1
DA:139,0
DA:140,0
DA:146,1
DA:147,1
DA:148,1
DA:150,1
DA:152,0
DA:153,0
DA:159,1
DA:160,1
DA:161,1
DA:162,1
DA:163,1
DA:166,0
DA:172,2
DA:174,2
DA:175,1
DA:176,1
DA:177,1
DA:178,1
DA:179,1
DA:190,1
DA:192,1
DA:202,0
DA:203,0
DA:204,0
LF:80
LH:59
BRDA:27,0,0,1
BRDA:27,0,1,0
BRDA:35,1,0,0
BRDA:35,1,1,2
BRDA:53,2,0,6
BRDA:53,2,1,0
BRDA:87,3,0,0
BRDA:87,3,1,2
BRDA:112,4,0,4
BRDA:112,4,1,0
BRDA:126,5,0,0
BRDA:126,5,1,1
BRDA:158,6,0,1
BRDA:161,7,0,1
BRDA:161,7,1,0
BRDA:161,8,0,1
BRDA:161,8,1,1
BRDA:174,9,0,1
BRDA:174,9,1,1
BRDA:177,10,0,1
BRDA:177,10,1,0
BRDA:194,11,0,1
BRDA:194,11,1,0
BRDA:195,12,0,1
BRDA:195,12,1,0
BRDA:202,13,0,0
BRDA:202,13,1,0
BRF:27
BRH:15
end_of_record
TN:
SF:utils\performance.ts
FN:22,(anonymous_0)
FN:26,(anonymous_1)
FN:33,(anonymous_2)
FN:46,(anonymous_3)
FN:58,(anonymous_4)
FN:77,(anonymous_5)
FN:90,(anonymous_6)
FN:93,(anonymous_7)
FN:94,(anonymous_8)
FN:110,(anonymous_9)
FN:113,(anonymous_10)
FN:114,(anonymous_11)
FN:131,(anonymous_12)
FN:133,(anonymous_13)
FN:134,(anonymous_14)
FN:138,(anonymous_15)
FN:143,(anonymous_16)
FN:154,(anonymous_17)
FN:157,(anonymous_18)
FN:165,(anonymous_19)
FN:168,(anonymous_20)
FNF:21
FNH:20
FNDA:1,(anonymous_0)
FNDA:5,(anonymous_1)
FNDA:1,(anonymous_2)
FNDA:0,(anonymous_3)
FNDA:5,(anonymous_4)
FNDA:3,(anonymous_5)
FNDA:3,(anonymous_6)
FNDA:7,(anonymous_7)
FNDA:4,(anonymous_8)
FNDA:3,(anonymous_9)
FNDA:5,(anonymous_10)
FNDA:2,(anonymous_11)
FNDA:1,(anonymous_12)
FNDA:3,(anonymous_13)
FNDA:2,(anonymous_14)
FNDA:13,(anonymous_15)
FNDA:1,(anonymous_16)
FNDA:2,(anonymous_17)
FNDA:1,(anonymous_18)
FNDA:2,(anonymous_19)
FNDA:1,(anonymous_20)
DA:18,1
DA:19,1
DA:20,1
DA:23,1
DA:27,5
DA:28,1
DA:30,5
DA:34,1
DA:36,1
DA:38,1
DA:39,1
DA:42,0
DA:47,0
DA:48,0
DA:59,5
DA:60,1
DA:61,1
DA:64,4
DA:65,4
DA:66,4
DA:68,4
DA:78,3
DA:80,3
DA:91,3
DA:93,7
DA:94,3
DA:95,4
DA:98,3
DA:111,3
DA:113,5
DA:114,3
DA:115,2
DA:118,3
DA:132,1
DA:133,3
DA:134,2
DA:139,13
DA:144,1
DA:154,1
DA:155,2
DA:157,2
DA:158,1
DA:161,2
DA:165,1
DA:166,2
DA:168,2
DA:169,1
DA:172,2
LF:48
LH:45
BRDA:27,0,0,1
BRDA:27,0,1,4
BRDA:34,1,0,0
BRDA:34,1,1,1
BRDA:38,2,0,1
BRDA:38,2,1,0
BRDA:47,3,0,0
BRDA:47,3,1,0
BRDA:59,4,0,1
BRDA:59,4,1,4
BRDA:78,5,0,0
BRDA:78,5,1,3
BRDA:91,6,0,0
BRDA:91,6,1,3
BRDA:95,7,0,0
BRDA:95,7,1,4
BRDA:111,8,0,0
BRDA:111,8,1,3
BRDA:115,9,0,0
BRDA:115,9,1,2
BRF:20
BRH:11
end_of_record
TN:
SF:utils\pushToken.ts
FN:6,registerForPushNotificationsAsync
FNF:1
FNH:0
FNDA:0,registerForPushNotificationsAsync
DA:7,0
DA:8,0
DA:9,0
DA:10,0
DA:13,0
DA:14,0
DA:16,0
DA:17,0
DA:18,0
DA:21,0
DA:22,0
DA:23,0
DA:26,0
DA:27,0
DA:29,0
DA:41,0
DA:42,0
DA:50,0
DA:52,0
LF:19
LH:0
BRDA:8,0,0,0
BRDA:8,0,1,0
BRDA:16,1,0,0
BRDA:16,1,1,0
BRDA:21,2,0,0
BRDA:21,2,1,0
BRDA:37,3,0,0
BRDA:37,3,1,0
BRDA:41,4,0,0
BRDA:41,4,1,0
BRF:10
BRH:0
end_of_record
