TN:
SF:components\cart\cartErrors.ts
FN:19,classifyCartError
FNF:1
FNH:1
FNDA:15,classifyCartError
DA:20,15
DA:22,13
DA:23,13
DA:24,13
DA:26,13
DA:27,11
DA:29,10
DA:30,9
DA:31,8
DA:34,7
DA:40,4
DA:43,3
DA:45,3
LF:13
LH:13
BRDA:20,0,0,2
BRDA:20,0,1,13
BRDA:24,1,0,13
BRDA:24,1,1,7
BRDA:24,1,2,0
BRDA:26,2,0,2
BRDA:26,2,1,11
BRDA:26,3,0,13
BRDA:26,3,1,12
BRDA:27,4,0,1
BRDA:27,4,1,10
BRDA:29,5,0,9
BRDA:29,5,1,1
BRDA:30,6,0,1
BRDA:30,6,1,8
BRDA:31,7,0,2
BRDA:31,7,1,6
BRDA:34,8,0,4
BRDA:34,8,1,3
BRDA:35,9,0,7
BRDA:35,9,1,6
BRDA:35,9,2,5
BRDA:35,9,3,4
BRDA:35,9,4,4
BRDA:35,9,5,3
BRDA:43,10,0,0
BRDA:43,10,1,3
BRF:27
BRH:25
end_of_record
TN:
SF:components\cart\cartFeedback.ts
FN:46,(anonymous_0)
FN:51,setCartTarget
FN:55,getCartTarget
FN:61,subscribeFlights
FN:63,(anonymous_4)
FN:71,flyToCart
FN:83,(anonymous_6)
FN:94,subscribeBump
FN:96,(anonymous_8)
FN:100,bumpCartBadge
FN:101,(anonymous_10)
FN:112,subscribeConfirmations
FN:114,(anonymous_12)
FN:117,showCartConfirmation
FN:122,(anonymous_14)
FN:132,__resetCartFeedback
FNF:16
FNH:14
FNDA:6,(anonymous_0)
FNDA:6,setCartTarget
FNDA:2,getCartTarget
FNDA:8,subscribeFlights
FNDA:1,(anonymous_4)
FNDA:8,flyToCart
FNDA:7,(anonymous_6)
FNDA:1,subscribeBump
FNDA:0,(anonymous_8)
FNDA:2,bumpCartBadge
FNDA:2,(anonymous_10)
FNDA:1,subscribeConfirmations
FNDA:0,(anonymous_12)
FNDA:1,showCartConfirmation
FNDA:1,(anonymous_14)
FNDA:9,__resetCartFeedback
DA:38,1
DA:39,1
DA:40,1
DA:43,1
DA:45,1
DA:46,6
DA:52,6
DA:56,2
DA:62,8
DA:63,8
DA:72,8
DA:73,7
DA:74,7
DA:75,6
DA:77,5
DA:83,5
DA:84,7
DA:85,7
DA:95,1
DA:96,1
DA:101,2
DA:102,2
DA:103,2
DA:113,1
DA:114,1
DA:120,1
DA:121,1
DA:122,1
DA:123,1
DA:124,1
DA:133,9
DA:134,9
DA:135,9
DA:136,9
LF:34
LH:34
BRDA:72,0,0,1
BRDA:72,0,1,7
BRDA:74,1,0,1
BRDA:74,1,1,6
BRDA:75,2,0,1
BRDA:75,2,1,5
BRDA:79,3,0,5
BRDA:79,3,1,4
BRDA:120,4,0,0
BRDA:120,4,1,1
BRF:10
BRH:9
end_of_record
TN:
SF:components\ui\kit\priceDisplay.ts
FN:35,shouldShowOriginal
FN:65,shouldShowDiscountBadge
FNF:2
FNH:2
FNDA:18,shouldShowOriginal
FNDA:10,shouldShowDiscountBadge
DA:45,18
DA:47,18
DA:49,15
DA:50,10
DA:53,5
DA:66,10
LF:6
LH:6
BRDA:47,0,0,3
BRDA:47,0,1,15
BRDA:49,1,0,10
BRDA:49,1,1,5
BRDA:49,2,0,15
BRDA:49,2,1,11
BRDA:66,3,0,10
BRDA:66,3,1,8
BRF:8
BRH:8
end_of_record
TN:
SF:domain\pricing\pricing.engine.ts
FN:14,resolvePrice
FN:33,resolveFromPrice
FN:74,(anonymous_2)
FN:75,(anonymous_3)
FN:76,(anonymous_4)
FN:77,(anonymous_5)
FN:98,resolveVariant
FN:136,resolveSimple
FN:184,getDisplayPrice
FN:200,(anonymous_9)
FN:201,(anonymous_10)
FN:202,(anonymous_11)
FN:221,withDiscount
FN:257,localFallback
FN:293,(anonymous_14)
FNF:15
FNH:15
FNDA:9,resolvePrice
FNDA:3,resolveFromPrice
FNDA:4,(anonymous_2)
FNDA:3,(anonymous_3)
FNDA:3,(anonymous_4)
FNDA:1,(anonymous_5)
FNDA:5,resolveVariant
FNDA:4,resolveSimple
FNDA:4,getDisplayPrice
FNDA:3,(anonymous_9)
FNDA:2,(anonymous_10)
FNDA:2,(anonymous_11)
FNDA:6,withDiscount
FNDA:5,localFallback
FNDA:10,(anonymous_14)
DA:19,9
DA:20,9
DA:22,9
DA:23,5
DA:24,3
DA:26,2
DA:29,4
DA:43,3
DA:45,3
DA:49,3
DA:50,1
DA:52,1
DA:55,1
DA:73,2
DA:74,4
DA:75,3
DA:76,3
DA:77,1
DA:79,2
DA:80,2
DA:81,1
DA:85,1
DA:99,5
DA:101,5
DA:102,3
DA:103,3
DA:104,3
DA:123,2
DA:137,4
DA:138,4
DA:143,4
DA:147,4
DA:148,2
DA:150,2
DA:153,2
DA:168,2
DA:185,4
DA:186,4
DA:188,4
DA:189,2
DA:192,2
DA:196,2
DA:198,2
DA:199,1
DA:200,3
DA:201,2
DA:202,2
DA:203,1
DA:206,2
DA:209,2
DA:211,2
DA:215,2
DA:216,2
DA:231,6
DA:234,6
DA:239,6
DA:245,6
DA:267,5
DA:269,5
DA:270,5
DA:271,5
DA:273,5
DA:274,1
DA:277,5
DA:278,5
DA:279,5
DA:281,5
DA:293,10
LF:68
LH:68
BRDA:17,0,0,9
BRDA:19,1,0,9
BRDA:19,1,1,0
BRDA:22,2,0,5
BRDA:22,2,1,4
BRDA:23,3,0,3
BRDA:23,3,1,2
BRDA:43,4,0,3
BRDA:43,4,1,0
BRDA:45,5,0,3
BRDA:45,5,1,3
BRDA:45,5,2,2
BRDA:49,6,0,1
BRDA:49,6,1,2
BRDA:49,7,0,3
BRDA:49,7,1,1
BRDA:52,8,0,1
BRDA:52,8,1,1
BRDA:52,8,2,1
BRDA:57,9,0,1
BRDA:57,9,1,0
BRDA:65,10,0,1
BRDA:65,10,1,1
BRDA:80,11,0,1
BRDA:80,11,1,1
BRDA:86,12,0,1
BRDA:86,12,1,0
BRDA:87,13,0,1
BRDA:87,13,1,1
BRDA:88,14,0,1
BRDA:88,14,1,1
BRDA:89,15,0,1
BRDA:89,15,1,1
BRDA:90,16,0,1
BRDA:90,16,1,1
BRDA:98,17,0,0
BRDA:99,18,0,5
BRDA:99,18,1,0
BRDA:99,18,2,0
BRDA:101,19,0,3
BRDA:101,19,1,2
BRDA:101,20,0,5
BRDA:101,20,1,5
BRDA:103,21,0,3
BRDA:103,21,1,3
BRDA:103,21,2,3
BRDA:116,22,0,3
BRDA:116,22,1,3
BRDA:117,23,0,3
BRDA:117,23,1,3
BRDA:125,24,0,2
BRDA:125,24,1,1
BRDA:126,25,0,2
BRDA:126,25,1,1
BRDA:136,26,0,0
BRDA:137,27,0,4
BRDA:137,27,1,0
BRDA:138,28,0,4
BRDA:138,28,1,0
BRDA:143,29,0,4
BRDA:143,29,1,4
BRDA:143,29,2,2
BRDA:147,30,0,2
BRDA:147,30,1,2
BRDA:147,31,0,4
BRDA:147,31,1,2
BRDA:150,32,0,2
BRDA:150,32,1,1
BRDA:150,32,2,1
BRDA:162,33,0,2
BRDA:162,33,1,1
BRDA:170,34,0,2
BRDA:170,34,1,0
BRDA:171,35,0,2
BRDA:171,35,1,0
BRDA:172,36,0,2
BRDA:172,36,1,1
BRDA:173,37,0,2
BRDA:173,37,1,2
BRDA:185,38,0,4
BRDA:185,38,1,0
BRDA:188,39,0,2
BRDA:188,39,1,2
BRDA:189,40,0,2
BRDA:189,40,1,0
BRDA:192,41,0,2
BRDA:192,41,1,2
BRDA:192,41,2,1
BRDA:192,41,3,1
BRDA:196,42,0,1
BRDA:196,42,1,1
BRDA:196,43,0,1
BRDA:196,43,1,1
BRDA:198,44,0,1
BRDA:198,44,1,1
BRDA:201,45,0,2
BRDA:201,45,1,0
BRDA:201,45,2,0
BRDA:201,45,3,0
BRDA:203,46,0,1
BRDA:203,46,1,0
BRDA:209,47,0,2
BRDA:209,47,1,0
BRDA:211,48,0,2
BRDA:211,48,1,2
BRDA:211,48,2,1
BRDA:211,48,3,1
BRDA:215,49,0,1
BRDA:215,49,1,1
BRDA:215,50,0,1
BRDA:215,50,1,0
BRDA:234,51,0,1
BRDA:234,51,1,5
BRDA:234,52,0,6
BRDA:234,52,1,3
BRDA:239,53,0,1
BRDA:239,53,1,5
BRDA:239,54,0,6
BRDA:239,54,1,1
BRDA:241,55,0,0
BRDA:241,55,1,5
BRDA:241,56,0,5
BRDA:241,56,1,5
BRDA:251,57,0,6
BRDA:251,57,1,5
BRDA:252,58,0,1
BRDA:252,58,1,5
BRDA:271,59,0,0
BRDA:271,59,1,5
BRDA:271,60,0,5
BRDA:271,60,1,0
BRDA:273,61,0,1
BRDA:273,61,1,4
BRDA:273,62,0,5
BRDA:273,62,1,1
BRDA:273,62,2,1
BRDA:279,63,0,1
BRDA:279,63,1,4
BRDA:279,64,0,5
BRDA:279,64,1,4
BRDA:288,65,0,1
BRDA:288,65,1,4
BRDA:293,66,0,10
BRDA:293,66,1,2
BRF:144
BRH:121
end_of_record
TN:
SF:domain\product\product.normalize.ts
FN:111,asString
FN:115,asBool
FN:119,asNum
FN:140,asLegacyNumericPrice
FN:144,asOptBool
FN:148,asStringArray
FN:150,(anonymous_6)
FN:153,normalizeVariantAttributes
FN:191,passthroughMoney
FN:206,passthroughEnvelope
FN:218,normalizeVariant
FN:252,normalizeAttrDef
FN:275,normalizeProduct
FN:299,(anonymous_13)
FN:402,passthroughCurrencyMeta
FNF:15
FNH:15
FNDA:1118,asString
FNDA:99,asBool
FNDA:1836,asNum
FNDA:27,asLegacyNumericPrice
FNDA:87,asOptBool
FNDA:139,asStringArray
FNDA:112,(anonymous_6)
FNDA:40,normalizeVariantAttributes
FNDA:212,passthroughMoney
FNDA:98,passthroughEnvelope
FNDA:40,normalizeVariant
FNDA:41,normalizeAttrDef
FNDA:58,normalizeProduct
FNDA:40,(anonymous_13)
FNDA:58,passthroughCurrencyMeta
DA:112,1118
DA:116,99
DA:127,1836
DA:128,407
DA:129,407
DA:130,407
DA:141,27
DA:145,87
DA:149,139
DA:150,112
DA:154,40
DA:156,39
DA:159,39
DA:160,9
DA:161,12
DA:162,7
DA:165,7
DA:167,7
DA:168,5
DA:169,2
DA:170,2
DA:171,2
DA:174,9
DA:177,30
DA:179,29
DA:180,29
DA:181,29
DA:182,29
DA:183,29
DA:185,29
DA:188,1
DA:192,212
DA:193,145
DA:194,145
DA:207,98
DA:208,53
DA:223,40
DA:224,40
DA:253,41
DA:276,58
DA:281,58
DA:282,58
DA:284,58
DA:286,58
DA:293,58
DA:298,58
DA:299,58
DA:302,58
DA:305,58
DA:306,58
DA:312,58
DA:317,58
DA:318,58
DA:320,58
DA:322,58
DA:324,58
DA:403,58
DA:404,21
DA:405,21
LF:59
LH:59
BRDA:112,0,0,783
BRDA:112,0,1,335
BRDA:112,1,0,335
BRDA:112,1,1,0
BRDA:115,2,0,58
BRDA:116,3,0,48
BRDA:116,3,1,51
BRDA:127,4,0,1429
BRDA:127,4,1,407
BRDA:127,5,0,1836
BRDA:127,5,1,1677
BRDA:127,5,2,407
BRDA:128,6,0,0
BRDA:128,6,1,407
BRDA:128,7,0,407
BRDA:128,7,1,407
BRDA:130,8,0,407
BRDA:130,8,1,0
BRDA:141,9,0,4
BRDA:141,9,1,23
BRDA:141,10,0,27
BRDA:141,10,1,4
BRDA:145,11,0,32
BRDA:145,11,1,55
BRDA:149,12,0,31
BRDA:149,12,1,108
BRDA:154,13,0,1
BRDA:154,13,1,39
BRDA:159,14,0,9
BRDA:159,14,1,30
BRDA:161,15,0,7
BRDA:161,15,1,5
BRDA:161,16,0,12
BRDA:161,16,1,11
BRDA:162,17,0,7
BRDA:162,17,1,3
BRDA:162,17,2,2
BRDA:165,18,0,7
BRDA:165,18,1,4
BRDA:165,18,2,3
BRDA:165,18,3,2
BRDA:167,19,0,5
BRDA:167,19,1,2
BRDA:167,20,0,7
BRDA:167,20,1,6
BRDA:168,21,0,2
BRDA:168,21,1,3
BRDA:168,22,0,5
BRDA:168,22,1,3
BRDA:168,22,2,3
BRDA:171,23,0,2
BRDA:171,23,1,0
BRDA:171,24,0,2
BRDA:171,24,1,2
BRDA:177,25,0,29
BRDA:177,25,1,1
BRDA:179,26,0,2
BRDA:179,26,1,27
BRDA:183,27,0,29
BRDA:183,27,1,0
BRDA:183,28,0,29
BRDA:183,28,1,29
BRDA:192,29,0,67
BRDA:192,29,1,145
BRDA:192,30,0,212
BRDA:192,30,1,145
BRDA:193,31,0,0
BRDA:193,31,1,145
BRDA:193,32,0,145
BRDA:193,32,1,145
BRDA:197,33,0,145
BRDA:197,33,1,0
BRDA:198,34,0,145
BRDA:198,34,1,0
BRDA:199,35,0,145
BRDA:199,35,1,0
BRDA:200,36,0,145
BRDA:200,36,1,0
BRDA:201,37,0,145
BRDA:201,37,1,0
BRDA:202,38,0,145
BRDA:202,38,1,0
BRDA:207,39,0,45
BRDA:207,39,1,53
BRDA:207,40,0,98
BRDA:207,40,1,61
BRDA:213,41,0,52
BRDA:213,41,1,1
BRDA:214,42,0,53
BRDA:214,42,1,0
BRDA:223,43,0,40
BRDA:223,43,1,29
BRDA:228,44,0,40
BRDA:228,44,1,0
BRDA:229,45,0,15
BRDA:229,45,1,25
BRDA:229,46,0,25
BRDA:229,46,1,0
BRDA:231,47,0,40
BRDA:231,47,1,19
BRDA:232,48,0,40
BRDA:232,48,1,19
BRDA:233,49,0,40
BRDA:233,49,1,19
BRDA:235,50,0,40
BRDA:235,50,1,19
BRDA:236,51,0,40
BRDA:236,51,1,19
BRDA:237,52,0,40
BRDA:237,52,1,19
BRDA:238,53,0,40
BRDA:238,53,1,19
BRDA:239,54,0,40
BRDA:239,54,1,19
BRDA:240,55,0,40
BRDA:240,55,1,19
BRDA:241,56,0,21
BRDA:241,56,1,19
BRDA:243,57,0,40
BRDA:243,57,1,40
BRDA:244,58,0,40
BRDA:244,58,1,40
BRDA:245,59,0,40
BRDA:245,59,1,40
BRDA:246,60,0,40
BRDA:246,60,1,0
BRDA:248,61,0,0
BRDA:248,61,1,40
BRDA:281,62,0,58
BRDA:281,62,1,23
BRDA:284,63,0,58
BRDA:284,63,1,23
BRDA:284,64,0,25
BRDA:284,64,1,33
BRDA:286,65,0,58
BRDA:286,65,1,48
BRDA:286,65,2,37
BRDA:286,66,0,10
BRDA:286,66,1,48
BRDA:286,67,0,58
BRDA:286,67,1,10
BRDA:293,68,0,25
BRDA:293,68,1,33
BRDA:295,69,0,23
BRDA:295,69,1,10
BRDA:299,70,0,52
BRDA:299,70,1,6
BRDA:302,71,0,58
BRDA:302,71,1,45
BRDA:305,72,0,58
BRDA:305,72,1,35
BRDA:306,73,0,58
BRDA:306,73,1,35
BRDA:312,74,0,58
BRDA:312,74,1,27
BRDA:312,74,2,23
BRDA:312,74,3,23
BRDA:317,75,0,58
BRDA:317,75,1,28
BRDA:317,75,2,28
BRDA:318,76,0,58
BRDA:318,76,1,55
BRDA:318,76,2,51
BRDA:320,77,0,58
BRDA:320,77,1,55
BRDA:320,77,2,51
BRDA:322,78,0,58
BRDA:322,78,1,58
BRDA:322,78,2,58
BRDA:328,79,0,0
BRDA:328,79,1,58
BRDA:329,80,0,0
BRDA:329,80,1,58
BRDA:330,81,0,0
BRDA:330,81,1,58
BRDA:335,82,0,30
BRDA:335,82,1,28
BRDA:342,83,0,40
BRDA:342,83,1,18
BRDA:342,84,0,18
BRDA:342,84,1,11
BRDA:343,85,0,40
BRDA:343,85,1,18
BRDA:344,86,0,40
BRDA:344,86,1,18
BRDA:345,87,0,40
BRDA:345,87,1,18
BRDA:346,88,0,40
BRDA:346,88,1,18
BRDA:347,89,0,40
BRDA:347,89,1,18
BRDA:352,90,0,58
BRDA:352,90,1,58
BRDA:365,91,0,58
BRDA:365,91,1,58
BRDA:376,92,0,58
BRDA:376,92,1,58
BRDA:377,93,0,58
BRDA:377,93,1,58
BRDA:383,94,0,58
BRDA:383,94,1,28
BRDA:383,94,2,27
BRDA:383,94,3,27
BRDA:387,95,0,58
BRDA:387,95,1,29
BRDA:388,96,0,58
BRDA:388,96,1,30
BRDA:392,97,0,58
BRDA:392,97,1,37
BRDA:392,97,2,37
BRDA:393,98,0,58
BRDA:393,98,1,33
BRDA:393,98,2,30
BRDA:394,99,0,58
BRDA:394,99,1,37
BRDA:403,100,0,37
BRDA:403,100,1,21
BRDA:403,101,0,58
BRDA:403,101,1,21
BRDA:404,102,0,0
BRDA:404,102,1,21
BRDA:407,103,0,21
BRDA:407,103,1,0
BRDA:408,104,0,21
BRDA:408,104,1,0
BRDA:409,105,0,21
BRDA:409,105,1,0
BRF:227
BRH:203
end_of_record
TN:
SF:store\addressStore.ts
FN:14,(anonymous_0)
FN:19,(anonymous_1)
FN:127,(anonymous_2)
FN:159,(anonymous_3)
FN:167,(anonymous_4)
FN:173,(anonymous_5)
FN:206,(anonymous_6)
FN:219,(anonymous_7)
FN:225,(anonymous_8)
FN:238,(anonymous_9)
FN:257,(anonymous_10)
FN:272,(anonymous_11)
FN:276,(anonymous_12)
FN:281,(anonymous_13)
FN:299,(anonymous_14)
FN:304,(anonymous_15)
FN:317,(anonymous_16)
FN:317,(anonymous_17)
FN:320,(anonymous_18)
FNF:19
FNH:17
FNDA:5,(anonymous_0)
FNDA:30,(anonymous_1)
FNDA:6,(anonymous_2)
FNDA:1,(anonymous_3)
FNDA:5,(anonymous_4)
FNDA:4,(anonymous_5)
FNDA:4,(anonymous_6)
FNDA:3,(anonymous_7)
FNDA:1,(anonymous_8)
FNDA:3,(anonymous_9)
FNDA:2,(anonymous_10)
FNDA:2,(anonymous_11)
FNDA:2,(anonymous_12)
FNDA:2,(anonymous_13)
FNDA:2,(anonymous_14)
FNDA:2,(anonymous_15)
FNDA:0,(anonymous_16)
FNDA:0,(anonymous_17)
FNDA:1,(anonymous_18)
DA:14,1
DA:15,5
DA:16,0
DA:18,5
DA:19,30
DA:127,1
DA:152,6
DA:154,6
DA:159,1
DA:168,5
DA:169,5
DA:171,4
DA:173,4
DA:174,4
DA:175,4
DA:177,3
DA:179,3
DA:185,3
DA:187,1
DA:189,1
DA:194,1
DA:196,4
DA:200,4
DA:202,4
DA:207,4
DA:209,4
DA:210,4
DA:212,3
DA:213,3
DA:217,3
DA:218,3
DA:219,3
DA:224,3
DA:225,1
DA:228,3
DA:230,3
DA:232,1
DA:233,1
DA:243,3
DA:244,1
DA:245,1
DA:248,2
DA:250,2
DA:251,2
DA:253,1
DA:254,1
DA:256,1
DA:258,2
DA:259,1
DA:264,1
DA:266,1
DA:267,1
DA:273,2
DA:275,2
DA:276,2
DA:278,2
DA:280,1
DA:281,2
DA:287,1
DA:288,1
DA:291,1
DA:293,1
DA:294,1
DA:300,2
DA:303,2
DA:304,2
DA:308,2
DA:309,2
DA:310,1
DA:312,1
DA:313,1
DA:317,0
DA:320,1
LF:73
LH:71
BRDA:15,0,0,0
BRDA:15,0,1,5
BRDA:15,1,0,5
BRDA:15,1,1,0
BRDA:16,2,0,0
BRDA:16,2,1,0
BRDA:19,3,0,30
BRDA:19,3,1,0
BRDA:169,4,0,1
BRDA:169,4,1,4
BRDA:169,5,0,5
BRDA:169,5,1,1
BRDA:177,6,0,3
BRDA:177,6,1,0
BRDA:187,7,0,1
BRDA:187,7,1,1
BRDA:213,8,0,3
BRDA:213,8,1,0
BRDA:219,9,0,3
BRDA:219,9,1,2
BRDA:224,10,0,3
BRDA:224,10,1,0
BRDA:243,11,0,1
BRDA:243,11,1,2
BRDA:243,12,0,3
BRDA:243,12,1,1
BRDA:244,13,0,1
BRDA:244,13,1,0
BRDA:254,14,0,1
BRDA:254,14,1,0
BRDA:258,15,0,1
BRDA:258,15,1,1
BRDA:259,16,0,1
BRDA:259,16,1,0
BRDA:287,17,0,1
BRDA:287,17,1,0
BRDA:317,18,0,0
BRDA:317,18,1,0
BRF:38
BRH:24
end_of_record
TN:
SF:store\orderStore.ts
FN:71,(anonymous_0)
FN:90,(anonymous_1)
FN:97,(anonymous_2)
FN:115,(anonymous_3)
FN:128,(anonymous_4)
FN:138,(anonymous_5)
FN:150,(anonymous_6)
FN:152,(anonymous_7)
FNF:8
FNH:8
FNDA:3,(anonymous_0)
FNDA:1,(anonymous_1)
FNDA:3,(anonymous_2)
FNDA:2,(anonymous_3)
FNDA:3,(anonymous_4)
FNDA:2,(anonymous_5)
FNDA:1,(anonymous_6)
FNDA:1,(anonymous_7)
DA:71,3
DA:90,1
DA:98,3
DA:99,3
DA:100,3
DA:105,2
DA:106,2
DA:109,2
DA:111,1
DA:116,2
DA:117,2
DA:118,2
DA:119,1
DA:120,1
DA:121,1
DA:123,1
DA:124,1
DA:129,3
DA:130,3
DA:131,3
DA:132,3
DA:133,1
DA:135,3
DA:136,3
DA:137,2
DA:138,2
DA:143,2
DA:145,1
DA:146,1
DA:150,1
DA:153,1
LF:31
LH:31
BRDA:105,0,0,2
BRDA:105,0,1,2
BRDA:106,1,0,1
BRDA:106,1,1,1
BRDA:108,2,0,1
BRDA:108,2,1,0
BRDA:119,3,0,1
BRDA:119,3,1,0
BRDA:119,3,2,0
BRDA:132,4,0,1
BRDA:132,4,1,2
BRDA:137,5,0,2
BRDA:137,5,1,2
BRDA:137,5,2,2
BRDA:139,6,0,2
BRDA:139,6,1,0
BRDA:140,7,0,2
BRDA:140,7,1,0
BRF:18
BRH:13
end_of_record
TN:
SF:utils\apiError.ts
FN:24,(anonymous_0)
FN:29,classifyError
FN:113,describeError
FNF:3
FNH:3
FNDA:11,(anonymous_0)
FNDA:18,classifyError
FNDA:8,describeError
DA:24,3
DA:25,11
DA:26,11
DA:30,18
DA:31,18
DA:33,18
DA:34,18
DA:37,18
DA:38,6
DA:39,1
DA:45,5
DA:52,12
DA:53,2
DA:62,10
DA:63,1
DA:72,9
DA:74,5
DA:83,4
DA:84,1
DA:93,3
DA:94,2
DA:103,1
DA:114,8
LF:23
LH:23
BRDA:26,0,0,0
BRDA:26,0,1,11
BRDA:26,1,0,11
BRDA:26,1,1,11
BRDA:33,2,0,18
BRDA:33,2,1,13
BRDA:33,2,2,13
BRDA:37,3,0,6
BRDA:37,3,1,12
BRDA:38,4,0,1
BRDA:38,4,1,5
BRDA:38,5,0,6
BRDA:38,5,1,5
BRDA:38,6,0,5
BRDA:38,6,1,0
BRDA:52,7,0,2
BRDA:52,7,1,10
BRDA:52,8,0,12
BRDA:52,8,1,11
BRDA:62,9,0,1
BRDA:62,9,1,9
BRDA:66,10,0,1
BRDA:66,10,1,0
BRDA:72,11,0,5
BRDA:72,11,1,4
BRDA:72,12,0,9
BRDA:72,12,1,4
BRDA:77,13,0,5
BRDA:77,13,1,0
BRDA:83,14,0,1
BRDA:83,14,1,3
BRDA:93,15,0,2
BRDA:93,15,1,1
BRDA:93,16,0,3
BRDA:93,16,1,3
BRDA:106,17,0,1
BRDA:106,17,1,0
BRF:37
BRH:32
end_of_record
TN:
SF:utils\computePricing.ts
FN:32,(anonymous_0)
FN:37,computePricing
FN:43,(anonymous_2)
FNF:3
FNH:3
FNDA:46,(anonymous_0)
FNDA:10,computePricing
FNDA:12,(anonymous_2)
DA:32,1
DA:33,46
DA:34,46
DA:42,10
DA:43,12
DA:47,10
DA:48,10
DA:50,10
DA:53,10
DA:57,10
DA:59,10
LF:11
LH:11
BRDA:32,0,0,46
BRDA:34,1,0,35
BRDA:34,1,1,11
BRDA:42,2,0,10
BRDA:42,2,1,0
BRDA:48,3,0,6
BRDA:48,3,1,4
BRDA:53,4,0,2
BRDA:53,4,1,8
BRDA:53,5,0,10
BRDA:53,5,1,2
BRF:11
BRH:10
end_of_record
TN:
SF:utils\orderLinePricing.ts
FN:70,asAmount
FN:81,resolveOrderLinePricing
FNF:2
FNH:2
FNDA:79,asAmount
FNDA:13,resolveOrderLinePricing
DA:71,79
DA:82,13
DA:87,13
DA:90,13
DA:91,13
DA:97,13
DA:100,13
DA:102,13
LF:8
LH:8
BRDA:71,0,0,34
BRDA:71,0,1,45
BRDA:71,1,0,79
BRDA:71,1,1,36
BRDA:82,2,0,13
BRDA:82,2,1,4
BRDA:82,2,2,3
BRDA:87,3,0,13
BRDA:87,3,1,6
BRDA:87,3,2,5
BRDA:90,4,0,13
BRDA:90,4,1,7
BRDA:90,4,2,6
BRDA:91,5,0,13
BRDA:91,5,1,7
BRDA:97,6,0,13
BRDA:97,6,1,8
BRDA:97,6,2,7
BRF:18
BRH:18
end_of_record
TN:
SF:utils\performance.ts
FN:35,markTapStart
FN:50,markNavigationCall
FN:68,markScreenMount
FN:86,markFetchStart
FN:103,markFetchEnd
FN:120,markContentReady
FN:137,(anonymous_6)
FN:145,getNavigationTiming
FN:155,(anonymous_8)
FN:159,(anonymous_9)
FN:166,(anonymous_10)
FN:180,(anonymous_11)
FN:199,(anonymous_12)
FN:212,(anonymous_13)
FN:215,(anonymous_14)
FN:216,(anonymous_15)
FN:232,(anonymous_16)
FN:235,(anonymous_17)
FN:236,(anonymous_18)
FN:253,(anonymous_19)
FN:255,(anonymous_20)
FN:256,(anonymous_21)
FN:260,(anonymous_22)
FN:266,(anonymous_23)
FN:271,(anonymous_24)
FN:282,(anonymous_25)
FN:285,(anonymous_26)
FN:293,(anonymous_27)
FN:296,(anonymous_28)
FNF:29
FNH:27
FNDA:4,markTapStart
FNDA:3,markNavigationCall
FNDA:3,markScreenMount
FNDA:3,markFetchStart
FNDA:4,markFetchEnd
FNDA:3,markContentReady
FNDA:2,(anonymous_6)
FNDA:6,getNavigationTiming
FNDA:1,(anonymous_8)
FNDA:5,(anonymous_9)
FNDA:1,(anonymous_10)
FNDA:5,(anonymous_11)
FNDA:4,(anonymous_12)
FNDA:4,(anonymous_13)
FNDA:2,(anonymous_14)
FNDA:0,(anonymous_15)
FNDA:5,(anonymous_16)
FNDA:2,(anonymous_17)
FNDA:0,(anonymous_18)
FNDA:1,(anonymous_19)
FNDA:1,(anonymous_20)
FNDA:1,(anonymous_21)
FNDA:13,(anonymous_22)
FNDA:17,(anonymous_23)
FNDA:1,(anonymous_24)
FNDA:2,(anonymous_25)
FNDA:1,(anonymous_26)
FNDA:2,(anonymous_27)
FNDA:1,(anonymous_28)
DA:30,1
DA:36,4
DA:40,4
DA:42,4
DA:43,4
DA:51,3
DA:52,3
DA:53,2
DA:54,2
DA:56,2
DA:57,2
DA:58,2
DA:59,0
DA:69,3
DA:70,3
DA:71,2
DA:72,2
DA:73,2
DA:77,2
DA:78,2
DA:87,3
DA:88,3
DA:89,2
DA:91,2
DA:92,2
DA:95,2
DA:104,4
DA:105,4
DA:106,3
DA:107,3
DA:111,3
DA:112,3
DA:121,3
DA:122,3
DA:123,2
DA:124,2
DA:126,2
DA:127,2
DA:128,2
DA:129,2
DA:130,2
DA:131,2
DA:132,2
DA:133,2
DA:134,2
DA:137,2
DA:146,6
DA:151,1
DA:152,1
DA:153,1
DA:156,1
DA:160,5
DA:161,1
DA:163,5
DA:167,1
DA:169,1
DA:171,1
DA:172,1
DA:175,0
DA:181,5
DA:182,1
DA:183,1
DA:186,4
DA:187,4
DA:188,4
DA:190,4
DA:200,4
DA:202,3
DA:213,4
DA:215,2
DA:216,2
DA:217,0
DA:220,2
DA:233,5
DA:235,2
DA:236,2
DA:237,0
DA:240,2
DA:254,1
DA:255,1
DA:256,1
DA:261,13
DA:262,13
DA:267,17
DA:272,1
DA:282,1
DA:283,2
DA:285,2
DA:286,1
DA:289,2
DA:293,1
DA:294,2
DA:296,2
DA:297,1
DA:300,2
LF:95
LH:91
BRDA:42,0,0,4
BRDA:42,0,1,0
BRDA:52,1,0,2
BRDA:52,1,1,1
BRDA:56,2,0,2
BRDA:56,2,1,0
BRDA:58,3,0,0
BRDA:58,3,1,2
BRDA:70,4,0,2
BRDA:70,4,1,1
BRDA:73,5,0,0
BRDA:73,5,1,2
BRDA:77,6,0,2
BRDA:77,6,1,0
BRDA:88,7,0,2
BRDA:88,7,1,1
BRDA:91,8,0,2
BRDA:91,8,1,0
BRDA:92,9,0,0
BRDA:92,9,1,2
BRDA:105,10,0,3
BRDA:105,10,1,1
BRDA:107,11,0,0
BRDA:107,11,1,3
BRDA:111,12,0,3
BRDA:111,12,1,0
BRDA:122,13,0,2
BRDA:122,13,1,1
BRDA:126,14,0,2
BRDA:126,14,1,0
BRDA:131,15,0,2
BRDA:131,15,1,2
BRDA:132,16,0,2
BRDA:132,16,1,2
BRDA:132,17,0,2
BRDA:132,17,1,2
BRDA:133,18,0,2
BRDA:133,18,1,2
BRDA:133,19,0,2
BRDA:133,19,1,2
BRDA:160,20,0,1
BRDA:160,20,1,4
BRDA:167,21,0,0
BRDA:167,21,1,1
BRDA:171,22,0,1
BRDA:171,22,1,0
BRDA:181,23,0,1
BRDA:181,23,1,4
BRDA:200,24,0,1
BRDA:200,24,1,3
BRDA:213,25,0,2
BRDA:213,25,1,2
BRDA:217,26,0,0
BRDA:217,26,1,0
BRDA:233,27,0,3
BRDA:233,27,1,2
BRDA:237,28,0,0
BRDA:237,28,1,0
BRF:58
BRH:42
end_of_record
TN:
SF:utils\phoneValidator.ts
FN:9,normalizePhone
FN:13,digitsOnly
FN:17,isValidPhone
FNF:3
FNH:3
FNDA:23,normalizePhone
FNDA:8,digitsOnly
FNDA:12,isValidPhone
DA:10,23
DA:14,8
DA:18,12
DA:19,12
DA:22,8
DA:25,6
DA:27,6
DA:30,6
DA:32,4
LF:9
LH:9
BRDA:10,0,0,23
BRDA:10,0,1,4
BRDA:19,1,0,4
BRDA:19,1,1,8
BRDA:22,2,0,2
BRDA:22,2,1,6
BRDA:25,3,0,0
BRDA:25,3,1,6
BRDA:30,4,0,2
BRDA:30,4,1,4
BRDA:30,5,0,6
BRDA:30,5,1,5
BRF:12
BRH:11
end_of_record
